<?xml version="1.0" encoding="UTF-8"?>
<!-- Generated by org.testng.reporters.JUnitXMLReporter -->
<testsuite ignored="82" hostname="sqe-IdeaPad-5-15ITL05" failures="1" tests="1" name="Default test" time="10.513" errors="0" timestamp="2022-04-26T13:42:25 IST">
  <testcase classname="TestCases.PerformInspection" name="TC_PIP_18" time="10.35">
    <failure type="org.openqa.selenium.TimeoutException" message="Expected condition failed: waiting for element to be clickable: By.xpath: //div[@class=&amp;apos;case-inspection__attachment__title&amp;apos;]/button (tried for 10 second(s) with 500 MILLISECONDS interval)">
      <![CDATA[org.openqa.selenium.TimeoutException: Expected condition failed: waiting for element to be clickable: By.xpath: //div[@class='case-inspection__attachment__title']/button (tried for 10 second(s) with 500 MILLISECONDS interval)
at org.openqa.selenium.support.ui.WebDriverWait.timeoutException(WebDriverWait.java:80)
at org.openqa.selenium.support.ui.FluentWait.until(FluentWait.java:232)
at CommonMethods.WebDriverWaits.ClickOn(WebDriverWaits.java:37)
at TestCases.PerformInspection.TC_PIP_18(PerformInspection.java:355)
at java.base/jdk.internal.reflect.NativeMethodAccessorImpl.invoke0(Native Method)
at java.base/jdk.internal.reflect.NativeMethodAccessorImpl.invoke(NativeMethodAccessorImpl.java:62)
at java.base/jdk.internal.reflect.DelegatingMethodAccessorImpl.invoke(DelegatingMethodAccessorImpl.java:43)
at java.base/java.lang.reflect.Method.invoke(Method.java:566)
at org.testng.internal.invokers.MethodInvocationHelper.invokeMethod(MethodInvocationHelper.java:135)
at org.testng.internal.invokers.TestInvoker.invokeMethod(TestInvoker.java:673)
at org.testng.internal.invokers.TestInvoker.invokeTestMethod(TestInvoker.java:220)
at org.testng.internal.invokers.MethodRunner.runInSequence(MethodRunner.java:50)
at org.testng.internal.invokers.TestInvoker$MethodInvocationAgent.invoke(TestInvoker.java:945)
at org.testng.internal.invokers.TestInvoker.invokeTestMethods(TestInvoker.java:193)
at org.testng.internal.invokers.TestMethodWorker.invokeTestMethods(TestMethodWorker.java:146)
at org.testng.internal.invokers.TestMethodWorker.run(TestMethodWorker.java:128)
at java.base/java.util.ArrayList.forEach(ArrayList.java:1541)
at org.testng.TestRunner.privateRun(TestRunner.java:808)
at org.testng.TestRunner.run(TestRunner.java:603)
at org.testng.SuiteRunner.runTest(SuiteRunner.java:429)
at org.testng.SuiteRunner.runSequentially(SuiteRunner.java:423)
at org.testng.SuiteRunner.privateRun(SuiteRunner.java:383)
at org.testng.SuiteRunner.run(SuiteRunner.java:326)
at org.testng.SuiteRunnerWorker.runSuite(SuiteRunnerWorker.java:52)
at org.testng.SuiteRunnerWorker.run(SuiteRunnerWorker.java:95)
at org.testng.TestNG.runSuitesSequentially(TestNG.java:1249)
at org.testng.TestNG.runSuitesLocally(TestNG.java:1169)
at org.testng.TestNG.runSuites(TestNG.java:1092)
at org.testng.TestNG.run(TestNG.java:1060)
at org.testng.remote.AbstractRemoteTestNG.run(AbstractRemoteTestNG.java:115)
at org.testng.remote.RemoteTestNG.initAndRun(RemoteTestNG.java:251)
at org.testng.remote.RemoteTestNG.main(RemoteTestNG.java:77)
Caused by: org.openqa.selenium.NoSuchElementException: Cannot locate an element using By.xpath: //div[@class='case-inspection__attachment__title']/button
For documentation on this error, please visit: http://seleniumhq.org/exceptions/no_such_element.html
Build info: version: '3.5.3', revision: 'a88d25fe6b', time: '2017-08-29T12:42:44.417Z'
System info: host: 'sqe-IdeaPad-5-15ITL05', ip: '127.0.1.1', os.name: 'Linux', os.arch: 'amd64', os.version: '5.13.0-40-generic', java.version: '11.0.14.1'
Driver info: driver.version: unknown
at org.openqa.selenium.support.ui.ExpectedConditions.lambda$findElement$0(ExpectedConditions.java:883)
at java.base/java.util.Optional.orElseThrow(Optional.java:408)
at org.openqa.selenium.support.ui.ExpectedConditions.findElement(ExpectedConditions.java:882)
at org.openqa.selenium.support.ui.ExpectedConditions.access$000(ExpectedConditions.java:44)
at org.openqa.selenium.support.ui.ExpectedConditions$7.apply(ExpectedConditions.java:206)
at org.openqa.selenium.support.ui.ExpectedConditions$7.apply(ExpectedConditions.java:202)
at org.openqa.selenium.support.ui.ExpectedConditions$22.apply(ExpectedConditions.java:644)
at org.openqa.selenium.support.ui.ExpectedConditions$22.apply(ExpectedConditions.java:641)
at org.openqa.selenium.support.ui.FluentWait.until(FluentWait.java:209)
... 30 more
]]>
    </failure>
  </testcase> <!-- TC_PIP_18 -->
  <testcase classname="TestCases.CCP" name="TC_CCP_21" time="0.0">
    <ignored/>
  </testcase> <!-- TC_CCP_21 -->
  <testcase classname="TestCases.PerformInspection" name="TC_PIP_10" time="0.0">
    <ignored/>
  </testcase> <!-- TC_PIP_10 -->
  <testcase classname="TestCases.CCP" name="TC_CCP_53" time="0.0">
    <ignored/>
  </testcase> <!-- TC_CCP_53 -->
  <testcase classname="TestCases.CCP" name="TC_CCP_26" time="0.0">
    <ignored/>
  </testcase> <!-- TC_CCP_26 -->
  <testcase classname="TestCases.CCP" name="TC_CCP_58" time="0.0">
    <ignored/>
  </testcase> <!-- TC_CCP_58 -->
  <testcase classname="TestCases.CCP" name="TC_CCP_14" time="0.0">
    <ignored/>
  </testcase> <!-- TC_CCP_14 -->
  <testcase classname="TestCases.CCP" name="TC_CCP_46" time="0.0">
    <ignored/>
  </testcase> <!-- TC_CCP_46 -->
  <testcase classname="TestCases.CCP" name="TC_CCP_02" time="0.0">
    <ignored/>
  </testcase> <!-- TC_CCP_02 -->
  <testcase classname="TestCases.CCP" name="TC_CCP_34" time="0.0">
    <ignored/>
  </testcase> <!-- TC_CCP_34 -->
  <testcase classname="TestCases.PerformInspection" name="TC_PIP_19" time="0.0">
    <ignored/>
  </testcase> <!-- TC_PIP_19 -->
  <testcase classname="TestCases.CCP" name="TC_CCP_18" time="0.0">
    <ignored/>
  </testcase> <!-- TC_CCP_18 -->
  <testcase classname="TestCases.CCP" name="TC_CCP_06" time="0.0">
    <ignored/>
  </testcase> <!-- TC_CCP_06 -->
  <testcase classname="TestCases.CCP" name="TC_CCP_38" time="0.0">
    <ignored/>
  </testcase> <!-- TC_CCP_38 -->
  <testcase classname="TestCases.PerformInspection" name="TC_PIP_13" time="0.0">
    <ignored/>
  </testcase> <!-- TC_PIP_13 -->
  <testcase classname="TestCases.PerformInspection" name="TC_PIP_01" time="0.0">
    <ignored/>
  </testcase> <!-- TC_PIP_01 -->
  <testcase classname="TestCases.PerformInspection" name="TC_PIP_17" time="0.0">
    <ignored/>
  </testcase> <!-- TC_PIP_17 -->
  <testcase classname="TestCases.PerformInspection" name="TC_PIP_05" time="0.0">
    <ignored/>
  </testcase> <!-- TC_PIP_05 -->
  <testcase classname="TestCases.CCP" name="TC_CCP_50" time="0.0">
    <ignored/>
  </testcase> <!-- TC_CCP_50 -->
  <testcase classname="TestCases.PerformInspection" name="TC_PIP_25" time="0.0">
    <ignored/>
  </testcase> <!-- TC_PIP_25 -->
  <testcase classname="TestCases.CCP" name="TC_CCP_22" time="0.0">
    <ignored/>
  </testcase> <!-- TC_CCP_22 -->
  <testcase classname="TestCases.CCP" name="TC_CCP_54" time="0.0">
    <ignored/>
  </testcase> <!-- TC_CCP_54 -->
  <testcase classname="TestCases.CCP" name="TC_CCP_10" time="0.0">
    <ignored/>
  </testcase> <!-- TC_CCP_10 -->
  <testcase classname="TestCases.CCP" name="TC_CCP_42" time="0.0">
    <ignored/>
  </testcase> <!-- TC_CCP_42 -->
  <testcase classname="TestCases.CCP" name="TC_CCP_30" time="0.0">
    <ignored/>
  </testcase> <!-- TC_CCP_30 -->
  <testcase classname="TestCases.CCP" name="TC_CCP_59" time="0.0">
    <ignored/>
  </testcase> <!-- TC_CCP_59 -->
  <testcase classname="TestCases.CCP" name="TC_CCP_15" time="0.0">
    <ignored/>
  </testcase> <!-- TC_CCP_15 -->
  <testcase classname="TestCases.CCP" name="TC_CCP_47" time="0.0">
    <ignored/>
  </testcase> <!-- TC_CCP_47 -->
  <testcase classname="TestCases.CCP" name="TC_CCP_03" time="0.0">
    <ignored/>
  </testcase> <!-- TC_CCP_03 -->
  <testcase classname="TestCases.CCP" name="TC_CCP_35" time="0.0">
    <ignored/>
  </testcase> <!-- TC_CCP_35 -->
  <testcase classname="TestCases.CCP" name="TC_CCP_23" time="0.0">
    <ignored/>
  </testcase> <!-- TC_CCP_23 -->
  <testcase classname="TestCases.CCP" name="TC_CCP_19" time="0.0">
    <ignored/>
  </testcase> <!-- TC_CCP_19 -->
  <testcase classname="TestCases.PerformInspection" name="TC_PIP_08" time="0.0">
    <ignored/>
  </testcase> <!-- TC_PIP_08 -->
  <testcase classname="TestCases.CCP" name="TC_CCP_07" time="0.0">
    <ignored/>
  </testcase> <!-- TC_CCP_07 -->
  <testcase classname="TestCases.CCP" name="TC_CCP_39" time="0.0">
    <ignored/>
  </testcase> <!-- TC_CCP_39 -->
  <testcase classname="TestCases.CCP" name="TC_CCP_27" time="0.0">
    <ignored/>
  </testcase> <!-- TC_CCP_27 -->
  <testcase classname="TestCases.PerformInspection" name="TC_PIP_02" time="0.0">
    <ignored/>
  </testcase> <!-- TC_PIP_02 -->
  <testcase classname="TestCases.PerformInspection" name="TC_PIP_22" time="0.0">
    <ignored/>
  </testcase> <!-- TC_PIP_22 -->
  <testcase classname="TestCases.PerformInspection" name="TC_PIP_06" time="0.0">
    <ignored/>
  </testcase> <!-- TC_PIP_06 -->
  <testcase classname="TestCases.CCP" name="TC_CCP_51" time="0.0">
    <ignored/>
  </testcase> <!-- TC_CCP_51 -->
  <testcase classname="TestCases.PerformInspection" name="TC_PIP_26" time="0.0">
    <ignored/>
  </testcase> <!-- TC_PIP_26 -->
  <testcase classname="TestCases.PerformInspection" name="TC_PIP_14" time="0.0">
    <ignored/>
  </testcase> <!-- TC_PIP_14 -->
  <testcase classname="TestCases.CCP" name="TC_CCP_55" time="0.0">
    <ignored/>
  </testcase> <!-- TC_CCP_55 -->
  <testcase classname="TestCases.CCP" name="TC_CCP_11" time="0.0">
    <ignored/>
  </testcase> <!-- TC_CCP_11 -->
  <testcase classname="TestCases.CCP" name="TC_CCP_43" time="0.0">
    <ignored/>
  </testcase> <!-- TC_CCP_43 -->
  <testcase classname="TestCases.CCP" name="TC_CCP_31" time="0.0">
    <ignored/>
  </testcase> <!-- TC_CCP_31 -->
  <testcase classname="TestCases.PerformInspection" name="TC_PIP_20" time="0.0">
    <ignored/>
  </testcase> <!-- TC_PIP_20 -->
  <testcase classname="TestCases.CCP" name="TC_CCP_48" time="0.0">
    <ignored/>
  </testcase> <!-- TC_CCP_48 -->
  <testcase classname="TestCases.CCP" name="TC_CCP_04" time="0.0">
    <ignored/>
  </testcase> <!-- TC_CCP_04 -->
  <testcase classname="TestCases.CCP" name="TC_CCP_36" time="0.0">
    <ignored/>
  </testcase> <!-- TC_CCP_36 -->
  <testcase classname="TestCases.CCP" name="TC_CCP_24" time="0.0">
    <ignored/>
  </testcase> <!-- TC_CCP_24 -->
  <testcase classname="TestCases.CCP" name="TC_CCP_56" time="0.0">
    <ignored/>
  </testcase> <!-- TC_CCP_56 -->
  <testcase classname="TestCases.CCP" name="TC_CCP_12" time="0.0">
    <ignored/>
  </testcase> <!-- TC_CCP_12 -->
  <testcase classname="TestCases.PerformInspection" name="TC_PIP_09" time="0.0">
    <ignored/>
  </testcase> <!-- TC_PIP_09 -->
  <testcase classname="TestCases.CCP" name="TC_CCP_08" time="0.0">
    <ignored/>
  </testcase> <!-- TC_CCP_08 -->
  <testcase classname="TestCases.CCP" name="TC_CCP_28" time="0.0">
    <ignored/>
  </testcase> <!-- TC_CCP_28 -->
  <testcase classname="TestCases.CCP" name="TC_CCP_16" time="0.0">
    <ignored/>
  </testcase> <!-- TC_CCP_16 -->
  <testcase classname="TestCases.PerformInspection" name="TC_PIP_11" time="0.0">
    <ignored/>
  </testcase> <!-- TC_PIP_11 -->
  <testcase classname="TestCases.PerformInspection" name="TC_PIP_07" time="0.0">
    <ignored/>
  </testcase> <!-- TC_PIP_07 -->
  <testcase classname="TestCases.CCP" name="TC_CCP_40" time="0.0">
    <ignored/>
  </testcase> <!-- TC_CCP_40 -->
  <testcase classname="TestCases.PerformInspection" name="TC_PIP_15" time="0.0">
    <ignored/>
  </testcase> <!-- TC_PIP_15 -->
  <testcase classname="TestCases.PerformInspection" name="TC_PIP_03" time="0.0">
    <ignored/>
  </testcase> <!-- TC_PIP_03 -->
  <testcase classname="TestCases.CCP" name="TC_CCP_60" time="0.0">
    <ignored/>
  </testcase> <!-- TC_CCP_60 -->
  <testcase classname="TestCases.CCP" name="TC_CCP_44" time="0.0">
    <ignored/>
  </testcase> <!-- TC_CCP_44 -->
  <testcase classname="TestCases.CCP" name="TC_CCP_32" time="0.0">
    <ignored/>
  </testcase> <!-- TC_CCP_32 -->
  <testcase classname="TestCases.CCP" name="PreRequisite" time="0.0">
    <ignored/>
  </testcase> <!-- PreRequisite -->
  <testcase classname="TestCases.CCP" name="TC_CCP_20" time="0.0">
    <ignored/>
  </testcase> <!-- TC_CCP_20 -->
  <testcase classname="TestCases.PerformInspection" name="TC_PIP_21" time="0.0">
    <ignored/>
  </testcase> <!-- TC_PIP_21 -->
  <testcase classname="TestCases.CCP" name="TC_CCP_52" time="0.0">
    <ignored/>
  </testcase> <!-- TC_CCP_52 -->
  <testcase classname="TestCases.CCP" name="TC_CCP_37" time="0.0">
    <ignored/>
  </testcase> <!-- TC_CCP_37 -->
  <testcase classname="TestCases.CCP" name="TC_CCP_25" time="0.0">
    <ignored/>
  </testcase> <!-- TC_CCP_25 -->
  <testcase classname="TestCases.CCP" name="TC_CCP_57" time="0.0">
    <ignored/>
  </testcase> <!-- TC_CCP_57 -->
  <testcase classname="TestCases.CCP" name="TC_CCP_13" time="0.0">
    <ignored/>
  </testcase> <!-- TC_CCP_13 -->
  <testcase classname="TestCases.CCP" name="TC_CCP_45" time="0.0">
    <ignored/>
  </testcase> <!-- TC_CCP_45 -->
  <testcase classname="TestCases.CCP" name="TC_CCP_01" time="0.0">
    <ignored/>
  </testcase> <!-- TC_CCP_01 -->
  <testcase classname="TestCases.CCP" name="TC_CCP_29" time="0.0">
    <ignored/>
  </testcase> <!-- TC_CCP_29 -->
  <testcase classname="TestCases.CCP" name="TC_CCP_17" time="0.0">
    <ignored/>
  </testcase> <!-- TC_CCP_17 -->
  <testcase classname="TestCases.CCP" name="TC_CCP_49" time="0.0">
    <ignored/>
  </testcase> <!-- TC_CCP_49 -->
  <testcase classname="TestCases.CCP" name="TC_CCP_09" time="0.0">
    <ignored/>
  </testcase> <!-- TC_CCP_09 -->
  <testcase classname="TestCases.PerformInspection" name="TC_PIP_12" time="0.0">
    <ignored/>
  </testcase> <!-- TC_PIP_12 -->
  <testcase classname="TestCases.PerformInspection" name="TC_PIP_16" time="0.0">
    <ignored/>
  </testcase> <!-- TC_PIP_16 -->
  <testcase classname="TestCases.PerformInspection" name="TC_PIP_04" time="0.0">
    <ignored/>
  </testcase> <!-- TC_PIP_04 -->
  <testcase classname="TestCases.CCP" name="TC_CCP_61" time="0.0">
    <ignored/>
  </testcase> <!-- TC_CCP_61 -->
</testsuite> <!-- Default test -->
