<?xml version="1.0" encoding="UTF-8"?>
<!-- Generated by org.testng.reporters.JUnitXMLReporter -->
<testsuite hostname="LAPTOP-010V7A5T" ignored="32" name="Test1" tests="24" failures="15" timestamp="2022-03-14T11:13:37 IST" time="287.745" errors="0">
  <testcase name="validateAddClass" time="15.385" classname="com.Mastera.TestCases.Addclass">
    <failure type="java.lang.AssertionError" message="expected [Showing 1 to 2 of 2 entries] but found [Showing 1 to 3 of 3 entries]">
      <![CDATA[java.lang.AssertionError: expected [Showing 1 to 2 of 2 entries] but found [Showing 1 to 3 of 3 entries]
at com.Mastera.TestCases.Addclass.validateAddClass(Addclass.java:97)
at java.util.ArrayList.forEach(ArrayList.java:1257)
... Removed 33 stack frames]]>
    </failure>
  </testcase> <!-- validateAddClass -->
  <testcase name="validateEditClass" time="11.103" classname="com.Mastera.TestCases.Addclass"/>
  <testcase name="validateDeleteClass" time="6.346" classname="com.Mastera.TestCases.Addclass">
    <failure type="java.lang.AssertionError" message="expected [Showing 1 to 1 of 1 entries] but found [Showing 1 to 3 of 3 entries]">
      <![CDATA[java.lang.AssertionError: expected [Showing 1 to 1 of 1 entries] but found [Showing 1 to 3 of 3 entries]
at com.Mastera.TestCases.Addclass.validateDeleteClass(Addclass.java:150)
at java.util.ArrayList.forEach(ArrayList.java:1257)
... Removed 33 stack frames]]>
    </failure>
  </testcase> <!-- validateDeleteClass -->
  <testcase name="validateAddSlot" time="3.602" classname="com.Mastera.TestCases.Addslot">
    <failure type="org.openqa.selenium.NoSuchElementException" message="Cannot locate option with index: 1
For documentation on this error, please visit: http://seleniumhq.org/exceptions/no_such_element.html
Build info: version: &amp;apos;3.5.3&amp;apos;, revision: &amp;apos;a88d25fe6b&amp;apos;, time: &amp;apos;2017-08-29T12:42:44.417Z&amp;apos;
System info: host: &amp;apos;LAPTOP-010V7A5T&amp;apos;, ip: &amp;apos;192.168.1.88&amp;apos;, os.name: &amp;apos;Windows 10&amp;apos;, os.arch: &amp;apos;amd64&amp;apos;, os.version: &amp;apos;10.0&amp;apos;, java.version: &amp;apos;1.8.0_201&amp;apos;
Driver info: driver.version: unknown">
      <![CDATA[org.openqa.selenium.NoSuchElementException: Cannot locate option with index: 1
For documentation on this error, please visit: http://seleniumhq.org/exceptions/no_such_element.html
Build info: version: '3.5.3', revision: 'a88d25fe6b', time: '2017-08-29T12:42:44.417Z'
System info: host: 'LAPTOP-010V7A5T', ip: '192.168.1.88', os.name: 'Windows 10', os.arch: 'amd64', os.version: '10.0', java.version: '1.8.0_201'
Driver info: driver.version: unknown
at org.openqa.selenium.support.ui.Select.selectByIndex(Select.java:183)
at com.Mastera.TestCases.Addslot.validateAddSlot(Addslot.java:49)
at java.util.ArrayList.forEach(ArrayList.java:1257)
... Removed 27 stack frames]]>
    </failure>
  </testcase> <!-- validateAddSlot -->
  <testcase name="validateEditSlot" time="8.298" classname="com.Mastera.TestCases.Addslot">
    <failure type="org.openqa.selenium.ElementNotInteractableException" message="element not interactable
  (Session info: chrome=99.0.4844.51)
Build info: version: &amp;apos;3.5.3&amp;apos;, revision: &amp;apos;a88d25fe6b&amp;apos;, time: &amp;apos;2017-08-29T12:42:44.417Z&amp;apos;
System info: host: &amp;apos;LAPTOP-010V7A5T&amp;apos;, ip: &amp;apos;192.168.1.88&amp;apos;, os.name: &amp;apos;Windows 10&amp;apos;, os.arch: &amp;apos;amd64&amp;apos;, os.version: &amp;apos;10.0&amp;apos;, java.version: &amp;apos;1.8.0_201&amp;apos;
Driver info: org.openqa.selenium.chrome.ChromeDriver
Capabilities [{networkConnectionEnabled=false, chrome={chromedriverVersion=99.0.4844.51 (d537ec02474b5afe23684e7963d538896c63ac77-refs/branch-heads/4844@{#875}), userDataDir=C:\Users\Itsqe\AppData\Local\Temp\scoped_dir3816_1987415197}, timeouts={implicit=0, pageLoad=300000, script=30000}, pageLoadStrategy=normal, unhandledPromptBehavior=dismiss and notify, strictFileInteractability=false, platform=XP, proxy=Proxy(), goog:chromeOptions={debuggerAddress=localhost:62280}, webauthn:extension:credBlob=true, acceptInsecureCerts=false, browserVersion=99.0.4844.51, browserName=chrome, javascriptEnabled=true, platformName=XP, setWindowRect=true, webauthn:extension:largeBlob=true, webauthn:virtualAuthenticators=true}]
Session ID: 55f3012a2e9f077880f9b2e09d2a75da">
      <![CDATA[org.openqa.selenium.ElementNotInteractableException: element not interactable
  (Session info: chrome=99.0.4844.51)
Build info: version: '3.5.3', revision: 'a88d25fe6b', time: '2017-08-29T12:42:44.417Z'
System info: host: 'LAPTOP-010V7A5T', ip: '192.168.1.88', os.name: 'Windows 10', os.arch: 'amd64', os.version: '10.0', java.version: '1.8.0_201'
Driver info: org.openqa.selenium.chrome.ChromeDriver
Capabilities [{networkConnectionEnabled=false, chrome={chromedriverVersion=99.0.4844.51 (d537ec02474b5afe23684e7963d538896c63ac77-refs/branch-heads/4844@{#875}), userDataDir=C:\Users\Itsqe\AppData\Local\Temp\scoped_dir3816_1987415197}, timeouts={implicit=0, pageLoad=300000, script=30000}, pageLoadStrategy=normal, unhandledPromptBehavior=dismiss and notify, strictFileInteractability=false, platform=XP, proxy=Proxy(), goog:chromeOptions={debuggerAddress=localhost:62280}, webauthn:extension:credBlob=true, acceptInsecureCerts=false, browserVersion=99.0.4844.51, browserName=chrome, javascriptEnabled=true, platformName=XP, setWindowRect=true, webauthn:extension:largeBlob=true, webauthn:virtualAuthenticators=true}]
Session ID: 55f3012a2e9f077880f9b2e09d2a75da
at org.openqa.selenium.remote.http.W3CHttpResponseCodec.createException(W3CHttpResponseCodec.java:185)
at org.openqa.selenium.remote.http.W3CHttpResponseCodec.decode(W3CHttpResponseCodec.java:120)
at org.openqa.selenium.remote.http.W3CHttpResponseCodec.decode(W3CHttpResponseCodec.java:49)
at org.openqa.selenium.remote.HttpCommandExecutor.execute(HttpCommandExecutor.java:164)
at org.openqa.selenium.remote.service.DriverCommandExecutor.execute(DriverCommandExecutor.java:82)
at org.openqa.selenium.remote.RemoteWebDriver.execute(RemoteWebDriver.java:646)
at org.openqa.selenium.remote.RemoteWebElement.execute(RemoteWebElement.java:275)
at org.openqa.selenium.remote.RemoteWebElement.click(RemoteWebElement.java:82)
at com.Mastera.TestCases.Addslot.validateEditSlot(Addslot.java:75)
at java.util.ArrayList.forEach(ArrayList.java:1257)
... Removed 31 stack frames]]>
    </failure>
  </testcase> <!-- validateEditSlot -->
  <testcase name="validateDeleteSlot" time="11.845" classname="com.Mastera.TestCases.Addslot"/>
  <testcase name="validateAddAppointment" time="26.632" classname="com.Mastera.TestCases.Addapppointment"/>
  <testcase name="validateEditAppointment" time="15.517" classname="com.Mastera.TestCases.Addapppointment"/>
  <testcase name="validateDeleteAppointment" time="10.389" classname="com.Mastera.TestCases.Addapppointment"/>
  <testcase name="validateAddVideo" time="0.001" classname="com.Mastera.TestCases.Addvideo">
    <failure type="java.lang.Error" message="Unresolved compilation problem: 
	Assert cannot be resolved
">
      <![CDATA[java.lang.Error: Unresolved compilation problem: 
Assert cannot be resolved

at com.Mastera.TestCases.Addvideo.validateAddVideo(Addvideo.java:98)
at java.util.ArrayList.forEach(ArrayList.java:1257)
... Removed 27 stack frames]]>
    </failure>
  </testcase> <!-- validateAddVideo -->
  <testcase name="validateEditVideo" time="18.341" classname="com.Mastera.TestCases.Addvideo"/>
  <testcase name="validateDeleteVideo" time="0.001" classname="com.Mastera.TestCases.Addvideo">
    <failure type="java.lang.Error" message="Unresolved compilation problem: 
	Assert cannot be resolved
">
      <![CDATA[java.lang.Error: Unresolved compilation problem: 
Assert cannot be resolved

at com.Mastera.TestCases.Addvideo.validateDeleteVideo(Addvideo.java:164)
at java.util.ArrayList.forEach(ArrayList.java:1257)
... Removed 27 stack frames]]>
    </failure>
  </testcase> <!-- validateDeleteVideo -->
  <testcase name="validateAddPost" time="0.001" classname="com.Mastera.TestCases.Addpost">
    <failure type="java.lang.Error" message="Unresolved compilation problem: 
	Assert cannot be resolved
">
      <![CDATA[java.lang.Error: Unresolved compilation problem: 
Assert cannot be resolved

at com.Mastera.TestCases.Addpost.validateAddPost(Addpost.java:92)
at java.util.ArrayList.forEach(ArrayList.java:1257)
... Removed 27 stack frames]]>
    </failure>
  </testcase> <!-- validateAddPost -->
  <testcase name="validateEditPost" time="74.41" classname="com.Mastera.TestCases.Addpost">
    <failure type="org.openqa.selenium.TimeoutException" message="Expected condition failed: waiting for element to be clickable: [[ChromeDriver: chrome on XP (55f3012a2e9f077880f9b2e09d2a75da)] -&amp;gt; xpath: (//*[@class=&amp;apos;icon fa fa-pencil&amp;apos;])[5]] (tried for 70 second(s) with 500 MILLISECONDS interval)
Build info: version: &amp;apos;3.5.3&amp;apos;, revision: &amp;apos;a88d25fe6b&amp;apos;, time: &amp;apos;2017-08-29T12:42:44.417Z&amp;apos;
System info: host: &amp;apos;LAPTOP-010V7A5T&amp;apos;, ip: &amp;apos;192.168.1.88&amp;apos;, os.name: &amp;apos;Windows 10&amp;apos;, os.arch: &amp;apos;amd64&amp;apos;, os.version: &amp;apos;10.0&amp;apos;, java.version: &amp;apos;1.8.0_201&amp;apos;
Driver info: org.openqa.selenium.chrome.ChromeDriver
Capabilities [{networkConnectionEnabled=false, chrome={chromedriverVersion=99.0.4844.51 (d537ec02474b5afe23684e7963d538896c63ac77-refs/branch-heads/4844@{#875}), userDataDir=C:\Users\Itsqe\AppData\Local\Temp\scoped_dir3816_1987415197}, timeouts={implicit=0, pageLoad=300000, script=30000}, pageLoadStrategy=normal, unhandledPromptBehavior=dismiss and notify, strictFileInteractability=false, platform=XP, proxy=Proxy(), goog:chromeOptions={debuggerAddress=localhost:62280}, webauthn:extension:credBlob=true, acceptInsecureCerts=false, browserVersion=99.0.4844.51, browserName=chrome, javascriptEnabled=true, platformName=XP, setWindowRect=true, webauthn:extension:largeBlob=true, webauthn:virtualAuthenticators=true}]
Session ID: 55f3012a2e9f077880f9b2e09d2a75da">
      <![CDATA[org.openqa.selenium.TimeoutException: Expected condition failed: waiting for element to be clickable: [[ChromeDriver: chrome on XP (55f3012a2e9f077880f9b2e09d2a75da)] -> xpath: (//*[@class='icon fa fa-pencil'])[5]] (tried for 70 second(s) with 500 MILLISECONDS interval)
Build info: version: '3.5.3', revision: 'a88d25fe6b', time: '2017-08-29T12:42:44.417Z'
System info: host: 'LAPTOP-010V7A5T', ip: '192.168.1.88', os.name: 'Windows 10', os.arch: 'amd64', os.version: '10.0', java.version: '1.8.0_201'
Driver info: org.openqa.selenium.chrome.ChromeDriver
Capabilities [{networkConnectionEnabled=false, chrome={chromedriverVersion=99.0.4844.51 (d537ec02474b5afe23684e7963d538896c63ac77-refs/branch-heads/4844@{#875}), userDataDir=C:\Users\Itsqe\AppData\Local\Temp\scoped_dir3816_1987415197}, timeouts={implicit=0, pageLoad=300000, script=30000}, pageLoadStrategy=normal, unhandledPromptBehavior=dismiss and notify, strictFileInteractability=false, platform=XP, proxy=Proxy(), goog:chromeOptions={debuggerAddress=localhost:62280}, webauthn:extension:credBlob=true, acceptInsecureCerts=false, browserVersion=99.0.4844.51, browserName=chrome, javascriptEnabled=true, platformName=XP, setWindowRect=true, webauthn:extension:largeBlob=true, webauthn:virtualAuthenticators=true}]
Session ID: 55f3012a2e9f077880f9b2e09d2a75da
at org.openqa.selenium.support.ui.WebDriverWait.timeoutException(WebDriverWait.java:80)
at org.openqa.selenium.support.ui.FluentWait.until(FluentWait.java:232)
at com.Mastera.CommonMethods.BaseMethods.waitAndClick(BaseMethods.java:48)
at com.Mastera.TestCases.Addpost.validateEditPost(Addpost.java:112)
at java.util.ArrayList.forEach(ArrayList.java:1257)
... Removed 27 stack frames]]>
    </failure>
  </testcase> <!-- validateEditPost -->
  <testcase name="validateDeletePost" time="0.0" classname="com.Mastera.TestCases.Addpost">
    <failure type="java.lang.Error" message="Unresolved compilation problem: 
	Assert cannot be resolved
">
      <![CDATA[java.lang.Error: Unresolved compilation problem: 
Assert cannot be resolved

at com.Mastera.TestCases.Addpost.validateDeletePost(Addpost.java:146)
at java.util.ArrayList.forEach(ArrayList.java:1257)
... Removed 27 stack frames]]>
    </failure>
  </testcase> <!-- validateDeletePost -->
  <testcase name="validateAddCustomer" time="0.0" classname="com.Mastera.TestCases.Addcustomer">
    <failure type="java.lang.Error" message="Unresolved compilation problem: 
	Assert cannot be resolved
">
      <![CDATA[java.lang.Error: Unresolved compilation problem: 
Assert cannot be resolved

at com.Mastera.TestCases.Addcustomer.validateAddCustomer(Addcustomer.java:65)
at java.util.ArrayList.forEach(ArrayList.java:1257)
... Removed 27 stack frames]]>
    </failure>
  </testcase> <!-- validateAddCustomer -->
  <testcase name="validateEditCustomer" time="7.197" classname="com.Mastera.TestCases.Addcustomer">
    <failure type="org.openqa.selenium.NoSuchElementException" message="no such element: Unable to locate element: {&amp;quot;method&amp;quot;:&amp;quot;xpath&amp;quot;,&amp;quot;selector&amp;quot;:&amp;quot;(//*[@class=&amp;apos;nav-link&amp;apos;])[4]&amp;quot;}
  (Session info: chrome=99.0.4844.51)
For documentation on this error, please visit: http://seleniumhq.org/exceptions/no_such_element.html
Build info: version: &amp;apos;3.5.3&amp;apos;, revision: &amp;apos;a88d25fe6b&amp;apos;, time: &amp;apos;2017-08-29T12:42:44.417Z&amp;apos;
System info: host: &amp;apos;LAPTOP-010V7A5T&amp;apos;, ip: &amp;apos;192.168.1.88&amp;apos;, os.name: &amp;apos;Windows 10&amp;apos;, os.arch: &amp;apos;amd64&amp;apos;, os.version: &amp;apos;10.0&amp;apos;, java.version: &amp;apos;1.8.0_201&amp;apos;
Driver info: org.openqa.selenium.chrome.ChromeDriver
Capabilities [{networkConnectionEnabled=false, chrome={chromedriverVersion=99.0.4844.51 (d537ec02474b5afe23684e7963d538896c63ac77-refs/branch-heads/4844@{#875}), userDataDir=C:\Users\Itsqe\AppData\Local\Temp\scoped_dir3816_1987415197}, timeouts={implicit=0, pageLoad=300000, script=30000}, pageLoadStrategy=normal, unhandledPromptBehavior=dismiss and notify, strictFileInteractability=false, platform=XP, proxy=Proxy(), goog:chromeOptions={debuggerAddress=localhost:62280}, webauthn:extension:credBlob=true, acceptInsecureCerts=false, browserVersion=99.0.4844.51, browserName=chrome, javascriptEnabled=true, platformName=XP, setWindowRect=true, webauthn:extension:largeBlob=true, webauthn:virtualAuthenticators=true}]
Session ID: 55f3012a2e9f077880f9b2e09d2a75da
*** Element info: {Using=xpath, value=(//*[@class=&amp;apos;nav-link&amp;apos;])[4]}">
      <![CDATA[org.openqa.selenium.NoSuchElementException: no such element: Unable to locate element: {"method":"xpath","selector":"(//*[@class='nav-link'])[4]"}
  (Session info: chrome=99.0.4844.51)
For documentation on this error, please visit: http://seleniumhq.org/exceptions/no_such_element.html
Build info: version: '3.5.3', revision: 'a88d25fe6b', time: '2017-08-29T12:42:44.417Z'
System info: host: 'LAPTOP-010V7A5T', ip: '192.168.1.88', os.name: 'Windows 10', os.arch: 'amd64', os.version: '10.0', java.version: '1.8.0_201'
Driver info: org.openqa.selenium.chrome.ChromeDriver
Capabilities [{networkConnectionEnabled=false, chrome={chromedriverVersion=99.0.4844.51 (d537ec02474b5afe23684e7963d538896c63ac77-refs/branch-heads/4844@{#875}), userDataDir=C:\Users\Itsqe\AppData\Local\Temp\scoped_dir3816_1987415197}, timeouts={implicit=0, pageLoad=300000, script=30000}, pageLoadStrategy=normal, unhandledPromptBehavior=dismiss and notify, strictFileInteractability=false, platform=XP, proxy=Proxy(), goog:chromeOptions={debuggerAddress=localhost:62280}, webauthn:extension:credBlob=true, acceptInsecureCerts=false, browserVersion=99.0.4844.51, browserName=chrome, javascriptEnabled=true, platformName=XP, setWindowRect=true, webauthn:extension:largeBlob=true, webauthn:virtualAuthenticators=true}]
Session ID: 55f3012a2e9f077880f9b2e09d2a75da
*** Element info: {Using=xpath, value=(//*[@class='nav-link'])[4]}
at org.openqa.selenium.remote.http.W3CHttpResponseCodec.createException(W3CHttpResponseCodec.java:185)
at org.openqa.selenium.remote.http.W3CHttpResponseCodec.decode(W3CHttpResponseCodec.java:120)
at org.openqa.selenium.remote.http.W3CHttpResponseCodec.decode(W3CHttpResponseCodec.java:49)
at org.openqa.selenium.remote.HttpCommandExecutor.execute(HttpCommandExecutor.java:164)
at org.openqa.selenium.remote.service.DriverCommandExecutor.execute(DriverCommandExecutor.java:82)
at org.openqa.selenium.remote.RemoteWebDriver.execute(RemoteWebDriver.java:646)
at org.openqa.selenium.remote.RemoteWebDriver.findElement(RemoteWebDriver.java:416)
at org.openqa.selenium.remote.RemoteWebDriver.findElementByXPath(RemoteWebDriver.java:518)
at org.openqa.selenium.By$ByXPath.findElement(By.java:361)
at org.openqa.selenium.remote.RemoteWebDriver.findElement(RemoteWebDriver.java:408)
at com.Mastera.CommonMethods.BaseMethods.waitAndClick(BaseMethods.java:46)
at com.Mastera.TestCases.Addcustomer.validateEditCustomer(Addcustomer.java:86)
at java.util.ArrayList.forEach(ArrayList.java:1257)
... Removed 31 stack frames]]>
    </failure>
  </testcase> <!-- validateEditCustomer -->
  <testcase name="validateDeleteCustomer" time="0.0" classname="com.Mastera.TestCases.Addcustomer">
    <failure type="java.lang.Error" message="Unresolved compilation problem: 
	Assert cannot be resolved
">
      <![CDATA[java.lang.Error: Unresolved compilation problem: 
Assert cannot be resolved

at com.Mastera.TestCases.Addcustomer.validateDeleteCustomer(Addcustomer.java:134)
at java.util.ArrayList.forEach(ArrayList.java:1257)
... Removed 27 stack frames]]>
    </failure>
  </testcase> <!-- validateDeleteCustomer -->
  <testcase name="validateAddProduct" time="26.094" classname="com.Mastera.TestCases.Addproduct"/>
  <testcase name="validateEditProduct" time="13.352" classname="com.Mastera.TestCases.Addproduct"/>
  <testcase name="validateDeleteProduct" time="12.611" classname="com.Mastera.TestCases.Addproduct"/>
  <testcase name="validateAddPlan" time="0.001" classname="com.Mastera.TestCases.Addplan">
    <failure type="java.lang.Error" message="Unresolved compilation problem: 
	Assert cannot be resolved
">
      <![CDATA[java.lang.Error: Unresolved compilation problem: 
Assert cannot be resolved

at com.Mastera.TestCases.Addplan.validateAddPlan(Addplan.java:54)
at java.util.ArrayList.forEach(ArrayList.java:1257)
... Removed 27 stack frames]]>
    </failure>
  </testcase> <!-- validateAddPlan -->
  <testcase name="validateEditPlan" time="4.14" classname="com.Mastera.TestCases.Addplan">
    <failure type="org.openqa.selenium.NoSuchElementException" message="no such element: Unable to locate element: {&amp;quot;method&amp;quot;:&amp;quot;xpath&amp;quot;,&amp;quot;selector&amp;quot;:&amp;quot;(//*[@class=&amp;apos;icon fa fa-pencil&amp;apos;])[3]&amp;quot;}
  (Session info: chrome=99.0.4844.51)
For documentation on this error, please visit: http://seleniumhq.org/exceptions/no_such_element.html
Build info: version: &amp;apos;3.5.3&amp;apos;, revision: &amp;apos;a88d25fe6b&amp;apos;, time: &amp;apos;2017-08-29T12:42:44.417Z&amp;apos;
System info: host: &amp;apos;LAPTOP-010V7A5T&amp;apos;, ip: &amp;apos;192.168.1.88&amp;apos;, os.name: &amp;apos;Windows 10&amp;apos;, os.arch: &amp;apos;amd64&amp;apos;, os.version: &amp;apos;10.0&amp;apos;, java.version: &amp;apos;1.8.0_201&amp;apos;
Driver info: org.openqa.selenium.chrome.ChromeDriver
Capabilities [{networkConnectionEnabled=false, chrome={chromedriverVersion=99.0.4844.51 (d537ec02474b5afe23684e7963d538896c63ac77-refs/branch-heads/4844@{#875}), userDataDir=C:\Users\Itsqe\AppData\Local\Temp\scoped_dir3816_1987415197}, timeouts={implicit=0, pageLoad=300000, script=30000}, pageLoadStrategy=normal, unhandledPromptBehavior=dismiss and notify, strictFileInteractability=false, platform=XP, proxy=Proxy(), goog:chromeOptions={debuggerAddress=localhost:62280}, webauthn:extension:credBlob=true, acceptInsecureCerts=false, browserVersion=99.0.4844.51, browserName=chrome, javascriptEnabled=true, platformName=XP, setWindowRect=true, webauthn:extension:largeBlob=true, webauthn:virtualAuthenticators=true}]
Session ID: 55f3012a2e9f077880f9b2e09d2a75da
*** Element info: {Using=xpath, value=(//*[@class=&amp;apos;icon fa fa-pencil&amp;apos;])[3]}">
      <![CDATA[org.openqa.selenium.NoSuchElementException: no such element: Unable to locate element: {"method":"xpath","selector":"(//*[@class='icon fa fa-pencil'])[3]"}
  (Session info: chrome=99.0.4844.51)
For documentation on this error, please visit: http://seleniumhq.org/exceptions/no_such_element.html
Build info: version: '3.5.3', revision: 'a88d25fe6b', time: '2017-08-29T12:42:44.417Z'
System info: host: 'LAPTOP-010V7A5T', ip: '192.168.1.88', os.name: 'Windows 10', os.arch: 'amd64', os.version: '10.0', java.version: '1.8.0_201'
Driver info: org.openqa.selenium.chrome.ChromeDriver
Capabilities [{networkConnectionEnabled=false, chrome={chromedriverVersion=99.0.4844.51 (d537ec02474b5afe23684e7963d538896c63ac77-refs/branch-heads/4844@{#875}), userDataDir=C:\Users\Itsqe\AppData\Local\Temp\scoped_dir3816_1987415197}, timeouts={implicit=0, pageLoad=300000, script=30000}, pageLoadStrategy=normal, unhandledPromptBehavior=dismiss and notify, strictFileInteractability=false, platform=XP, proxy=Proxy(), goog:chromeOptions={debuggerAddress=localhost:62280}, webauthn:extension:credBlob=true, acceptInsecureCerts=false, browserVersion=99.0.4844.51, browserName=chrome, javascriptEnabled=true, platformName=XP, setWindowRect=true, webauthn:extension:largeBlob=true, webauthn:virtualAuthenticators=true}]
Session ID: 55f3012a2e9f077880f9b2e09d2a75da
*** Element info: {Using=xpath, value=(//*[@class='icon fa fa-pencil'])[3]}
at org.openqa.selenium.remote.http.W3CHttpResponseCodec.createException(W3CHttpResponseCodec.java:185)
at org.openqa.selenium.remote.http.W3CHttpResponseCodec.decode(W3CHttpResponseCodec.java:120)
at org.openqa.selenium.remote.http.W3CHttpResponseCodec.decode(W3CHttpResponseCodec.java:49)
at org.openqa.selenium.remote.HttpCommandExecutor.execute(HttpCommandExecutor.java:164)
at org.openqa.selenium.remote.service.DriverCommandExecutor.execute(DriverCommandExecutor.java:82)
at org.openqa.selenium.remote.RemoteWebDriver.execute(RemoteWebDriver.java:646)
at org.openqa.selenium.remote.RemoteWebDriver.findElement(RemoteWebDriver.java:416)
at org.openqa.selenium.remote.RemoteWebDriver.findElementByXPath(RemoteWebDriver.java:518)
at org.openqa.selenium.By$ByXPath.findElement(By.java:361)
at org.openqa.selenium.remote.RemoteWebDriver.findElement(RemoteWebDriver.java:408)
at com.Mastera.CommonMethods.BaseMethods.waitAndClick(BaseMethods.java:46)
at com.Mastera.TestCases.Addplan.validateEditPlan(Addplan.java:76)
at java.util.ArrayList.forEach(ArrayList.java:1257)
... Removed 31 stack frames]]>
    </failure>
  </testcase> <!-- validateEditPlan -->
  <testcase name="validateDeletePlan" time="0.001" classname="com.Mastera.TestCases.Addplan">
    <failure type="java.lang.Error" message="Unresolved compilation problem: 
	Assert cannot be resolved
">
      <![CDATA[java.lang.Error: Unresolved compilation problem: 
Assert cannot be resolved

at com.Mastera.TestCases.Addplan.validateDeletePlan(Addplan.java:117)
at java.util.ArrayList.forEach(ArrayList.java:1257)
... Removed 27 stack frames]]>
    </failure>
  </testcase> <!-- validateDeletePlan -->
  <testcase name="@BeforeTest validateLogin" time="0.0" classname="com.Mastera.TestCases.Login">
    <ignored/>
  </testcase> <!-- @BeforeTest validateLogin -->
  <testcase name="@BeforeTest validateLogin" time="0.0" classname="com.Mastera.TestCases.Login">
    <ignored/>
  </testcase> <!-- @BeforeTest validateLogin -->
  <testcase name="@BeforeTest validateLogin" time="0.0" classname="com.Mastera.TestCases.Login">
    <ignored/>
  </testcase> <!-- @BeforeTest validateLogin -->
  <testcase name="@BeforeTest validateLogin" time="0.0" classname="com.Mastera.TestCases.Login">
    <ignored/>
  </testcase> <!-- @BeforeTest validateLogin -->
  <testcase name="@BeforeTest validateLogin" time="0.0" classname="com.Mastera.TestCases.Login">
    <ignored/>
  </testcase> <!-- @BeforeTest validateLogin -->
  <testcase name="@BeforeTest validateLogin" time="0.0" classname="com.Mastera.TestCases.Login">
    <ignored/>
  </testcase> <!-- @BeforeTest validateLogin -->
  <testcase name="@BeforeTest validateLogin" time="0.0" classname="com.Mastera.TestCases.Login">
    <ignored/>
  </testcase> <!-- @BeforeTest validateLogin -->
  <testcase name="@BeforeTest validateLogin" time="0.0" classname="com.Mastera.TestCases.Login">
    <ignored/>
  </testcase> <!-- @BeforeTest validateLogin -->
  <testcase name="@BeforeSuite validateSetUp" time="0.0" classname="com.Mastera.TestCases.Login">
    <ignored/>
  </testcase> <!-- @BeforeSuite validateSetUp -->
  <testcase name="@BeforeSuite validateSetUp" time="0.0" classname="com.Mastera.TestCases.Login">
    <ignored/>
  </testcase> <!-- @BeforeSuite validateSetUp -->
  <testcase name="@BeforeSuite validateSetUp" time="0.0" classname="com.Mastera.TestCases.Login">
    <ignored/>
  </testcase> <!-- @BeforeSuite validateSetUp -->
  <testcase name="@BeforeSuite validateSetUp" time="0.0" classname="com.Mastera.TestCases.Login">
    <ignored/>
  </testcase> <!-- @BeforeSuite validateSetUp -->
  <testcase name="@BeforeSuite validateSetUp" time="0.0" classname="com.Mastera.TestCases.Login">
    <ignored/>
  </testcase> <!-- @BeforeSuite validateSetUp -->
  <testcase name="@BeforeSuite validateSetUp" time="0.0" classname="com.Mastera.TestCases.Login">
    <ignored/>
  </testcase> <!-- @BeforeSuite validateSetUp -->
  <testcase name="@BeforeSuite validateSetUp" time="0.0" classname="com.Mastera.TestCases.Login">
    <ignored/>
  </testcase> <!-- @BeforeSuite validateSetUp -->
  <testcase name="@BeforeSuite validateSetUp" time="0.0" classname="com.Mastera.TestCases.Login">
    <ignored/>
  </testcase> <!-- @BeforeSuite validateSetUp -->
  <testcase name="@AfterSuite endReport" time="0.0" classname="com.Mastera.ExtentReport.ExtentReportClass">
    <ignored/>
  </testcase> <!-- @AfterSuite endReport -->
  <testcase name="@AfterSuite endReport" time="0.0" classname="com.Mastera.ExtentReport.ExtentReportClass">
    <ignored/>
  </testcase> <!-- @AfterSuite endReport -->
  <testcase name="@AfterSuite endReport" time="0.0" classname="com.Mastera.ExtentReport.ExtentReportClass">
    <ignored/>
  </testcase> <!-- @AfterSuite endReport -->
  <testcase name="@AfterSuite endReport" time="0.0" classname="com.Mastera.ExtentReport.ExtentReportClass">
    <ignored/>
  </testcase> <!-- @AfterSuite endReport -->
  <testcase name="@AfterSuite endReport" time="0.0" classname="com.Mastera.ExtentReport.ExtentReportClass">
    <ignored/>
  </testcase> <!-- @AfterSuite endReport -->
  <testcase name="@AfterSuite endReport" time="0.0" classname="com.Mastera.ExtentReport.ExtentReportClass">
    <ignored/>
  </testcase> <!-- @AfterSuite endReport -->
  <testcase name="@AfterSuite endReport" time="0.0" classname="com.Mastera.ExtentReport.ExtentReportClass">
    <ignored/>
  </testcase> <!-- @AfterSuite endReport -->
  <testcase name="@AfterSuite endReport" time="0.0" classname="com.Mastera.ExtentReport.ExtentReportClass">
    <ignored/>
  </testcase> <!-- @AfterSuite endReport -->
  <testcase name="@BeforeSuite setExtent" time="0.0" classname="com.Mastera.ExtentReport.ExtentReportClass">
    <ignored/>
  </testcase> <!-- @BeforeSuite setExtent -->
  <testcase name="@BeforeSuite setExtent" time="0.0" classname="com.Mastera.ExtentReport.ExtentReportClass">
    <ignored/>
  </testcase> <!-- @BeforeSuite setExtent -->
  <testcase name="@BeforeSuite setExtent" time="0.0" classname="com.Mastera.ExtentReport.ExtentReportClass">
    <ignored/>
  </testcase> <!-- @BeforeSuite setExtent -->
  <testcase name="@BeforeSuite setExtent" time="0.0" classname="com.Mastera.ExtentReport.ExtentReportClass">
    <ignored/>
  </testcase> <!-- @BeforeSuite setExtent -->
  <testcase name="@BeforeSuite setExtent" time="0.0" classname="com.Mastera.ExtentReport.ExtentReportClass">
    <ignored/>
  </testcase> <!-- @BeforeSuite setExtent -->
  <testcase name="@BeforeSuite setExtent" time="0.0" classname="com.Mastera.ExtentReport.ExtentReportClass">
    <ignored/>
  </testcase> <!-- @BeforeSuite setExtent -->
  <testcase name="@BeforeSuite setExtent" time="0.0" classname="com.Mastera.ExtentReport.ExtentReportClass">
    <ignored/>
  </testcase> <!-- @BeforeSuite setExtent -->
  <testcase name="@BeforeSuite setExtent" time="0.0" classname="com.Mastera.ExtentReport.ExtentReportClass">
    <ignored/>
  </testcase> <!-- @BeforeSuite setExtent -->
</testsuite> <!-- Test1 -->
