<?xml version="1.0" encoding="UTF-8"?>
<!-- Generated by org.testng.reporters.JUnitXMLReporter -->
<testsuite ignored="2" hostname="sqe-IdeaPad-5-15ITL05" failures="6" tests="60" name="Test" time="181.593" errors="0" timestamp="2022-04-11T21:07:26 IST">
  <testcase classname="com.ComCate.TestCases.Login" name="LoginAgency" time="10.339"/>
  <testcase classname="com.ComCate.TestCases.CCP" name="PreRequisite" time="8.198"/>
  <testcase classname="com.ComCate.TestCases.CCP" name="TC_CCP_01" time="2.204"/>
  <testcase classname="com.ComCate.TestCases.CCP" name="TC_CCP_02" time="0.042"/>
  <testcase classname="com.ComCate.TestCases.CCP" name="TC_CCP_03" time="4.295"/>
  <testcase classname="com.ComCate.TestCases.CCP" name="TC_CCP_04" time="4.084"/>
  <testcase classname="com.ComCate.TestCases.CCP" name="TC_CCP_06" time="3.223"/>
  <testcase classname="com.ComCate.TestCases.CCP" name="TC_CCP_07" time="2.129"/>
  <testcase classname="com.ComCate.TestCases.CCP" name="TC_CCP_08" time="0.279"/>
  <testcase classname="com.ComCate.TestCases.CCP" name="TC_CCP_09" time="1.631"/>
  <testcase classname="com.ComCate.TestCases.CCP" name="TC_CCP_10" time="1.808"/>
  <testcase classname="com.ComCate.TestCases.CCP" name="TC_CCP_11" time="2.216"/>
  <testcase classname="com.ComCate.TestCases.CCP" name="TC_CCP_12" time="1.327"/>
  <testcase classname="com.ComCate.TestCases.CCP" name="TC_CCP_13" time="2.465"/>
  <testcase classname="com.ComCate.TestCases.CCP" name="TC_CCP_14" time="1.104"/>
  <testcase classname="com.ComCate.TestCases.CCP" name="TC_CCP_15" time="2.25"/>
  <testcase classname="com.ComCate.TestCases.CCP" name="TC_CCP_16" time="0.154"/>
  <testcase classname="com.ComCate.TestCases.CCP" name="TC_CCP_17" time="1.033"/>
  <testcase classname="com.ComCate.TestCases.CCP" name="TC_CCP_18" time="0.105"/>
  <testcase classname="com.ComCate.TestCases.CCP" name="TC_CCP_19" time="0.193"/>
  <testcase classname="com.ComCate.TestCases.CCP" name="TC_CCP_20" time="0.121"/>
  <testcase classname="com.ComCate.TestCases.CCP" name="TC_CCP_21" time="0.312"/>
  <testcase classname="com.ComCate.TestCases.CCP" name="TC_CCP_22" time="0.306"/>
  <testcase classname="com.ComCate.TestCases.CCP" name="TC_CCP_23" time="0.203"/>
  <testcase classname="com.ComCate.TestCases.CCP" name="TC_CCP_24" time="0.222"/>
  <testcase classname="com.ComCate.TestCases.CCP" name="TC_CCP_25" time="0.427"/>
  <testcase classname="com.ComCate.TestCases.CCP" name="TC_CCP_26" time="2.177"/>
  <testcase classname="com.ComCate.TestCases.CCP" name="TC_CCP_27" time="0.033"/>
  <testcase classname="com.ComCate.TestCases.CCP" name="TC_CCP_28" time="0.114"/>
  <testcase classname="com.ComCate.TestCases.CCP" name="TC_CCP_29" time="5.109"/>
  <testcase classname="com.ComCate.TestCases.CCP" name="TC_CCP_30" time="7.197"/>
  <testcase classname="com.ComCate.TestCases.CCP" name="TC_CCP_31" time="5.132"/>
  <testcase classname="com.ComCate.TestCases.CCP" name="TC_CCP_32" time="1.17"/>
  <testcase classname="com.ComCate.TestCases.CCP" name="TC_CCP_34" time="2.059"/>
  <testcase classname="com.ComCate.TestCases.CCP" name="TC_CCP_35" time="4.207"/>
  <testcase classname="com.ComCate.TestCases.CCP" name="TC_CCP_36" time="2.093"/>
  <testcase classname="com.ComCate.TestCases.CCP" name="TC_CCP_37" time="2.816"/>
  <testcase classname="com.ComCate.TestCases.CCP" name="TC_CCP_38" time="0.108"/>
  <testcase classname="com.ComCate.TestCases.CCP" name="TC_CCP_39" time="2.097"/>
  <testcase classname="com.ComCate.TestCases.CCP" name="TC_CCP_40" time="8.81"/>
  <testcase classname="com.ComCate.TestCases.CCP" name="TC_CCP_42" time="1.364"/>
  <testcase classname="com.ComCate.TestCases.CCP" name="TC_CCP_43" time="1.236"/>
  <testcase classname="com.ComCate.TestCases.CCP" name="TC_CCP_44" time="1.052"/>
  <testcase classname="com.ComCate.TestCases.CCP" name="TC_CCP_45" time="0.024"/>
  <testcase classname="com.ComCate.TestCases.CCP" name="TC_CCP_46" time="0.133"/>
  <testcase classname="com.ComCate.TestCases.CCP" name="TC_CCP_47" time="3.176"/>
  <testcase classname="com.ComCate.TestCases.CCP" name="TC_CCP_48" time="2.139"/>
  <testcase classname="com.ComCate.TestCases.CCP" name="TC_CCP_49" time="5.09"/>
  <testcase classname="com.ComCate.TestCases.CCP" name="TC_CCP_50" time="3.934"/>
  <testcase classname="com.ComCate.TestCases.CCP" name="TC_CCP_51" time="1.194"/>
  <testcase classname="com.ComCate.TestCases.CCP" name="TC_CCP_52" time="6.557"/>
  <testcase classname="com.ComCate.TestCases.CCP" name="TC_CCP_53" time="1.206"/>
  <testcase classname="com.ComCate.TestCases.CCP" name="TC_CCP_54" time="0.516"/>
  <testcase classname="com.ComCate.TestCases.CCP" name="TC_CCP_55" time="12.503">
    <failure type="org.openqa.selenium.TimeoutException" message="Expected condition failed: waiting for visibility of element located by By.xpath: //div[@class=&amp;apos;flex-row--middle&amp;apos;]/button[2] (tried for 10 second(s) with 500 MILLISECONDS interval)">
      <![CDATA[org.openqa.selenium.TimeoutException: Expected condition failed: waiting for visibility of element located by By.xpath: //div[@class='flex-row--middle']/button[2] (tried for 10 second(s) with 500 MILLISECONDS interval)
at org.openqa.selenium.support.ui.WebDriverWait.timeoutException(WebDriverWait.java:80)
at org.openqa.selenium.support.ui.FluentWait.until(FluentWait.java:232)
at com.ComCate.CommonMethods.WebDriverWaits.WaitUntilVisible(WebDriverWaits.java:20)
at com.ComCate.TestCases.CCP.TC_CCP_55(CCP.java:1187)
at java.base/java.util.ArrayList.forEach(ArrayList.java:1541)
Caused by: org.openqa.selenium.NoSuchElementException: Cannot locate an element using By.xpath: //div[@class='flex-row--middle']/button[2]
For documentation on this error, please visit: http://seleniumhq.org/exceptions/no_such_element.html
Build info: version: '3.5.3', revision: 'a88d25fe6b', time: '2017-08-29T12:42:44.417Z'
System info: host: 'sqe-IdeaPad-5-15ITL05', ip: '127.0.1.1', os.name: 'Linux', os.arch: 'amd64', os.version: '5.13.0-37-generic', java.version: '11.0.14'
Driver info: driver.version: unknown
at org.openqa.selenium.support.ui.ExpectedConditions.lambda$findElement$0(ExpectedConditions.java:883)
at java.base/java.util.Optional.orElseThrow(Optional.java:408)
at org.openqa.selenium.support.ui.ExpectedConditions.findElement(ExpectedConditions.java:882)
at org.openqa.selenium.support.ui.ExpectedConditions.access$000(ExpectedConditions.java:44)
at org.openqa.selenium.support.ui.ExpectedConditions$7.apply(ExpectedConditions.java:206)
at org.openqa.selenium.support.ui.ExpectedConditions$7.apply(ExpectedConditions.java:202)
at org.openqa.selenium.support.ui.FluentWait.until(FluentWait.java:209)
... 34 more
... Removed 31 stack frames]]>
    </failure>
  </testcase> <!-- TC_CCP_55 -->
  <testcase classname="com.ComCate.TestCases.CCP" name="TC_CCP_56" time="2.059"/>
  <testcase classname="com.ComCate.TestCases.CCP" name="TC_CCP_57" time="1.126">
    <failure type="org.openqa.selenium.WebDriverException" message="element click intercepted: Element &amp;lt;button type=&amp;quot;button&amp;quot; class=&amp;quot;square-btn space-left btn btn-primary&amp;quot;&amp;gt;...&amp;lt;/button&amp;gt; is not clickable at point (1648, 18). Other element would receive the click: &amp;lt;div role=&amp;quot;dialog&amp;quot; tabindex=&amp;quot;-1&amp;quot; class=&amp;quot;attachments-edit modal-base fade in modal&amp;quot; style=&amp;quot;display: block; padding-left: 5px;&amp;quot;&amp;gt;...&amp;lt;/div&amp;gt;
  (Session info: chrome=99.0.4844.84)
Build info: version: &amp;apos;3.5.3&amp;apos;, revision: &amp;apos;a88d25fe6b&amp;apos;, time: &amp;apos;2017-08-29T12:42:44.417Z&amp;apos;
System info: host: &amp;apos;sqe-IdeaPad-5-15ITL05&amp;apos;, ip: &amp;apos;127.0.1.1&amp;apos;, os.name: &amp;apos;Linux&amp;apos;, os.arch: &amp;apos;amd64&amp;apos;, os.version: &amp;apos;5.13.0-37-generic&amp;apos;, java.version: &amp;apos;11.0.14&amp;apos;
Driver info: org.openqa.selenium.chrome.ChromeDriver
Capabilities [{networkConnectionEnabled=false, chrome={chromedriverVersion=99.0.4844.51 (d537ec02474b5afe23684e7963d538896c63ac77-refs/branch-heads/4844@{#875}), userDataDir=/tmp/.com.google.Chrome.444hCR}, timeouts={implicit=0, pageLoad=300000, script=30000}, pageLoadStrategy=normal, unhandledPromptBehavior=dismiss and notify, strictFileInteractability=false, platform=LINUX, proxy=Proxy(), goog:chromeOptions={debuggerAddress=localhost:45625}, webauthn:extension:credBlob=true, acceptInsecureCerts=false, browserVersion=99.0.4844.84, browserName=chrome, javascriptEnabled=true, platformName=LINUX, setWindowRect=true, webauthn:extension:largeBlob=true, webauthn:virtualAuthenticators=true}]
Session ID: 08b2fc48ca69d538c0df46cedbcbf7dc">
      <![CDATA[org.openqa.selenium.WebDriverException: element click intercepted: Element <button type="button" class="square-btn space-left btn btn-primary">...</button> is not clickable at point (1648, 18). Other element would receive the click: <div role="dialog" tabindex="-1" class="attachments-edit modal-base fade in modal" style="display: block; padding-left: 5px;">...</div>
  (Session info: chrome=99.0.4844.84)
Build info: version: '3.5.3', revision: 'a88d25fe6b', time: '2017-08-29T12:42:44.417Z'
System info: host: 'sqe-IdeaPad-5-15ITL05', ip: '127.0.1.1', os.name: 'Linux', os.arch: 'amd64', os.version: '5.13.0-37-generic', java.version: '11.0.14'
Driver info: org.openqa.selenium.chrome.ChromeDriver
Capabilities [{networkConnectionEnabled=false, chrome={chromedriverVersion=99.0.4844.51 (d537ec02474b5afe23684e7963d538896c63ac77-refs/branch-heads/4844@{#875}), userDataDir=/tmp/.com.google.Chrome.444hCR}, timeouts={implicit=0, pageLoad=300000, script=30000}, pageLoadStrategy=normal, unhandledPromptBehavior=dismiss and notify, strictFileInteractability=false, platform=LINUX, proxy=Proxy(), goog:chromeOptions={debuggerAddress=localhost:45625}, webauthn:extension:credBlob=true, acceptInsecureCerts=false, browserVersion=99.0.4844.84, browserName=chrome, javascriptEnabled=true, platformName=LINUX, setWindowRect=true, webauthn:extension:largeBlob=true, webauthn:virtualAuthenticators=true}]
Session ID: 08b2fc48ca69d538c0df46cedbcbf7dc
at org.openqa.selenium.remote.http.W3CHttpResponseCodec.createException(W3CHttpResponseCodec.java:185)
at org.openqa.selenium.remote.http.W3CHttpResponseCodec.decode(W3CHttpResponseCodec.java:120)
at org.openqa.selenium.remote.http.W3CHttpResponseCodec.decode(W3CHttpResponseCodec.java:49)
at org.openqa.selenium.remote.HttpCommandExecutor.execute(HttpCommandExecutor.java:164)
at org.openqa.selenium.remote.service.DriverCommandExecutor.execute(DriverCommandExecutor.java:82)
at org.openqa.selenium.remote.RemoteWebDriver.execute(RemoteWebDriver.java:646)
at org.openqa.selenium.remote.RemoteWebElement.execute(RemoteWebElement.java:275)
at org.openqa.selenium.remote.RemoteWebElement.click(RemoteWebElement.java:82)
at com.ComCate.CommonMethods.WebDriverWaits.ClickOn(WebDriverWaits.java:37)
at com.ComCate.TestCases.CCP.TC_CCP_57(CCP.java:1231)
at java.base/java.util.ArrayList.forEach(ArrayList.java:1541)
... Removed 35 stack frames]]>
    </failure>
  </testcase> <!-- TC_CCP_57 -->
  <testcase classname="com.ComCate.TestCases.CCP" name="TC_CCP_58" time="10.202">
    <failure type="org.openqa.selenium.TimeoutException" message="Expected condition failed: waiting for visibility of element located by By.xpath: //label[@for=&amp;apos;PERFORM_INSPECTION&amp;apos;] (tried for 10 second(s) with 500 MILLISECONDS interval)">
      <![CDATA[org.openqa.selenium.TimeoutException: Expected condition failed: waiting for visibility of element located by By.xpath: //label[@for='PERFORM_INSPECTION'] (tried for 10 second(s) with 500 MILLISECONDS interval)
at org.openqa.selenium.support.ui.WebDriverWait.timeoutException(WebDriverWait.java:80)
at org.openqa.selenium.support.ui.FluentWait.until(FluentWait.java:232)
at com.ComCate.CommonMethods.WebDriverWaits.WaitUntilVisibleWE(WebDriverWaits.java:26)
at com.ComCate.TestCases.CCP.TC_CCP_58(CCP.java:1245)
at java.base/java.util.ArrayList.forEach(ArrayList.java:1541)
Caused by: org.openqa.selenium.NoSuchElementException: Cannot locate an element using By.xpath: //label[@for='PERFORM_INSPECTION']
For documentation on this error, please visit: http://seleniumhq.org/exceptions/no_such_element.html
Build info: version: '3.5.3', revision: 'a88d25fe6b', time: '2017-08-29T12:42:44.417Z'
System info: host: 'sqe-IdeaPad-5-15ITL05', ip: '127.0.1.1', os.name: 'Linux', os.arch: 'amd64', os.version: '5.13.0-37-generic', java.version: '11.0.14'
Driver info: driver.version: unknown
at org.openqa.selenium.support.ui.ExpectedConditions.lambda$findElement$0(ExpectedConditions.java:883)
at java.base/java.util.Optional.orElseThrow(Optional.java:408)
at org.openqa.selenium.support.ui.ExpectedConditions.findElement(ExpectedConditions.java:882)
at org.openqa.selenium.support.ui.ExpectedConditions.access$000(ExpectedConditions.java:44)
at org.openqa.selenium.support.ui.ExpectedConditions$7.apply(ExpectedConditions.java:206)
at org.openqa.selenium.support.ui.ExpectedConditions$7.apply(ExpectedConditions.java:202)
at org.openqa.selenium.support.ui.FluentWait.until(FluentWait.java:209)
... 34 more
... Removed 31 stack frames]]>
    </failure>
  </testcase> <!-- TC_CCP_58 -->
  <testcase classname="com.ComCate.TestCases.CCP" name="TC_CCP_59" time="12.233">
    <failure type="org.openqa.selenium.TimeoutException" message="Expected condition failed: waiting for element to be clickable: By.xpath: //label[@for=&amp;apos;SCHEDULE_INSPECTION&amp;apos;] (tried for 10 second(s) with 500 MILLISECONDS interval)">
      <![CDATA[org.openqa.selenium.TimeoutException: Expected condition failed: waiting for element to be clickable: By.xpath: //label[@for='SCHEDULE_INSPECTION'] (tried for 10 second(s) with 500 MILLISECONDS interval)
at org.openqa.selenium.support.ui.WebDriverWait.timeoutException(WebDriverWait.java:80)
at org.openqa.selenium.support.ui.FluentWait.until(FluentWait.java:232)
at com.ComCate.CommonMethods.WebDriverWaits.ClickOn(WebDriverWaits.java:35)
at com.ComCate.TestCases.CCP.TC_CCP_59(CCP.java:1261)
at java.base/java.util.ArrayList.forEach(ArrayList.java:1541)
Caused by: org.openqa.selenium.NoSuchElementException: Cannot locate an element using By.xpath: //label[@for='SCHEDULE_INSPECTION']
For documentation on this error, please visit: http://seleniumhq.org/exceptions/no_such_element.html
Build info: version: '3.5.3', revision: 'a88d25fe6b', time: '2017-08-29T12:42:44.417Z'
System info: host: 'sqe-IdeaPad-5-15ITL05', ip: '127.0.1.1', os.name: 'Linux', os.arch: 'amd64', os.version: '5.13.0-37-generic', java.version: '11.0.14'
Driver info: driver.version: unknown
at org.openqa.selenium.support.ui.ExpectedConditions.lambda$findElement$0(ExpectedConditions.java:883)
at java.base/java.util.Optional.orElseThrow(Optional.java:408)
at org.openqa.selenium.support.ui.ExpectedConditions.findElement(ExpectedConditions.java:882)
at org.openqa.selenium.support.ui.ExpectedConditions.access$000(ExpectedConditions.java:44)
at org.openqa.selenium.support.ui.ExpectedConditions$7.apply(ExpectedConditions.java:206)
at org.openqa.selenium.support.ui.ExpectedConditions$7.apply(ExpectedConditions.java:202)
at org.openqa.selenium.support.ui.ExpectedConditions$22.apply(ExpectedConditions.java:644)
at org.openqa.selenium.support.ui.ExpectedConditions$22.apply(ExpectedConditions.java:641)
at org.openqa.selenium.support.ui.FluentWait.until(FluentWait.java:209)
... 34 more
... Removed 31 stack frames]]>
    </failure>
  </testcase> <!-- TC_CCP_59 -->
  <testcase classname="com.ComCate.TestCases.CCP" name="TC_CCP_60" time="10.234">
    <failure type="org.openqa.selenium.TimeoutException" message="Expected condition failed: waiting for visibility of element located by By.xpath: //div[@class=&amp;apos;inspection-details&amp;apos;] (tried for 10 second(s) with 500 MILLISECONDS interval)">
      <![CDATA[org.openqa.selenium.TimeoutException: Expected condition failed: waiting for visibility of element located by By.xpath: //div[@class='inspection-details'] (tried for 10 second(s) with 500 MILLISECONDS interval)
at org.openqa.selenium.support.ui.WebDriverWait.timeoutException(WebDriverWait.java:80)
at org.openqa.selenium.support.ui.FluentWait.until(FluentWait.java:232)
at com.ComCate.CommonMethods.WebDriverWaits.WaitUntilVisibleWE(WebDriverWaits.java:26)
at com.ComCate.TestCases.CCP.TC_CCP_60(CCP.java:1275)
at java.base/java.util.ArrayList.forEach(ArrayList.java:1541)
Caused by: org.openqa.selenium.NoSuchElementException: Cannot locate an element using By.xpath: //div[@class='inspection-details']
For documentation on this error, please visit: http://seleniumhq.org/exceptions/no_such_element.html
Build info: version: '3.5.3', revision: 'a88d25fe6b', time: '2017-08-29T12:42:44.417Z'
System info: host: 'sqe-IdeaPad-5-15ITL05', ip: '127.0.1.1', os.name: 'Linux', os.arch: 'amd64', os.version: '5.13.0-37-generic', java.version: '11.0.14'
Driver info: driver.version: unknown
at org.openqa.selenium.support.ui.ExpectedConditions.lambda$findElement$0(ExpectedConditions.java:883)
at java.base/java.util.Optional.orElseThrow(Optional.java:408)
at org.openqa.selenium.support.ui.ExpectedConditions.findElement(ExpectedConditions.java:882)
at org.openqa.selenium.support.ui.ExpectedConditions.access$000(ExpectedConditions.java:44)
at org.openqa.selenium.support.ui.ExpectedConditions$7.apply(ExpectedConditions.java:206)
at org.openqa.selenium.support.ui.ExpectedConditions$7.apply(ExpectedConditions.java:202)
at org.openqa.selenium.support.ui.FluentWait.until(FluentWait.java:209)
... 34 more
... Removed 31 stack frames]]>
    </failure>
  </testcase> <!-- TC_CCP_60 -->
  <testcase classname="com.ComCate.TestCases.CCP" name="TC_CCP_61" time="10.323">
    <failure type="org.openqa.selenium.TimeoutException" message="Expected condition failed: waiting for visibility of element located by By.xpath: //h2[@class=&amp;apos;case-details__case-status&amp;apos;] (tried for 10 second(s) with 500 MILLISECONDS interval)">
      <![CDATA[org.openqa.selenium.TimeoutException: Expected condition failed: waiting for visibility of element located by By.xpath: //h2[@class='case-details__case-status'] (tried for 10 second(s) with 500 MILLISECONDS interval)
at org.openqa.selenium.support.ui.WebDriverWait.timeoutException(WebDriverWait.java:80)
at org.openqa.selenium.support.ui.FluentWait.until(FluentWait.java:232)
at com.ComCate.CommonMethods.WebDriverWaits.WaitUntilVisibleWE(WebDriverWaits.java:26)
at com.ComCate.TestCases.CCP.TC_CCP_61(CCP.java:1291)
at java.base/java.util.ArrayList.forEach(ArrayList.java:1541)
Caused by: org.openqa.selenium.NoSuchElementException: Cannot locate an element using By.xpath: //h2[@class='case-details__case-status']
For documentation on this error, please visit: http://seleniumhq.org/exceptions/no_such_element.html
Build info: version: '3.5.3', revision: 'a88d25fe6b', time: '2017-08-29T12:42:44.417Z'
System info: host: 'sqe-IdeaPad-5-15ITL05', ip: '127.0.1.1', os.name: 'Linux', os.arch: 'amd64', os.version: '5.13.0-37-generic', java.version: '11.0.14'
Driver info: driver.version: unknown
at org.openqa.selenium.support.ui.ExpectedConditions.lambda$findElement$0(ExpectedConditions.java:883)
at java.base/java.util.Optional.orElseThrow(Optional.java:408)
at org.openqa.selenium.support.ui.ExpectedConditions.findElement(ExpectedConditions.java:882)
at org.openqa.selenium.support.ui.ExpectedConditions.access$000(ExpectedConditions.java:44)
at org.openqa.selenium.support.ui.ExpectedConditions$7.apply(ExpectedConditions.java:206)
at org.openqa.selenium.support.ui.ExpectedConditions$7.apply(ExpectedConditions.java:202)
at org.openqa.selenium.support.ui.FluentWait.until(FluentWait.java:209)
... 34 more
... Removed 31 stack frames]]>
    </failure>
  </testcase> <!-- TC_CCP_61 -->
  <testcase classname="com.ComCate.ExtentReport.ExtentReportClass" name="@BeforeSuite setExtent" time="0.0">
    <ignored/>
  </testcase> <!-- @BeforeSuite setExtent -->
  <testcase classname="com.ComCate.ExtentReport.ExtentReportClass" name="@AfterSuite endReport" time="0.0">
    <ignored/>
  </testcase> <!-- @AfterSuite endReport -->
</testsuite> <!-- Test -->
