<html>
<head>
<title>TestNG:  Test</title>
<link href="../testng.css" rel="stylesheet" type="text/css" />
<link href="../my-testng.css" rel="stylesheet" type="text/css" />

<style type="text/css">
.log { display: none;} 
.stack-trace { display: none;} 
</style>
<script type="text/javascript">
<!--
function flip(e) {
  current = e.style.display;
  if (current == 'block') {
    e.style.display = 'none';
    return 0;
  }
  else {
    e.style.display = 'block';
    return 1;
  }
}

function toggleBox(szDivId, elem, msg1, msg2)
{
  var res = -1;  if (document.getElementById) {
    res = flip(document.getElementById(szDivId));
  }
  else if (document.all) {
    // this is the way old msie versions work
    res = flip(document.all[szDivId]);
  }
  if(elem) {
    if(res == 0) elem.innerHTML = msg1; else elem.innerHTML = msg2;
  }

}

function toggleAllBoxes() {
  if (document.getElementsByTagName) {
    d = document.getElementsByTagName('div');
    for (i = 0; i < d.length; i++) {
      if (d[i].className == 'log') {
        flip(d[i]);
      }
    }
  }
}

// -->
</script>

</head>
<body>
<h2 align='center'>Test</h2><table border='1' align="center">
<tr>
<td>Tests passed/Failed/Skipped:</td><td>54/6/0</td>
</tr><tr>
<td>Started on:</td><td>Mon Apr 11 21:04:24 IST 2022</td>
</tr>
<tr><td>Total time:</td><td>181 seconds (181593 ms)</td>
</tr><tr>
<td>Included groups:</td><td></td>
</tr><tr>
<td>Excluded groups:</td><td></td>
</tr>
</table><p/>
<small><i>(Hover the method name to see the test class name)</i></small><p/>
<table width='100%' border='1' class='invocation-failed'>
<tr><td colspan='4' align='center'><b>FAILED TESTS</b></td></tr>
<tr><td><b>Test method</b></td>
<td width="30%"><b>Exception</b></td>
<td width="10%"><b>Time (seconds)</b></td>
<td><b>Instance</b></td>
</tr>
<tr>
<td title='com.ComCate.TestCases.CCP.TC_CCP_59()'><b>TC_CCP_59</b><br>Test class: com.ComCate.TestCases.CCP</td>
<td><div><pre>org.openqa.selenium.TimeoutException: Expected condition failed: waiting for element to be clickable: By.xpath: //label[@for=&apos;SCHEDULE_INSPECTION&apos;] (tried for 10 second(s) with 500 MILLISECONDS interval)
	at org.openqa.selenium.support.ui.WebDriverWait.timeoutException(WebDriverWait.java:80)
	at org.openqa.selenium.support.ui.FluentWait.until(FluentWait.java:232)
	at com.ComCate.CommonMethods.WebDriverWaits.ClickOn(WebDriverWaits.java:35)
	at com.ComCate.TestCases.CCP.TC_CCP_59(CCP.java:1261)
	at java.base/java.util.ArrayList.forEach(ArrayList.java:1541)
Caused by: org.openqa.selenium.NoSuchElementException: Cannot locate an element using By.xpath: //label[@for=&apos;SCHEDULE_INSPECTION&apos;]
For documentation on this error, please visit: http://seleniumhq.org/exceptions/no_such_element.html
Build info: version: &apos;3.5.3&apos;, revision: &apos;a88d25fe6b&apos;, time: &apos;2017-08-29T12:42:44.417Z&apos;
System info: host: &apos;sqe-IdeaPad-5-15ITL05&apos;, ip: &apos;127.0.1.1&apos;, os.name: &apos;Linux&apos;, os.arch: &apos;amd64&apos;, os.version: &apos;5.13.0-37-generic&apos;, java.version: &apos;11.0.14&apos;
Driver info: driver.version: unknown
	at org.openqa.selenium.support.ui.ExpectedConditions.lambda$findElement$0(ExpectedConditions.java:883)
	at java.base/java.util.Optional.orElseThrow(Optional.java:408)
	at org.openqa.selenium.support.ui.ExpectedConditions.findElement(ExpectedConditions.java:882)
	at org.openqa.selenium.support.ui.ExpectedConditions.access$000(ExpectedConditions.java:44)
	at org.openqa.selenium.support.ui.ExpectedConditions$7.apply(ExpectedConditions.java:206)
	at org.openqa.selenium.support.ui.ExpectedConditions$7.apply(ExpectedConditions.java:202)
	at org.openqa.selenium.support.ui.ExpectedConditions$22.apply(ExpectedConditions.java:644)
	at org.openqa.selenium.support.ui.ExpectedConditions$22.apply(ExpectedConditions.java:641)
	at org.openqa.selenium.support.ui.FluentWait.until(FluentWait.java:209)
	... 34 more
... Removed 31 stack frames</pre></div><a href='#' onClick='toggleBox("stack-trace48428832", this, "Click to show all stack frames", "Click to hide stack frames")'>Click to show all stack frames</a>
<div class='stack-trace' id='stack-trace48428832'><pre>org.openqa.selenium.TimeoutException: Expected condition failed: waiting for element to be clickable: By.xpath: //label[@for=&apos;SCHEDULE_INSPECTION&apos;] (tried for 10 second(s) with 500 MILLISECONDS interval)
	at org.openqa.selenium.support.ui.WebDriverWait.timeoutException(WebDriverWait.java:80)
	at org.openqa.selenium.support.ui.FluentWait.until(FluentWait.java:232)
	at com.ComCate.CommonMethods.WebDriverWaits.ClickOn(WebDriverWaits.java:35)
	at com.ComCate.TestCases.CCP.TC_CCP_59(CCP.java:1261)
	at java.base/jdk.internal.reflect.NativeMethodAccessorImpl.invoke0(Native Method)
	at java.base/jdk.internal.reflect.NativeMethodAccessorImpl.invoke(NativeMethodAccessorImpl.java:62)
	at java.base/jdk.internal.reflect.DelegatingMethodAccessorImpl.invoke(DelegatingMethodAccessorImpl.java:43)
	at java.base/java.lang.reflect.Method.invoke(Method.java:566)
	at org.testng.internal.invokers.MethodInvocationHelper.invokeMethod(MethodInvocationHelper.java:135)
	at org.testng.internal.invokers.TestInvoker.invokeMethod(TestInvoker.java:673)
	at org.testng.internal.invokers.TestInvoker.invokeTestMethod(TestInvoker.java:220)
	at org.testng.internal.invokers.MethodRunner.runInSequence(MethodRunner.java:50)
	at org.testng.internal.invokers.TestInvoker$MethodInvocationAgent.invoke(TestInvoker.java:945)
	at org.testng.internal.invokers.TestInvoker.invokeTestMethods(TestInvoker.java:193)
	at org.testng.internal.invokers.TestMethodWorker.invokeTestMethods(TestMethodWorker.java:146)
	at org.testng.internal.invokers.TestMethodWorker.run(TestMethodWorker.java:128)
	at java.base/java.util.ArrayList.forEach(ArrayList.java:1541)
	at org.testng.TestRunner.privateRun(TestRunner.java:808)
	at org.testng.TestRunner.run(TestRunner.java:603)
	at org.testng.SuiteRunner.runTest(SuiteRunner.java:429)
	at org.testng.SuiteRunner.runSequentially(SuiteRunner.java:423)
	at org.testng.SuiteRunner.privateRun(SuiteRunner.java:383)
	at org.testng.SuiteRunner.run(SuiteRunner.java:326)
	at org.testng.SuiteRunnerWorker.runSuite(SuiteRunnerWorker.java:52)
	at org.testng.SuiteRunnerWorker.run(SuiteRunnerWorker.java:95)
	at org.testng.TestNG.runSuitesSequentially(TestNG.java:1249)
	at org.testng.TestNG.runSuitesLocally(TestNG.java:1169)
	at org.testng.TestNG.runSuites(TestNG.java:1092)
	at org.testng.TestNG.run(TestNG.java:1060)
	at org.apache.maven.surefire.testng.TestNGExecutor.run(TestNGExecutor.java:324)
	at org.apache.maven.surefire.testng.TestNGXmlTestSuite.execute(TestNGXmlTestSuite.java:74)
	at org.apache.maven.surefire.testng.TestNGProvider.invoke(TestNGProvider.java:123)
	at org.apache.maven.surefire.booter.ForkedBooter.runSuitesInProcess(ForkedBooter.java:456)
	at org.apache.maven.surefire.booter.ForkedBooter.execute(ForkedBooter.java:169)
	at org.apache.maven.surefire.booter.ForkedBooter.run(ForkedBooter.java:595)
	at org.apache.maven.surefire.booter.ForkedBooter.main(ForkedBooter.java:581)
Caused by: org.openqa.selenium.NoSuchElementException: Cannot locate an element using By.xpath: //label[@for=&apos;SCHEDULE_INSPECTION&apos;]
For documentation on this error, please visit: http://seleniumhq.org/exceptions/no_such_element.html
Build info: version: &apos;3.5.3&apos;, revision: &apos;a88d25fe6b&apos;, time: &apos;2017-08-29T12:42:44.417Z&apos;
System info: host: &apos;sqe-IdeaPad-5-15ITL05&apos;, ip: &apos;127.0.1.1&apos;, os.name: &apos;Linux&apos;, os.arch: &apos;amd64&apos;, os.version: &apos;5.13.0-37-generic&apos;, java.version: &apos;11.0.14&apos;
Driver info: driver.version: unknown
	at org.openqa.selenium.support.ui.ExpectedConditions.lambda$findElement$0(ExpectedConditions.java:883)
	at java.base/java.util.Optional.orElseThrow(Optional.java:408)
	at org.openqa.selenium.support.ui.ExpectedConditions.findElement(ExpectedConditions.java:882)
	at org.openqa.selenium.support.ui.ExpectedConditions.access$000(ExpectedConditions.java:44)
	at org.openqa.selenium.support.ui.ExpectedConditions$7.apply(ExpectedConditions.java:206)
	at org.openqa.selenium.support.ui.ExpectedConditions$7.apply(ExpectedConditions.java:202)
	at org.openqa.selenium.support.ui.ExpectedConditions$22.apply(ExpectedConditions.java:644)
	at org.openqa.selenium.support.ui.ExpectedConditions$22.apply(ExpectedConditions.java:641)
	at org.openqa.selenium.support.ui.FluentWait.until(FluentWait.java:209)
	... 34 more
</pre></div></td>
<td>12</td>
<td>com.ComCate.TestCases.CCP@3fc2959f</td></tr>
<tr>
<td title='com.ComCate.TestCases.CCP.TC_CCP_57()'><b>TC_CCP_57</b><br>Test class: com.ComCate.TestCases.CCP</td>
<td><div><pre>org.openqa.selenium.WebDriverException: element click intercepted: Element &lt;button type=&quot;button&quot; class=&quot;square-btn space-left btn btn-primary&quot;&gt;...&lt;/button&gt; is not clickable at point (1648, 18). Other element would receive the click: &lt;div role=&quot;dialog&quot; tabindex=&quot;-1&quot; class=&quot;attachments-edit modal-base fade in modal&quot; style=&quot;display: block; padding-left: 5px;&quot;&gt;...&lt;/div&gt;
  (Session info: chrome=99.0.4844.84)
Build info: version: &apos;3.5.3&apos;, revision: &apos;a88d25fe6b&apos;, time: &apos;2017-08-29T12:42:44.417Z&apos;
System info: host: &apos;sqe-IdeaPad-5-15ITL05&apos;, ip: &apos;127.0.1.1&apos;, os.name: &apos;Linux&apos;, os.arch: &apos;amd64&apos;, os.version: &apos;5.13.0-37-generic&apos;, java.version: &apos;11.0.14&apos;
Driver info: org.openqa.selenium.chrome.ChromeDriver
Capabilities [{networkConnectionEnabled=false, chrome={chromedriverVersion=99.0.4844.51 (d537ec02474b5afe23684e7963d538896c63ac77-refs/branch-heads/4844@{#875}), userDataDir=/tmp/.com.google.Chrome.444hCR}, timeouts={implicit=0, pageLoad=300000, script=30000}, pageLoadStrategy=normal, unhandledPromptBehavior=dismiss and notify, strictFileInteractability=false, platform=LINUX, proxy=Proxy(), goog:chromeOptions={debuggerAddress=localhost:45625}, webauthn:extension:credBlob=true, acceptInsecureCerts=false, browserVersion=99.0.4844.84, browserName=chrome, javascriptEnabled=true, platformName=LINUX, setWindowRect=true, webauthn:extension:largeBlob=true, webauthn:virtualAuthenticators=true}]
Session ID: 08b2fc48ca69d538c0df46cedbcbf7dc
	at org.openqa.selenium.remote.http.W3CHttpResponseCodec.createException(W3CHttpResponseCodec.java:185)
	at org.openqa.selenium.remote.http.W3CHttpResponseCodec.decode(W3CHttpResponseCodec.java:120)
	at org.openqa.selenium.remote.http.W3CHttpResponseCodec.decode(W3CHttpResponseCodec.java:49)
	at org.openqa.selenium.remote.HttpCommandExecutor.execute(HttpCommandExecutor.java:164)
	at org.openqa.selenium.remote.service.DriverCommandExecutor.execute(DriverCommandExecutor.java:82)
	at org.openqa.selenium.remote.RemoteWebDriver.execute(RemoteWebDriver.java:646)
	at org.openqa.selenium.remote.RemoteWebElement.execute(RemoteWebElement.java:275)
	at org.openqa.selenium.remote.RemoteWebElement.click(RemoteWebElement.java:82)
	at com.ComCate.CommonMethods.WebDriverWaits.ClickOn(WebDriverWaits.java:37)
	at com.ComCate.TestCases.CCP.TC_CCP_57(CCP.java:1231)
	at java.base/java.util.ArrayList.forEach(ArrayList.java:1541)
... Removed 35 stack frames</pre></div><a href='#' onClick='toggleBox("stack-trace18601987", this, "Click to show all stack frames", "Click to hide stack frames")'>Click to show all stack frames</a>
<div class='stack-trace' id='stack-trace18601987'><pre>org.openqa.selenium.WebDriverException: element click intercepted: Element &lt;button type=&quot;button&quot; class=&quot;square-btn space-left btn btn-primary&quot;&gt;...&lt;/button&gt; is not clickable at point (1648, 18). Other element would receive the click: &lt;div role=&quot;dialog&quot; tabindex=&quot;-1&quot; class=&quot;attachments-edit modal-base fade in modal&quot; style=&quot;display: block; padding-left: 5px;&quot;&gt;...&lt;/div&gt;
  (Session info: chrome=99.0.4844.84)
Build info: version: &apos;3.5.3&apos;, revision: &apos;a88d25fe6b&apos;, time: &apos;2017-08-29T12:42:44.417Z&apos;
System info: host: &apos;sqe-IdeaPad-5-15ITL05&apos;, ip: &apos;127.0.1.1&apos;, os.name: &apos;Linux&apos;, os.arch: &apos;amd64&apos;, os.version: &apos;5.13.0-37-generic&apos;, java.version: &apos;11.0.14&apos;
Driver info: org.openqa.selenium.chrome.ChromeDriver
Capabilities [{networkConnectionEnabled=false, chrome={chromedriverVersion=99.0.4844.51 (d537ec02474b5afe23684e7963d538896c63ac77-refs/branch-heads/4844@{#875}), userDataDir=/tmp/.com.google.Chrome.444hCR}, timeouts={implicit=0, pageLoad=300000, script=30000}, pageLoadStrategy=normal, unhandledPromptBehavior=dismiss and notify, strictFileInteractability=false, platform=LINUX, proxy=Proxy(), goog:chromeOptions={debuggerAddress=localhost:45625}, webauthn:extension:credBlob=true, acceptInsecureCerts=false, browserVersion=99.0.4844.84, browserName=chrome, javascriptEnabled=true, platformName=LINUX, setWindowRect=true, webauthn:extension:largeBlob=true, webauthn:virtualAuthenticators=true}]
Session ID: 08b2fc48ca69d538c0df46cedbcbf7dc
	at java.base/jdk.internal.reflect.NativeConstructorAccessorImpl.newInstance0(Native Method)
	at java.base/jdk.internal.reflect.NativeConstructorAccessorImpl.newInstance(NativeConstructorAccessorImpl.java:62)
	at java.base/jdk.internal.reflect.DelegatingConstructorAccessorImpl.newInstance(DelegatingConstructorAccessorImpl.java:45)
	at java.base/java.lang.reflect.Constructor.newInstance(Constructor.java:490)
	at org.openqa.selenium.remote.http.W3CHttpResponseCodec.createException(W3CHttpResponseCodec.java:185)
	at org.openqa.selenium.remote.http.W3CHttpResponseCodec.decode(W3CHttpResponseCodec.java:120)
	at org.openqa.selenium.remote.http.W3CHttpResponseCodec.decode(W3CHttpResponseCodec.java:49)
	at org.openqa.selenium.remote.HttpCommandExecutor.execute(HttpCommandExecutor.java:164)
	at org.openqa.selenium.remote.service.DriverCommandExecutor.execute(DriverCommandExecutor.java:82)
	at org.openqa.selenium.remote.RemoteWebDriver.execute(RemoteWebDriver.java:646)
	at org.openqa.selenium.remote.RemoteWebElement.execute(RemoteWebElement.java:275)
	at org.openqa.selenium.remote.RemoteWebElement.click(RemoteWebElement.java:82)
	at com.ComCate.CommonMethods.WebDriverWaits.ClickOn(WebDriverWaits.java:37)
	at com.ComCate.TestCases.CCP.TC_CCP_57(CCP.java:1231)
	at java.base/jdk.internal.reflect.NativeMethodAccessorImpl.invoke0(Native Method)
	at java.base/jdk.internal.reflect.NativeMethodAccessorImpl.invoke(NativeMethodAccessorImpl.java:62)
	at java.base/jdk.internal.reflect.DelegatingMethodAccessorImpl.invoke(DelegatingMethodAccessorImpl.java:43)
	at java.base/java.lang.reflect.Method.invoke(Method.java:566)
	at org.testng.internal.invokers.MethodInvocationHelper.invokeMethod(MethodInvocationHelper.java:135)
	at org.testng.internal.invokers.TestInvoker.invokeMethod(TestInvoker.java:673)
	at org.testng.internal.invokers.TestInvoker.invokeTestMethod(TestInvoker.java:220)
	at org.testng.internal.invokers.MethodRunner.runInSequence(MethodRunner.java:50)
	at org.testng.internal.invokers.TestInvoker$MethodInvocationAgent.invoke(TestInvoker.java:945)
	at org.testng.internal.invokers.TestInvoker.invokeTestMethods(TestInvoker.java:193)
	at org.testng.internal.invokers.TestMethodWorker.invokeTestMethods(TestMethodWorker.java:146)
	at org.testng.internal.invokers.TestMethodWorker.run(TestMethodWorker.java:128)
	at java.base/java.util.ArrayList.forEach(ArrayList.java:1541)
	at org.testng.TestRunner.privateRun(TestRunner.java:808)
	at org.testng.TestRunner.run(TestRunner.java:603)
	at org.testng.SuiteRunner.runTest(SuiteRunner.java:429)
	at org.testng.SuiteRunner.runSequentially(SuiteRunner.java:423)
	at org.testng.SuiteRunner.privateRun(SuiteRunner.java:383)
	at org.testng.SuiteRunner.run(SuiteRunner.java:326)
	at org.testng.SuiteRunnerWorker.runSuite(SuiteRunnerWorker.java:52)
	at org.testng.SuiteRunnerWorker.run(SuiteRunnerWorker.java:95)
	at org.testng.TestNG.runSuitesSequentially(TestNG.java:1249)
	at org.testng.TestNG.runSuitesLocally(TestNG.java:1169)
	at org.testng.TestNG.runSuites(TestNG.java:1092)
	at org.testng.TestNG.run(TestNG.java:1060)
	at org.apache.maven.surefire.testng.TestNGExecutor.run(TestNGExecutor.java:324)
	at org.apache.maven.surefire.testng.TestNGXmlTestSuite.execute(TestNGXmlTestSuite.java:74)
	at org.apache.maven.surefire.testng.TestNGProvider.invoke(TestNGProvider.java:123)
	at org.apache.maven.surefire.booter.ForkedBooter.runSuitesInProcess(ForkedBooter.java:456)
	at org.apache.maven.surefire.booter.ForkedBooter.execute(ForkedBooter.java:169)
	at org.apache.maven.surefire.booter.ForkedBooter.run(ForkedBooter.java:595)
	at org.apache.maven.surefire.booter.ForkedBooter.main(ForkedBooter.java:581)
</pre></div></td>
<td>1</td>
<td>com.ComCate.TestCases.CCP@3fc2959f</td></tr>
<tr>
<td title='com.ComCate.TestCases.CCP.TC_CCP_58()'><b>TC_CCP_58</b><br>Test class: com.ComCate.TestCases.CCP</td>
<td><div><pre>org.openqa.selenium.TimeoutException: Expected condition failed: waiting for visibility of element located by By.xpath: //label[@for=&apos;PERFORM_INSPECTION&apos;] (tried for 10 second(s) with 500 MILLISECONDS interval)
	at org.openqa.selenium.support.ui.WebDriverWait.timeoutException(WebDriverWait.java:80)
	at org.openqa.selenium.support.ui.FluentWait.until(FluentWait.java:232)
	at com.ComCate.CommonMethods.WebDriverWaits.WaitUntilVisibleWE(WebDriverWaits.java:26)
	at com.ComCate.TestCases.CCP.TC_CCP_58(CCP.java:1245)
	at java.base/java.util.ArrayList.forEach(ArrayList.java:1541)
Caused by: org.openqa.selenium.NoSuchElementException: Cannot locate an element using By.xpath: //label[@for=&apos;PERFORM_INSPECTION&apos;]
For documentation on this error, please visit: http://seleniumhq.org/exceptions/no_such_element.html
Build info: version: &apos;3.5.3&apos;, revision: &apos;a88d25fe6b&apos;, time: &apos;2017-08-29T12:42:44.417Z&apos;
System info: host: &apos;sqe-IdeaPad-5-15ITL05&apos;, ip: &apos;127.0.1.1&apos;, os.name: &apos;Linux&apos;, os.arch: &apos;amd64&apos;, os.version: &apos;5.13.0-37-generic&apos;, java.version: &apos;11.0.14&apos;
Driver info: driver.version: unknown
	at org.openqa.selenium.support.ui.ExpectedConditions.lambda$findElement$0(ExpectedConditions.java:883)
	at java.base/java.util.Optional.orElseThrow(Optional.java:408)
	at org.openqa.selenium.support.ui.ExpectedConditions.findElement(ExpectedConditions.java:882)
	at org.openqa.selenium.support.ui.ExpectedConditions.access$000(ExpectedConditions.java:44)
	at org.openqa.selenium.support.ui.ExpectedConditions$7.apply(ExpectedConditions.java:206)
	at org.openqa.selenium.support.ui.ExpectedConditions$7.apply(ExpectedConditions.java:202)
	at org.openqa.selenium.support.ui.FluentWait.until(FluentWait.java:209)
	... 34 more
... Removed 31 stack frames</pre></div><a href='#' onClick='toggleBox("stack-trace536671860", this, "Click to show all stack frames", "Click to hide stack frames")'>Click to show all stack frames</a>
<div class='stack-trace' id='stack-trace536671860'><pre>org.openqa.selenium.TimeoutException: Expected condition failed: waiting for visibility of element located by By.xpath: //label[@for=&apos;PERFORM_INSPECTION&apos;] (tried for 10 second(s) with 500 MILLISECONDS interval)
	at org.openqa.selenium.support.ui.WebDriverWait.timeoutException(WebDriverWait.java:80)
	at org.openqa.selenium.support.ui.FluentWait.until(FluentWait.java:232)
	at com.ComCate.CommonMethods.WebDriverWaits.WaitUntilVisibleWE(WebDriverWaits.java:26)
	at com.ComCate.TestCases.CCP.TC_CCP_58(CCP.java:1245)
	at java.base/jdk.internal.reflect.NativeMethodAccessorImpl.invoke0(Native Method)
	at java.base/jdk.internal.reflect.NativeMethodAccessorImpl.invoke(NativeMethodAccessorImpl.java:62)
	at java.base/jdk.internal.reflect.DelegatingMethodAccessorImpl.invoke(DelegatingMethodAccessorImpl.java:43)
	at java.base/java.lang.reflect.Method.invoke(Method.java:566)
	at org.testng.internal.invokers.MethodInvocationHelper.invokeMethod(MethodInvocationHelper.java:135)
	at org.testng.internal.invokers.TestInvoker.invokeMethod(TestInvoker.java:673)
	at org.testng.internal.invokers.TestInvoker.invokeTestMethod(TestInvoker.java:220)
	at org.testng.internal.invokers.MethodRunner.runInSequence(MethodRunner.java:50)
	at org.testng.internal.invokers.TestInvoker$MethodInvocationAgent.invoke(TestInvoker.java:945)
	at org.testng.internal.invokers.TestInvoker.invokeTestMethods(TestInvoker.java:193)
	at org.testng.internal.invokers.TestMethodWorker.invokeTestMethods(TestMethodWorker.java:146)
	at org.testng.internal.invokers.TestMethodWorker.run(TestMethodWorker.java:128)
	at java.base/java.util.ArrayList.forEach(ArrayList.java:1541)
	at org.testng.TestRunner.privateRun(TestRunner.java:808)
	at org.testng.TestRunner.run(TestRunner.java:603)
	at org.testng.SuiteRunner.runTest(SuiteRunner.java:429)
	at org.testng.SuiteRunner.runSequentially(SuiteRunner.java:423)
	at org.testng.SuiteRunner.privateRun(SuiteRunner.java:383)
	at org.testng.SuiteRunner.run(SuiteRunner.java:326)
	at org.testng.SuiteRunnerWorker.runSuite(SuiteRunnerWorker.java:52)
	at org.testng.SuiteRunnerWorker.run(SuiteRunnerWorker.java:95)
	at org.testng.TestNG.runSuitesSequentially(TestNG.java:1249)
	at org.testng.TestNG.runSuitesLocally(TestNG.java:1169)
	at org.testng.TestNG.runSuites(TestNG.java:1092)
	at org.testng.TestNG.run(TestNG.java:1060)
	at org.apache.maven.surefire.testng.TestNGExecutor.run(TestNGExecutor.java:324)
	at org.apache.maven.surefire.testng.TestNGXmlTestSuite.execute(TestNGXmlTestSuite.java:74)
	at org.apache.maven.surefire.testng.TestNGProvider.invoke(TestNGProvider.java:123)
	at org.apache.maven.surefire.booter.ForkedBooter.runSuitesInProcess(ForkedBooter.java:456)
	at org.apache.maven.surefire.booter.ForkedBooter.execute(ForkedBooter.java:169)
	at org.apache.maven.surefire.booter.ForkedBooter.run(ForkedBooter.java:595)
	at org.apache.maven.surefire.booter.ForkedBooter.main(ForkedBooter.java:581)
Caused by: org.openqa.selenium.NoSuchElementException: Cannot locate an element using By.xpath: //label[@for=&apos;PERFORM_INSPECTION&apos;]
For documentation on this error, please visit: http://seleniumhq.org/exceptions/no_such_element.html
Build info: version: &apos;3.5.3&apos;, revision: &apos;a88d25fe6b&apos;, time: &apos;2017-08-29T12:42:44.417Z&apos;
System info: host: &apos;sqe-IdeaPad-5-15ITL05&apos;, ip: &apos;127.0.1.1&apos;, os.name: &apos;Linux&apos;, os.arch: &apos;amd64&apos;, os.version: &apos;5.13.0-37-generic&apos;, java.version: &apos;11.0.14&apos;
Driver info: driver.version: unknown
	at org.openqa.selenium.support.ui.ExpectedConditions.lambda$findElement$0(ExpectedConditions.java:883)
	at java.base/java.util.Optional.orElseThrow(Optional.java:408)
	at org.openqa.selenium.support.ui.ExpectedConditions.findElement(ExpectedConditions.java:882)
	at org.openqa.selenium.support.ui.ExpectedConditions.access$000(ExpectedConditions.java:44)
	at org.openqa.selenium.support.ui.ExpectedConditions$7.apply(ExpectedConditions.java:206)
	at org.openqa.selenium.support.ui.ExpectedConditions$7.apply(ExpectedConditions.java:202)
	at org.openqa.selenium.support.ui.FluentWait.until(FluentWait.java:209)
	... 34 more
</pre></div></td>
<td>10</td>
<td>com.ComCate.TestCases.CCP@3fc2959f</td></tr>
<tr>
<td title='com.ComCate.TestCases.CCP.TC_CCP_60()'><b>TC_CCP_60</b><br>Test class: com.ComCate.TestCases.CCP</td>
<td><div><pre>org.openqa.selenium.TimeoutException: Expected condition failed: waiting for visibility of element located by By.xpath: //div[@class=&apos;inspection-details&apos;] (tried for 10 second(s) with 500 MILLISECONDS interval)
	at org.openqa.selenium.support.ui.WebDriverWait.timeoutException(WebDriverWait.java:80)
	at org.openqa.selenium.support.ui.FluentWait.until(FluentWait.java:232)
	at com.ComCate.CommonMethods.WebDriverWaits.WaitUntilVisibleWE(WebDriverWaits.java:26)
	at com.ComCate.TestCases.CCP.TC_CCP_60(CCP.java:1275)
	at java.base/java.util.ArrayList.forEach(ArrayList.java:1541)
Caused by: org.openqa.selenium.NoSuchElementException: Cannot locate an element using By.xpath: //div[@class=&apos;inspection-details&apos;]
For documentation on this error, please visit: http://seleniumhq.org/exceptions/no_such_element.html
Build info: version: &apos;3.5.3&apos;, revision: &apos;a88d25fe6b&apos;, time: &apos;2017-08-29T12:42:44.417Z&apos;
System info: host: &apos;sqe-IdeaPad-5-15ITL05&apos;, ip: &apos;127.0.1.1&apos;, os.name: &apos;Linux&apos;, os.arch: &apos;amd64&apos;, os.version: &apos;5.13.0-37-generic&apos;, java.version: &apos;11.0.14&apos;
Driver info: driver.version: unknown
	at org.openqa.selenium.support.ui.ExpectedConditions.lambda$findElement$0(ExpectedConditions.java:883)
	at java.base/java.util.Optional.orElseThrow(Optional.java:408)
	at org.openqa.selenium.support.ui.ExpectedConditions.findElement(ExpectedConditions.java:882)
	at org.openqa.selenium.support.ui.ExpectedConditions.access$000(ExpectedConditions.java:44)
	at org.openqa.selenium.support.ui.ExpectedConditions$7.apply(ExpectedConditions.java:206)
	at org.openqa.selenium.support.ui.ExpectedConditions$7.apply(ExpectedConditions.java:202)
	at org.openqa.selenium.support.ui.FluentWait.until(FluentWait.java:209)
	... 34 more
... Removed 31 stack frames</pre></div><a href='#' onClick='toggleBox("stack-trace1066656936", this, "Click to show all stack frames", "Click to hide stack frames")'>Click to show all stack frames</a>
<div class='stack-trace' id='stack-trace1066656936'><pre>org.openqa.selenium.TimeoutException: Expected condition failed: waiting for visibility of element located by By.xpath: //div[@class=&apos;inspection-details&apos;] (tried for 10 second(s) with 500 MILLISECONDS interval)
	at org.openqa.selenium.support.ui.WebDriverWait.timeoutException(WebDriverWait.java:80)
	at org.openqa.selenium.support.ui.FluentWait.until(FluentWait.java:232)
	at com.ComCate.CommonMethods.WebDriverWaits.WaitUntilVisibleWE(WebDriverWaits.java:26)
	at com.ComCate.TestCases.CCP.TC_CCP_60(CCP.java:1275)
	at java.base/jdk.internal.reflect.NativeMethodAccessorImpl.invoke0(Native Method)
	at java.base/jdk.internal.reflect.NativeMethodAccessorImpl.invoke(NativeMethodAccessorImpl.java:62)
	at java.base/jdk.internal.reflect.DelegatingMethodAccessorImpl.invoke(DelegatingMethodAccessorImpl.java:43)
	at java.base/java.lang.reflect.Method.invoke(Method.java:566)
	at org.testng.internal.invokers.MethodInvocationHelper.invokeMethod(MethodInvocationHelper.java:135)
	at org.testng.internal.invokers.TestInvoker.invokeMethod(TestInvoker.java:673)
	at org.testng.internal.invokers.TestInvoker.invokeTestMethod(TestInvoker.java:220)
	at org.testng.internal.invokers.MethodRunner.runInSequence(MethodRunner.java:50)
	at org.testng.internal.invokers.TestInvoker$MethodInvocationAgent.invoke(TestInvoker.java:945)
	at org.testng.internal.invokers.TestInvoker.invokeTestMethods(TestInvoker.java:193)
	at org.testng.internal.invokers.TestMethodWorker.invokeTestMethods(TestMethodWorker.java:146)
	at org.testng.internal.invokers.TestMethodWorker.run(TestMethodWorker.java:128)
	at java.base/java.util.ArrayList.forEach(ArrayList.java:1541)
	at org.testng.TestRunner.privateRun(TestRunner.java:808)
	at org.testng.TestRunner.run(TestRunner.java:603)
	at org.testng.SuiteRunner.runTest(SuiteRunner.java:429)
	at org.testng.SuiteRunner.runSequentially(SuiteRunner.java:423)
	at org.testng.SuiteRunner.privateRun(SuiteRunner.java:383)
	at org.testng.SuiteRunner.run(SuiteRunner.java:326)
	at org.testng.SuiteRunnerWorker.runSuite(SuiteRunnerWorker.java:52)
	at org.testng.SuiteRunnerWorker.run(SuiteRunnerWorker.java:95)
	at org.testng.TestNG.runSuitesSequentially(TestNG.java:1249)
	at org.testng.TestNG.runSuitesLocally(TestNG.java:1169)
	at org.testng.TestNG.runSuites(TestNG.java:1092)
	at org.testng.TestNG.run(TestNG.java:1060)
	at org.apache.maven.surefire.testng.TestNGExecutor.run(TestNGExecutor.java:324)
	at org.apache.maven.surefire.testng.TestNGXmlTestSuite.execute(TestNGXmlTestSuite.java:74)
	at org.apache.maven.surefire.testng.TestNGProvider.invoke(TestNGProvider.java:123)
	at org.apache.maven.surefire.booter.ForkedBooter.runSuitesInProcess(ForkedBooter.java:456)
	at org.apache.maven.surefire.booter.ForkedBooter.execute(ForkedBooter.java:169)
	at org.apache.maven.surefire.booter.ForkedBooter.run(ForkedBooter.java:595)
	at org.apache.maven.surefire.booter.ForkedBooter.main(ForkedBooter.java:581)
Caused by: org.openqa.selenium.NoSuchElementException: Cannot locate an element using By.xpath: //div[@class=&apos;inspection-details&apos;]
For documentation on this error, please visit: http://seleniumhq.org/exceptions/no_such_element.html
Build info: version: &apos;3.5.3&apos;, revision: &apos;a88d25fe6b&apos;, time: &apos;2017-08-29T12:42:44.417Z&apos;
System info: host: &apos;sqe-IdeaPad-5-15ITL05&apos;, ip: &apos;127.0.1.1&apos;, os.name: &apos;Linux&apos;, os.arch: &apos;amd64&apos;, os.version: &apos;5.13.0-37-generic&apos;, java.version: &apos;11.0.14&apos;
Driver info: driver.version: unknown
	at org.openqa.selenium.support.ui.ExpectedConditions.lambda$findElement$0(ExpectedConditions.java:883)
	at java.base/java.util.Optional.orElseThrow(Optional.java:408)
	at org.openqa.selenium.support.ui.ExpectedConditions.findElement(ExpectedConditions.java:882)
	at org.openqa.selenium.support.ui.ExpectedConditions.access$000(ExpectedConditions.java:44)
	at org.openqa.selenium.support.ui.ExpectedConditions$7.apply(ExpectedConditions.java:206)
	at org.openqa.selenium.support.ui.ExpectedConditions$7.apply(ExpectedConditions.java:202)
	at org.openqa.selenium.support.ui.FluentWait.until(FluentWait.java:209)
	... 34 more
</pre></div></td>
<td>10</td>
<td>com.ComCate.TestCases.CCP@3fc2959f</td></tr>
<tr>
<td title='com.ComCate.TestCases.CCP.TC_CCP_61()'><b>TC_CCP_61</b><br>Test class: com.ComCate.TestCases.CCP</td>
<td><div><pre>org.openqa.selenium.TimeoutException: Expected condition failed: waiting for visibility of element located by By.xpath: //h2[@class=&apos;case-details__case-status&apos;] (tried for 10 second(s) with 500 MILLISECONDS interval)
	at org.openqa.selenium.support.ui.WebDriverWait.timeoutException(WebDriverWait.java:80)
	at org.openqa.selenium.support.ui.FluentWait.until(FluentWait.java:232)
	at com.ComCate.CommonMethods.WebDriverWaits.WaitUntilVisibleWE(WebDriverWaits.java:26)
	at com.ComCate.TestCases.CCP.TC_CCP_61(CCP.java:1291)
	at java.base/java.util.ArrayList.forEach(ArrayList.java:1541)
Caused by: org.openqa.selenium.NoSuchElementException: Cannot locate an element using By.xpath: //h2[@class=&apos;case-details__case-status&apos;]
For documentation on this error, please visit: http://seleniumhq.org/exceptions/no_such_element.html
Build info: version: &apos;3.5.3&apos;, revision: &apos;a88d25fe6b&apos;, time: &apos;2017-08-29T12:42:44.417Z&apos;
System info: host: &apos;sqe-IdeaPad-5-15ITL05&apos;, ip: &apos;127.0.1.1&apos;, os.name: &apos;Linux&apos;, os.arch: &apos;amd64&apos;, os.version: &apos;5.13.0-37-generic&apos;, java.version: &apos;11.0.14&apos;
Driver info: driver.version: unknown
	at org.openqa.selenium.support.ui.ExpectedConditions.lambda$findElement$0(ExpectedConditions.java:883)
	at java.base/java.util.Optional.orElseThrow(Optional.java:408)
	at org.openqa.selenium.support.ui.ExpectedConditions.findElement(ExpectedConditions.java:882)
	at org.openqa.selenium.support.ui.ExpectedConditions.access$000(ExpectedConditions.java:44)
	at org.openqa.selenium.support.ui.ExpectedConditions$7.apply(ExpectedConditions.java:206)
	at org.openqa.selenium.support.ui.ExpectedConditions$7.apply(ExpectedConditions.java:202)
	at org.openqa.selenium.support.ui.FluentWait.until(FluentWait.java:209)
	... 34 more
... Removed 31 stack frames</pre></div><a href='#' onClick='toggleBox("stack-trace1997753864", this, "Click to show all stack frames", "Click to hide stack frames")'>Click to show all stack frames</a>
<div class='stack-trace' id='stack-trace1997753864'><pre>org.openqa.selenium.TimeoutException: Expected condition failed: waiting for visibility of element located by By.xpath: //h2[@class=&apos;case-details__case-status&apos;] (tried for 10 second(s) with 500 MILLISECONDS interval)
	at org.openqa.selenium.support.ui.WebDriverWait.timeoutException(WebDriverWait.java:80)
	at org.openqa.selenium.support.ui.FluentWait.until(FluentWait.java:232)
	at com.ComCate.CommonMethods.WebDriverWaits.WaitUntilVisibleWE(WebDriverWaits.java:26)
	at com.ComCate.TestCases.CCP.TC_CCP_61(CCP.java:1291)
	at java.base/jdk.internal.reflect.NativeMethodAccessorImpl.invoke0(Native Method)
	at java.base/jdk.internal.reflect.NativeMethodAccessorImpl.invoke(NativeMethodAccessorImpl.java:62)
	at java.base/jdk.internal.reflect.DelegatingMethodAccessorImpl.invoke(DelegatingMethodAccessorImpl.java:43)
	at java.base/java.lang.reflect.Method.invoke(Method.java:566)
	at org.testng.internal.invokers.MethodInvocationHelper.invokeMethod(MethodInvocationHelper.java:135)
	at org.testng.internal.invokers.TestInvoker.invokeMethod(TestInvoker.java:673)
	at org.testng.internal.invokers.TestInvoker.invokeTestMethod(TestInvoker.java:220)
	at org.testng.internal.invokers.MethodRunner.runInSequence(MethodRunner.java:50)
	at org.testng.internal.invokers.TestInvoker$MethodInvocationAgent.invoke(TestInvoker.java:945)
	at org.testng.internal.invokers.TestInvoker.invokeTestMethods(TestInvoker.java:193)
	at org.testng.internal.invokers.TestMethodWorker.invokeTestMethods(TestMethodWorker.java:146)
	at org.testng.internal.invokers.TestMethodWorker.run(TestMethodWorker.java:128)
	at java.base/java.util.ArrayList.forEach(ArrayList.java:1541)
	at org.testng.TestRunner.privateRun(TestRunner.java:808)
	at org.testng.TestRunner.run(TestRunner.java:603)
	at org.testng.SuiteRunner.runTest(SuiteRunner.java:429)
	at org.testng.SuiteRunner.runSequentially(SuiteRunner.java:423)
	at org.testng.SuiteRunner.privateRun(SuiteRunner.java:383)
	at org.testng.SuiteRunner.run(SuiteRunner.java:326)
	at org.testng.SuiteRunnerWorker.runSuite(SuiteRunnerWorker.java:52)
	at org.testng.SuiteRunnerWorker.run(SuiteRunnerWorker.java:95)
	at org.testng.TestNG.runSuitesSequentially(TestNG.java:1249)
	at org.testng.TestNG.runSuitesLocally(TestNG.java:1169)
	at org.testng.TestNG.runSuites(TestNG.java:1092)
	at org.testng.TestNG.run(TestNG.java:1060)
	at org.apache.maven.surefire.testng.TestNGExecutor.run(TestNGExecutor.java:324)
	at org.apache.maven.surefire.testng.TestNGXmlTestSuite.execute(TestNGXmlTestSuite.java:74)
	at org.apache.maven.surefire.testng.TestNGProvider.invoke(TestNGProvider.java:123)
	at org.apache.maven.surefire.booter.ForkedBooter.runSuitesInProcess(ForkedBooter.java:456)
	at org.apache.maven.surefire.booter.ForkedBooter.execute(ForkedBooter.java:169)
	at org.apache.maven.surefire.booter.ForkedBooter.run(ForkedBooter.java:595)
	at org.apache.maven.surefire.booter.ForkedBooter.main(ForkedBooter.java:581)
Caused by: org.openqa.selenium.NoSuchElementException: Cannot locate an element using By.xpath: //h2[@class=&apos;case-details__case-status&apos;]
For documentation on this error, please visit: http://seleniumhq.org/exceptions/no_such_element.html
Build info: version: &apos;3.5.3&apos;, revision: &apos;a88d25fe6b&apos;, time: &apos;2017-08-29T12:42:44.417Z&apos;
System info: host: &apos;sqe-IdeaPad-5-15ITL05&apos;, ip: &apos;127.0.1.1&apos;, os.name: &apos;Linux&apos;, os.arch: &apos;amd64&apos;, os.version: &apos;5.13.0-37-generic&apos;, java.version: &apos;11.0.14&apos;
Driver info: driver.version: unknown
	at org.openqa.selenium.support.ui.ExpectedConditions.lambda$findElement$0(ExpectedConditions.java:883)
	at java.base/java.util.Optional.orElseThrow(Optional.java:408)
	at org.openqa.selenium.support.ui.ExpectedConditions.findElement(ExpectedConditions.java:882)
	at org.openqa.selenium.support.ui.ExpectedConditions.access$000(ExpectedConditions.java:44)
	at org.openqa.selenium.support.ui.ExpectedConditions$7.apply(ExpectedConditions.java:206)
	at org.openqa.selenium.support.ui.ExpectedConditions$7.apply(ExpectedConditions.java:202)
	at org.openqa.selenium.support.ui.FluentWait.until(FluentWait.java:209)
	... 34 more
</pre></div></td>
<td>10</td>
<td>com.ComCate.TestCases.CCP@3fc2959f</td></tr>
<tr>
<td title='com.ComCate.TestCases.CCP.TC_CCP_55()'><b>TC_CCP_55</b><br>Test class: com.ComCate.TestCases.CCP</td>
<td><div><pre>org.openqa.selenium.TimeoutException: Expected condition failed: waiting for visibility of element located by By.xpath: //div[@class=&apos;flex-row--middle&apos;]/button[2] (tried for 10 second(s) with 500 MILLISECONDS interval)
	at org.openqa.selenium.support.ui.WebDriverWait.timeoutException(WebDriverWait.java:80)
	at org.openqa.selenium.support.ui.FluentWait.until(FluentWait.java:232)
	at com.ComCate.CommonMethods.WebDriverWaits.WaitUntilVisible(WebDriverWaits.java:20)
	at com.ComCate.TestCases.CCP.TC_CCP_55(CCP.java:1187)
	at java.base/java.util.ArrayList.forEach(ArrayList.java:1541)
Caused by: org.openqa.selenium.NoSuchElementException: Cannot locate an element using By.xpath: //div[@class=&apos;flex-row--middle&apos;]/button[2]
For documentation on this error, please visit: http://seleniumhq.org/exceptions/no_such_element.html
Build info: version: &apos;3.5.3&apos;, revision: &apos;a88d25fe6b&apos;, time: &apos;2017-08-29T12:42:44.417Z&apos;
System info: host: &apos;sqe-IdeaPad-5-15ITL05&apos;, ip: &apos;127.0.1.1&apos;, os.name: &apos;Linux&apos;, os.arch: &apos;amd64&apos;, os.version: &apos;5.13.0-37-generic&apos;, java.version: &apos;11.0.14&apos;
Driver info: driver.version: unknown
	at org.openqa.selenium.support.ui.ExpectedConditions.lambda$findElement$0(ExpectedConditions.java:883)
	at java.base/java.util.Optional.orElseThrow(Optional.java:408)
	at org.openqa.selenium.support.ui.ExpectedConditions.findElement(ExpectedConditions.java:882)
	at org.openqa.selenium.support.ui.ExpectedConditions.access$000(ExpectedConditions.java:44)
	at org.openqa.selenium.support.ui.ExpectedConditions$7.apply(ExpectedConditions.java:206)
	at org.openqa.selenium.support.ui.ExpectedConditions$7.apply(ExpectedConditions.java:202)
	at org.openqa.selenium.support.ui.FluentWait.until(FluentWait.java:209)
	... 34 more
... Removed 31 stack frames</pre></div><a href='#' onClick='toggleBox("stack-trace1643646293", this, "Click to show all stack frames", "Click to hide stack frames")'>Click to show all stack frames</a>
<div class='stack-trace' id='stack-trace1643646293'><pre>org.openqa.selenium.TimeoutException: Expected condition failed: waiting for visibility of element located by By.xpath: //div[@class=&apos;flex-row--middle&apos;]/button[2] (tried for 10 second(s) with 500 MILLISECONDS interval)
	at org.openqa.selenium.support.ui.WebDriverWait.timeoutException(WebDriverWait.java:80)
	at org.openqa.selenium.support.ui.FluentWait.until(FluentWait.java:232)
	at com.ComCate.CommonMethods.WebDriverWaits.WaitUntilVisible(WebDriverWaits.java:20)
	at com.ComCate.TestCases.CCP.TC_CCP_55(CCP.java:1187)
	at java.base/jdk.internal.reflect.NativeMethodAccessorImpl.invoke0(Native Method)
	at java.base/jdk.internal.reflect.NativeMethodAccessorImpl.invoke(NativeMethodAccessorImpl.java:62)
	at java.base/jdk.internal.reflect.DelegatingMethodAccessorImpl.invoke(DelegatingMethodAccessorImpl.java:43)
	at java.base/java.lang.reflect.Method.invoke(Method.java:566)
	at org.testng.internal.invokers.MethodInvocationHelper.invokeMethod(MethodInvocationHelper.java:135)
	at org.testng.internal.invokers.TestInvoker.invokeMethod(TestInvoker.java:673)
	at org.testng.internal.invokers.TestInvoker.invokeTestMethod(TestInvoker.java:220)
	at org.testng.internal.invokers.MethodRunner.runInSequence(MethodRunner.java:50)
	at org.testng.internal.invokers.TestInvoker$MethodInvocationAgent.invoke(TestInvoker.java:945)
	at org.testng.internal.invokers.TestInvoker.invokeTestMethods(TestInvoker.java:193)
	at org.testng.internal.invokers.TestMethodWorker.invokeTestMethods(TestMethodWorker.java:146)
	at org.testng.internal.invokers.TestMethodWorker.run(TestMethodWorker.java:128)
	at java.base/java.util.ArrayList.forEach(ArrayList.java:1541)
	at org.testng.TestRunner.privateRun(TestRunner.java:808)
	at org.testng.TestRunner.run(TestRunner.java:603)
	at org.testng.SuiteRunner.runTest(SuiteRunner.java:429)
	at org.testng.SuiteRunner.runSequentially(SuiteRunner.java:423)
	at org.testng.SuiteRunner.privateRun(SuiteRunner.java:383)
	at org.testng.SuiteRunner.run(SuiteRunner.java:326)
	at org.testng.SuiteRunnerWorker.runSuite(SuiteRunnerWorker.java:52)
	at org.testng.SuiteRunnerWorker.run(SuiteRunnerWorker.java:95)
	at org.testng.TestNG.runSuitesSequentially(TestNG.java:1249)
	at org.testng.TestNG.runSuitesLocally(TestNG.java:1169)
	at org.testng.TestNG.runSuites(TestNG.java:1092)
	at org.testng.TestNG.run(TestNG.java:1060)
	at org.apache.maven.surefire.testng.TestNGExecutor.run(TestNGExecutor.java:324)
	at org.apache.maven.surefire.testng.TestNGXmlTestSuite.execute(TestNGXmlTestSuite.java:74)
	at org.apache.maven.surefire.testng.TestNGProvider.invoke(TestNGProvider.java:123)
	at org.apache.maven.surefire.booter.ForkedBooter.runSuitesInProcess(ForkedBooter.java:456)
	at org.apache.maven.surefire.booter.ForkedBooter.execute(ForkedBooter.java:169)
	at org.apache.maven.surefire.booter.ForkedBooter.run(ForkedBooter.java:595)
	at org.apache.maven.surefire.booter.ForkedBooter.main(ForkedBooter.java:581)
Caused by: org.openqa.selenium.NoSuchElementException: Cannot locate an element using By.xpath: //div[@class=&apos;flex-row--middle&apos;]/button[2]
For documentation on this error, please visit: http://seleniumhq.org/exceptions/no_such_element.html
Build info: version: &apos;3.5.3&apos;, revision: &apos;a88d25fe6b&apos;, time: &apos;2017-08-29T12:42:44.417Z&apos;
System info: host: &apos;sqe-IdeaPad-5-15ITL05&apos;, ip: &apos;127.0.1.1&apos;, os.name: &apos;Linux&apos;, os.arch: &apos;amd64&apos;, os.version: &apos;5.13.0-37-generic&apos;, java.version: &apos;11.0.14&apos;
Driver info: driver.version: unknown
	at org.openqa.selenium.support.ui.ExpectedConditions.lambda$findElement$0(ExpectedConditions.java:883)
	at java.base/java.util.Optional.orElseThrow(Optional.java:408)
	at org.openqa.selenium.support.ui.ExpectedConditions.findElement(ExpectedConditions.java:882)
	at org.openqa.selenium.support.ui.ExpectedConditions.access$000(ExpectedConditions.java:44)
	at org.openqa.selenium.support.ui.ExpectedConditions$7.apply(ExpectedConditions.java:206)
	at org.openqa.selenium.support.ui.ExpectedConditions$7.apply(ExpectedConditions.java:202)
	at org.openqa.selenium.support.ui.FluentWait.until(FluentWait.java:209)
	... 34 more
</pre></div></td>
<td>12</td>
<td>com.ComCate.TestCases.CCP@3fc2959f</td></tr>
</table><p>
<table width='100%' border='1' class='invocation-passed'>
<tr><td colspan='4' align='center'><b>PASSED TESTS</b></td></tr>
<tr><td><b>Test method</b></td>
<td width="30%"><b>Exception</b></td>
<td width="10%"><b>Time (seconds)</b></td>
<td><b>Instance</b></td>
</tr>
<tr>
<td title='com.ComCate.TestCases.CCP.TC_CCP_12()'><b>TC_CCP_12</b><br>Test class: com.ComCate.TestCases.CCP</td>
<td></td>
<td>1</td>
<td>com.ComCate.TestCases.CCP@3fc2959f</td></tr>
<tr>
<td title='com.ComCate.TestCases.CCP.TC_CCP_09()'><b>TC_CCP_09</b><br>Test class: com.ComCate.TestCases.CCP</td>
<td></td>
<td>1</td>
<td>com.ComCate.TestCases.CCP@3fc2959f</td></tr>
<tr>
<td title='com.ComCate.TestCases.CCP.TC_CCP_07()'><b>TC_CCP_07</b><br>Test class: com.ComCate.TestCases.CCP</td>
<td></td>
<td>2</td>
<td>com.ComCate.TestCases.CCP@3fc2959f</td></tr>
<tr>
<td title='com.ComCate.TestCases.CCP.TC_CCP_48()'><b>TC_CCP_48</b><br>Test class: com.ComCate.TestCases.CCP</td>
<td></td>
<td>2</td>
<td>com.ComCate.TestCases.CCP@3fc2959f</td></tr>
<tr>
<td title='com.ComCate.TestCases.CCP.TC_CCP_40()'><b>TC_CCP_40</b><br>Test class: com.ComCate.TestCases.CCP</td>
<td></td>
<td>8</td>
<td>com.ComCate.TestCases.CCP@3fc2959f</td></tr>
<tr>
<td title='com.ComCate.TestCases.Login.LoginAgency()'><b>LoginAgency</b><br>Test class: com.ComCate.TestCases.Login</td>
<td></td>
<td>10</td>
<td>com.ComCate.TestCases.Login@1573f9fc</td></tr>
<tr>
<td title='com.ComCate.TestCases.CCP.TC_CCP_22()'><b>TC_CCP_22</b><br>Test class: com.ComCate.TestCases.CCP</td>
<td></td>
<td>0</td>
<td>com.ComCate.TestCases.CCP@3fc2959f</td></tr>
<tr>
<td title='com.ComCate.TestCases.CCP.TC_CCP_38()'><b>TC_CCP_38</b><br>Test class: com.ComCate.TestCases.CCP</td>
<td></td>
<td>0</td>
<td>com.ComCate.TestCases.CCP@3fc2959f</td></tr>
<tr>
<td title='com.ComCate.TestCases.CCP.TC_CCP_11()'><b>TC_CCP_11</b><br>Test class: com.ComCate.TestCases.CCP</td>
<td></td>
<td>2</td>
<td>com.ComCate.TestCases.CCP@3fc2959f</td></tr>
<tr>
<td title='com.ComCate.TestCases.CCP.TC_CCP_30()'><b>TC_CCP_30</b><br>Test class: com.ComCate.TestCases.CCP</td>
<td></td>
<td>7</td>
<td>com.ComCate.TestCases.CCP@3fc2959f</td></tr>
<tr>
<td title='com.ComCate.TestCases.CCP.TC_CCP_42()'><b>TC_CCP_42</b><br>Test class: com.ComCate.TestCases.CCP</td>
<td></td>
<td>1</td>
<td>com.ComCate.TestCases.CCP@3fc2959f</td></tr>
<tr>
<td title='com.ComCate.TestCases.CCP.TC_CCP_17()'><b>TC_CCP_17</b><br>Test class: com.ComCate.TestCases.CCP</td>
<td></td>
<td>1</td>
<td>com.ComCate.TestCases.CCP@3fc2959f</td></tr>
<tr>
<td title='com.ComCate.TestCases.CCP.TC_CCP_26()'><b>TC_CCP_26</b><br>Test class: com.ComCate.TestCases.CCP</td>
<td></td>
<td>2</td>
<td>com.ComCate.TestCases.CCP@3fc2959f</td></tr>
<tr>
<td title='com.ComCate.TestCases.CCP.TC_CCP_16()'><b>TC_CCP_16</b><br>Test class: com.ComCate.TestCases.CCP</td>
<td></td>
<td>0</td>
<td>com.ComCate.TestCases.CCP@3fc2959f</td></tr>
<tr>
<td title='com.ComCate.TestCases.CCP.TC_CCP_51()'><b>TC_CCP_51</b><br>Test class: com.ComCate.TestCases.CCP</td>
<td></td>
<td>1</td>
<td>com.ComCate.TestCases.CCP@3fc2959f</td></tr>
<tr>
<td title='com.ComCate.TestCases.CCP.TC_CCP_50()'><b>TC_CCP_50</b><br>Test class: com.ComCate.TestCases.CCP</td>
<td></td>
<td>3</td>
<td>com.ComCate.TestCases.CCP@3fc2959f</td></tr>
<tr>
<td title='com.ComCate.TestCases.CCP.TC_CCP_20()'><b>TC_CCP_20</b><br>Test class: com.ComCate.TestCases.CCP</td>
<td></td>
<td>0</td>
<td>com.ComCate.TestCases.CCP@3fc2959f</td></tr>
<tr>
<td title='com.ComCate.TestCases.CCP.TC_CCP_37()'><b>TC_CCP_37</b><br>Test class: com.ComCate.TestCases.CCP</td>
<td></td>
<td>2</td>
<td>com.ComCate.TestCases.CCP@3fc2959f</td></tr>
<tr>
<td title='com.ComCate.TestCases.CCP.TC_CCP_14()'><b>TC_CCP_14</b><br>Test class: com.ComCate.TestCases.CCP</td>
<td></td>
<td>1</td>
<td>com.ComCate.TestCases.CCP@3fc2959f</td></tr>
<tr>
<td title='com.ComCate.TestCases.CCP.TC_CCP_01()'><b>TC_CCP_01</b><br>Test class: com.ComCate.TestCases.CCP</td>
<td></td>
<td>2</td>
<td>com.ComCate.TestCases.CCP@3fc2959f</td></tr>
<tr>
<td title='com.ComCate.TestCases.CCP.TC_CCP_28()'><b>TC_CCP_28</b><br>Test class: com.ComCate.TestCases.CCP</td>
<td></td>
<td>0</td>
<td>com.ComCate.TestCases.CCP@3fc2959f</td></tr>
<tr>
<td title='com.ComCate.TestCases.CCP.TC_CCP_45()'><b>TC_CCP_45</b><br>Test class: com.ComCate.TestCases.CCP</td>
<td></td>
<td>0</td>
<td>com.ComCate.TestCases.CCP@3fc2959f</td></tr>
<tr>
<td title='com.ComCate.TestCases.CCP.TC_CCP_29()'><b>TC_CCP_29</b><br>Test class: com.ComCate.TestCases.CCP</td>
<td></td>
<td>5</td>
<td>com.ComCate.TestCases.CCP@3fc2959f</td></tr>
<tr>
<td title='com.ComCate.TestCases.CCP.TC_CCP_52()'><b>TC_CCP_52</b><br>Test class: com.ComCate.TestCases.CCP</td>
<td></td>
<td>6</td>
<td>com.ComCate.TestCases.CCP@3fc2959f</td></tr>
<tr>
<td title='com.ComCate.TestCases.CCP.TC_CCP_15()'><b>TC_CCP_15</b><br>Test class: com.ComCate.TestCases.CCP</td>
<td></td>
<td>2</td>
<td>com.ComCate.TestCases.CCP@3fc2959f</td></tr>
<tr>
<td title='com.ComCate.TestCases.CCP.TC_CCP_46()'><b>TC_CCP_46</b><br>Test class: com.ComCate.TestCases.CCP</td>
<td></td>
<td>0</td>
<td>com.ComCate.TestCases.CCP@3fc2959f</td></tr>
<tr>
<td title='com.ComCate.TestCases.CCP.TC_CCP_49()'><b>TC_CCP_49</b><br>Test class: com.ComCate.TestCases.CCP</td>
<td></td>
<td>5</td>
<td>com.ComCate.TestCases.CCP@3fc2959f</td></tr>
<tr>
<td title='com.ComCate.TestCases.CCP.TC_CCP_47()'><b>TC_CCP_47</b><br>Test class: com.ComCate.TestCases.CCP</td>
<td></td>
<td>3</td>
<td>com.ComCate.TestCases.CCP@3fc2959f</td></tr>
<tr>
<td title='com.ComCate.TestCases.CCP.TC_CCP_24()'><b>TC_CCP_24</b><br>Test class: com.ComCate.TestCases.CCP</td>
<td></td>
<td>0</td>
<td>com.ComCate.TestCases.CCP@3fc2959f</td></tr>
<tr>
<td title='com.ComCate.TestCases.CCP.TC_CCP_44()'><b>TC_CCP_44</b><br>Test class: com.ComCate.TestCases.CCP</td>
<td></td>
<td>1</td>
<td>com.ComCate.TestCases.CCP@3fc2959f</td></tr>
<tr>
<td title='com.ComCate.TestCases.CCP.TC_CCP_08()'><b>TC_CCP_08</b><br>Test class: com.ComCate.TestCases.CCP</td>
<td></td>
<td>0</td>
<td>com.ComCate.TestCases.CCP@3fc2959f</td></tr>
<tr>
<td title='com.ComCate.TestCases.CCP.TC_CCP_56()'><b>TC_CCP_56</b><br>Test class: com.ComCate.TestCases.CCP</td>
<td></td>
<td>2</td>
<td>com.ComCate.TestCases.CCP@3fc2959f</td></tr>
<tr>
<td title='com.ComCate.TestCases.CCP.TC_CCP_32()'><b>TC_CCP_32</b><br>Test class: com.ComCate.TestCases.CCP</td>
<td></td>
<td>1</td>
<td>com.ComCate.TestCases.CCP@3fc2959f</td></tr>
<tr>
<td title='com.ComCate.TestCases.CCP.TC_CCP_54()'><b>TC_CCP_54</b><br>Test class: com.ComCate.TestCases.CCP</td>
<td></td>
<td>0</td>
<td>com.ComCate.TestCases.CCP@3fc2959f</td></tr>
<tr>
<td title='com.ComCate.TestCases.CCP.TC_CCP_03()'><b>TC_CCP_03</b><br>Test class: com.ComCate.TestCases.CCP</td>
<td></td>
<td>4</td>
<td>com.ComCate.TestCases.CCP@3fc2959f</td></tr>
<tr>
<td title='com.ComCate.TestCases.CCP.TC_CCP_19()'><b>TC_CCP_19</b><br>Test class: com.ComCate.TestCases.CCP</td>
<td></td>
<td>0</td>
<td>com.ComCate.TestCases.CCP@3fc2959f</td></tr>
<tr>
<td title='com.ComCate.TestCases.CCP.TC_CCP_06()'><b>TC_CCP_06</b><br>Test class: com.ComCate.TestCases.CCP</td>
<td></td>
<td>3</td>
<td>com.ComCate.TestCases.CCP@3fc2959f</td></tr>
<tr>
<td title='com.ComCate.TestCases.CCP.TC_CCP_31()'><b>TC_CCP_31</b><br>Test class: com.ComCate.TestCases.CCP</td>
<td></td>
<td>5</td>
<td>com.ComCate.TestCases.CCP@3fc2959f</td></tr>
<tr>
<td title='com.ComCate.TestCases.CCP.TC_CCP_27()'><b>TC_CCP_27</b><br>Test class: com.ComCate.TestCases.CCP</td>
<td></td>
<td>0</td>
<td>com.ComCate.TestCases.CCP@3fc2959f</td></tr>
<tr>
<td title='com.ComCate.TestCases.CCP.TC_CCP_23()'><b>TC_CCP_23</b><br>Test class: com.ComCate.TestCases.CCP</td>
<td></td>
<td>0</td>
<td>com.ComCate.TestCases.CCP@3fc2959f</td></tr>
<tr>
<td title='com.ComCate.TestCases.CCP.TC_CCP_34()'><b>TC_CCP_34</b><br>Test class: com.ComCate.TestCases.CCP</td>
<td></td>
<td>2</td>
<td>com.ComCate.TestCases.CCP@3fc2959f</td></tr>
<tr>
<td title='com.ComCate.TestCases.CCP.TC_CCP_39()'><b>TC_CCP_39</b><br>Test class: com.ComCate.TestCases.CCP</td>
<td></td>
<td>2</td>
<td>com.ComCate.TestCases.CCP@3fc2959f</td></tr>
<tr>
<td title='com.ComCate.TestCases.CCP.PreRequisite()'><b>PreRequisite</b><br>Test class: com.ComCate.TestCases.CCP</td>
<td></td>
<td>8</td>
<td>com.ComCate.TestCases.CCP@3fc2959f</td></tr>
<tr>
<td title='com.ComCate.TestCases.CCP.TC_CCP_43()'><b>TC_CCP_43</b><br>Test class: com.ComCate.TestCases.CCP</td>
<td></td>
<td>1</td>
<td>com.ComCate.TestCases.CCP@3fc2959f</td></tr>
<tr>
<td title='com.ComCate.TestCases.CCP.TC_CCP_35()'><b>TC_CCP_35</b><br>Test class: com.ComCate.TestCases.CCP</td>
<td></td>
<td>4</td>
<td>com.ComCate.TestCases.CCP@3fc2959f</td></tr>
<tr>
<td title='com.ComCate.TestCases.CCP.TC_CCP_02()'><b>TC_CCP_02</b><br>Test class: com.ComCate.TestCases.CCP</td>
<td></td>
<td>0</td>
<td>com.ComCate.TestCases.CCP@3fc2959f</td></tr>
<tr>
<td title='com.ComCate.TestCases.CCP.TC_CCP_25()'><b>TC_CCP_25</b><br>Test class: com.ComCate.TestCases.CCP</td>
<td></td>
<td>0</td>
<td>com.ComCate.TestCases.CCP@3fc2959f</td></tr>
<tr>
<td title='com.ComCate.TestCases.CCP.TC_CCP_13()'><b>TC_CCP_13</b><br>Test class: com.ComCate.TestCases.CCP</td>
<td></td>
<td>2</td>
<td>com.ComCate.TestCases.CCP@3fc2959f</td></tr>
<tr>
<td title='com.ComCate.TestCases.CCP.TC_CCP_21()'><b>TC_CCP_21</b><br>Test class: com.ComCate.TestCases.CCP</td>
<td></td>
<td>0</td>
<td>com.ComCate.TestCases.CCP@3fc2959f</td></tr>
<tr>
<td title='com.ComCate.TestCases.CCP.TC_CCP_53()'><b>TC_CCP_53</b><br>Test class: com.ComCate.TestCases.CCP</td>
<td></td>
<td>1</td>
<td>com.ComCate.TestCases.CCP@3fc2959f</td></tr>
<tr>
<td title='com.ComCate.TestCases.CCP.TC_CCP_18()'><b>TC_CCP_18</b><br>Test class: com.ComCate.TestCases.CCP</td>
<td></td>
<td>0</td>
<td>com.ComCate.TestCases.CCP@3fc2959f</td></tr>
<tr>
<td title='com.ComCate.TestCases.CCP.TC_CCP_04()'><b>TC_CCP_04</b><br>Test class: com.ComCate.TestCases.CCP</td>
<td></td>
<td>4</td>
<td>com.ComCate.TestCases.CCP@3fc2959f</td></tr>
<tr>
<td title='com.ComCate.TestCases.CCP.TC_CCP_10()'><b>TC_CCP_10</b><br>Test class: com.ComCate.TestCases.CCP</td>
<td></td>
<td>1</td>
<td>com.ComCate.TestCases.CCP@3fc2959f</td></tr>
<tr>
<td title='com.ComCate.TestCases.CCP.TC_CCP_36()'><b>TC_CCP_36</b><br>Test class: com.ComCate.TestCases.CCP</td>
<td></td>
<td>2</td>
<td>com.ComCate.TestCases.CCP@3fc2959f</td></tr>
</table><p>
</body>
</html>