<?xml version="1.0" encoding="UTF-8"?>
<testng-results ignored="2" total="62" passed="54" failed="6" skipped="0">
  <reporter-output>
  </reporter-output>
  <suite started-at="2022-04-11T21:04:24 IST" name="Suite" finished-at="2022-04-11T21:07:26 IST" duration-ms="181593">
    <groups>
    </groups>
    <test started-at="2022-04-11T21:04:24 IST" name="Test" finished-at="2022-04-11T21:07:26 IST" duration-ms="181593">
      <class name="com.ComCate.TestCases.CCP">
        <test-method signature="PreRequisite()[pri:1, instance:com.ComCate.TestCases.CCP@3fc2959f]" started-at="2022-04-11T21:04:34 IST" name="PreRequisite" finished-at="2022-04-11T21:04:43 IST" duration-ms="8198" status="PASS">
          <reporter-output>
          </reporter-output>
        </test-method> <!-- PreRequisite -->
        <test-method is-config="true" signature="tearDown(org.testng.ITestResult)[pri:0, instance:com.ComCate.TestCases.CCP@3fc2959f]" started-at="2022-04-11T21:04:43 IST" name="tearDown" finished-at="2022-04-11T21:04:43 IST" duration-ms="1" status="PASS">
          <params>
            <param index="0">
              <value>
                <![CDATA[[TestResult name=PreRequisite status=SUCCESS method=CCP.PreRequisite()[pri:1, instance:com.ComCate.TestCases.CCP@3fc2959f] output={null}]]]>
              </value>
            </param>
          </params>
          <reporter-output>
          </reporter-output>
        </test-method> <!-- tearDown -->
        <test-method signature="TC_CCP_01()[pri:2, instance:com.ComCate.TestCases.CCP@3fc2959f]" started-at="2022-04-11T21:04:43 IST" name="TC_CCP_01" finished-at="2022-04-11T21:04:45 IST" duration-ms="2204" status="PASS">
          <reporter-output>
          </reporter-output>
        </test-method> <!-- TC_CCP_01 -->
        <test-method is-config="true" signature="tearDown(org.testng.ITestResult)[pri:0, instance:com.ComCate.TestCases.CCP@3fc2959f]" started-at="2022-04-11T21:04:45 IST" name="tearDown" finished-at="2022-04-11T21:04:45 IST" duration-ms="0" status="PASS">
          <params>
            <param index="0">
              <value>
                <![CDATA[[TestResult name=TC_CCP_01 status=SUCCESS method=CCP.TC_CCP_01()[pri:2, instance:com.ComCate.TestCases.CCP@3fc2959f] output={null}]]]>
              </value>
            </param>
          </params>
          <reporter-output>
          </reporter-output>
        </test-method> <!-- tearDown -->
        <test-method signature="TC_CCP_02()[pri:3, instance:com.ComCate.TestCases.CCP@3fc2959f]" started-at="2022-04-11T21:04:45 IST" name="TC_CCP_02" finished-at="2022-04-11T21:04:45 IST" duration-ms="42" status="PASS">
          <reporter-output>
          </reporter-output>
        </test-method> <!-- TC_CCP_02 -->
        <test-method is-config="true" signature="tearDown(org.testng.ITestResult)[pri:0, instance:com.ComCate.TestCases.CCP@3fc2959f]" started-at="2022-04-11T21:04:45 IST" name="tearDown" finished-at="2022-04-11T21:04:45 IST" duration-ms="1" status="PASS">
          <params>
            <param index="0">
              <value>
                <![CDATA[[TestResult name=TC_CCP_02 status=SUCCESS method=CCP.TC_CCP_02()[pri:3, instance:com.ComCate.TestCases.CCP@3fc2959f] output={null}]]]>
              </value>
            </param>
          </params>
          <reporter-output>
          </reporter-output>
        </test-method> <!-- tearDown -->
        <test-method signature="TC_CCP_03()[pri:4, instance:com.ComCate.TestCases.CCP@3fc2959f]" started-at="2022-04-11T21:04:45 IST" name="TC_CCP_03" finished-at="2022-04-11T21:04:49 IST" duration-ms="4295" status="PASS">
          <reporter-output>
          </reporter-output>
        </test-method> <!-- TC_CCP_03 -->
        <test-method is-config="true" signature="tearDown(org.testng.ITestResult)[pri:0, instance:com.ComCate.TestCases.CCP@3fc2959f]" started-at="2022-04-11T21:04:49 IST" name="tearDown" finished-at="2022-04-11T21:04:49 IST" duration-ms="1" status="PASS">
          <params>
            <param index="0">
              <value>
                <![CDATA[[TestResult name=TC_CCP_03 status=SUCCESS method=CCP.TC_CCP_03()[pri:4, instance:com.ComCate.TestCases.CCP@3fc2959f] output={null}]]]>
              </value>
            </param>
          </params>
          <reporter-output>
          </reporter-output>
        </test-method> <!-- tearDown -->
        <test-method signature="TC_CCP_04()[pri:5, instance:com.ComCate.TestCases.CCP@3fc2959f]" started-at="2022-04-11T21:04:49 IST" name="TC_CCP_04" finished-at="2022-04-11T21:04:53 IST" duration-ms="4084" status="PASS">
          <reporter-output>
          </reporter-output>
        </test-method> <!-- TC_CCP_04 -->
        <test-method is-config="true" signature="tearDown(org.testng.ITestResult)[pri:0, instance:com.ComCate.TestCases.CCP@3fc2959f]" started-at="2022-04-11T21:04:53 IST" name="tearDown" finished-at="2022-04-11T21:04:53 IST" duration-ms="2" status="PASS">
          <params>
            <param index="0">
              <value>
                <![CDATA[[TestResult name=TC_CCP_04 status=SUCCESS method=CCP.TC_CCP_04()[pri:5, instance:com.ComCate.TestCases.CCP@3fc2959f] output={null}]]]>
              </value>
            </param>
          </params>
          <reporter-output>
          </reporter-output>
        </test-method> <!-- tearDown -->
        <test-method signature="TC_CCP_06()[pri:7, instance:com.ComCate.TestCases.CCP@3fc2959f]" started-at="2022-04-11T21:04:53 IST" name="TC_CCP_06" finished-at="2022-04-11T21:04:57 IST" duration-ms="3223" status="PASS">
          <reporter-output>
          </reporter-output>
        </test-method> <!-- TC_CCP_06 -->
        <test-method is-config="true" signature="tearDown(org.testng.ITestResult)[pri:0, instance:com.ComCate.TestCases.CCP@3fc2959f]" started-at="2022-04-11T21:04:57 IST" name="tearDown" finished-at="2022-04-11T21:04:57 IST" duration-ms="0" status="PASS">
          <params>
            <param index="0">
              <value>
                <![CDATA[[TestResult name=TC_CCP_06 status=SUCCESS method=CCP.TC_CCP_06()[pri:7, instance:com.ComCate.TestCases.CCP@3fc2959f] output={null}]]]>
              </value>
            </param>
          </params>
          <reporter-output>
          </reporter-output>
        </test-method> <!-- tearDown -->
        <test-method signature="TC_CCP_07()[pri:8, instance:com.ComCate.TestCases.CCP@3fc2959f]" started-at="2022-04-11T21:04:57 IST" name="TC_CCP_07" finished-at="2022-04-11T21:04:59 IST" duration-ms="2129" status="PASS">
          <reporter-output>
          </reporter-output>
        </test-method> <!-- TC_CCP_07 -->
        <test-method is-config="true" signature="tearDown(org.testng.ITestResult)[pri:0, instance:com.ComCate.TestCases.CCP@3fc2959f]" started-at="2022-04-11T21:04:59 IST" name="tearDown" finished-at="2022-04-11T21:04:59 IST" duration-ms="1" status="PASS">
          <params>
            <param index="0">
              <value>
                <![CDATA[[TestResult name=TC_CCP_07 status=SUCCESS method=CCP.TC_CCP_07()[pri:8, instance:com.ComCate.TestCases.CCP@3fc2959f] output={null}]]]>
              </value>
            </param>
          </params>
          <reporter-output>
          </reporter-output>
        </test-method> <!-- tearDown -->
        <test-method signature="TC_CCP_08()[pri:9, instance:com.ComCate.TestCases.CCP@3fc2959f]" started-at="2022-04-11T21:04:59 IST" name="TC_CCP_08" finished-at="2022-04-11T21:04:59 IST" duration-ms="279" status="PASS">
          <reporter-output>
          </reporter-output>
        </test-method> <!-- TC_CCP_08 -->
        <test-method is-config="true" signature="tearDown(org.testng.ITestResult)[pri:0, instance:com.ComCate.TestCases.CCP@3fc2959f]" started-at="2022-04-11T21:04:59 IST" name="tearDown" finished-at="2022-04-11T21:04:59 IST" duration-ms="1" status="PASS">
          <params>
            <param index="0">
              <value>
                <![CDATA[[TestResult name=TC_CCP_08 status=SUCCESS method=CCP.TC_CCP_08()[pri:9, instance:com.ComCate.TestCases.CCP@3fc2959f] output={null}]]]>
              </value>
            </param>
          </params>
          <reporter-output>
          </reporter-output>
        </test-method> <!-- tearDown -->
        <test-method signature="TC_CCP_09()[pri:10, instance:com.ComCate.TestCases.CCP@3fc2959f]" started-at="2022-04-11T21:04:59 IST" name="TC_CCP_09" finished-at="2022-04-11T21:05:01 IST" duration-ms="1631" status="PASS">
          <reporter-output>
          </reporter-output>
        </test-method> <!-- TC_CCP_09 -->
        <test-method is-config="true" signature="tearDown(org.testng.ITestResult)[pri:0, instance:com.ComCate.TestCases.CCP@3fc2959f]" started-at="2022-04-11T21:05:01 IST" name="tearDown" finished-at="2022-04-11T21:05:01 IST" duration-ms="1" status="PASS">
          <params>
            <param index="0">
              <value>
                <![CDATA[[TestResult name=TC_CCP_09 status=SUCCESS method=CCP.TC_CCP_09()[pri:10, instance:com.ComCate.TestCases.CCP@3fc2959f] output={null}]]]>
              </value>
            </param>
          </params>
          <reporter-output>
          </reporter-output>
        </test-method> <!-- tearDown -->
        <test-method signature="TC_CCP_10()[pri:11, instance:com.ComCate.TestCases.CCP@3fc2959f]" started-at="2022-04-11T21:05:01 IST" name="TC_CCP_10" finished-at="2022-04-11T21:05:02 IST" duration-ms="1808" status="PASS">
          <reporter-output>
          </reporter-output>
        </test-method> <!-- TC_CCP_10 -->
        <test-method is-config="true" signature="tearDown(org.testng.ITestResult)[pri:0, instance:com.ComCate.TestCases.CCP@3fc2959f]" started-at="2022-04-11T21:05:02 IST" name="tearDown" finished-at="2022-04-11T21:05:02 IST" duration-ms="0" status="PASS">
          <params>
            <param index="0">
              <value>
                <![CDATA[[TestResult name=TC_CCP_10 status=SUCCESS method=CCP.TC_CCP_10()[pri:11, instance:com.ComCate.TestCases.CCP@3fc2959f] output={null}]]]>
              </value>
            </param>
          </params>
          <reporter-output>
          </reporter-output>
        </test-method> <!-- tearDown -->
        <test-method signature="TC_CCP_11()[pri:12, instance:com.ComCate.TestCases.CCP@3fc2959f]" started-at="2022-04-11T21:05:02 IST" name="TC_CCP_11" finished-at="2022-04-11T21:05:05 IST" duration-ms="2216" status="PASS">
          <reporter-output>
          </reporter-output>
        </test-method> <!-- TC_CCP_11 -->
        <test-method is-config="true" signature="tearDown(org.testng.ITestResult)[pri:0, instance:com.ComCate.TestCases.CCP@3fc2959f]" started-at="2022-04-11T21:05:05 IST" name="tearDown" finished-at="2022-04-11T21:05:05 IST" duration-ms="0" status="PASS">
          <params>
            <param index="0">
              <value>
                <![CDATA[[TestResult name=TC_CCP_11 status=SUCCESS method=CCP.TC_CCP_11()[pri:12, instance:com.ComCate.TestCases.CCP@3fc2959f] output={null}]]]>
              </value>
            </param>
          </params>
          <reporter-output>
          </reporter-output>
        </test-method> <!-- tearDown -->
        <test-method signature="TC_CCP_12()[pri:13, instance:com.ComCate.TestCases.CCP@3fc2959f]" started-at="2022-04-11T21:05:05 IST" name="TC_CCP_12" finished-at="2022-04-11T21:05:06 IST" duration-ms="1327" status="PASS">
          <reporter-output>
          </reporter-output>
        </test-method> <!-- TC_CCP_12 -->
        <test-method is-config="true" signature="tearDown(org.testng.ITestResult)[pri:0, instance:com.ComCate.TestCases.CCP@3fc2959f]" started-at="2022-04-11T21:05:06 IST" name="tearDown" finished-at="2022-04-11T21:05:06 IST" duration-ms="1" status="PASS">
          <params>
            <param index="0">
              <value>
                <![CDATA[[TestResult name=TC_CCP_12 status=SUCCESS method=CCP.TC_CCP_12()[pri:13, instance:com.ComCate.TestCases.CCP@3fc2959f] output={null}]]]>
              </value>
            </param>
          </params>
          <reporter-output>
          </reporter-output>
        </test-method> <!-- tearDown -->
        <test-method signature="TC_CCP_13()[pri:14, instance:com.ComCate.TestCases.CCP@3fc2959f]" started-at="2022-04-11T21:05:06 IST" name="TC_CCP_13" finished-at="2022-04-11T21:05:08 IST" duration-ms="2465" status="PASS">
          <reporter-output>
          </reporter-output>
        </test-method> <!-- TC_CCP_13 -->
        <test-method is-config="true" signature="tearDown(org.testng.ITestResult)[pri:0, instance:com.ComCate.TestCases.CCP@3fc2959f]" started-at="2022-04-11T21:05:08 IST" name="tearDown" finished-at="2022-04-11T21:05:08 IST" duration-ms="0" status="PASS">
          <params>
            <param index="0">
              <value>
                <![CDATA[[TestResult name=TC_CCP_13 status=SUCCESS method=CCP.TC_CCP_13()[pri:14, instance:com.ComCate.TestCases.CCP@3fc2959f] output={null}]]]>
              </value>
            </param>
          </params>
          <reporter-output>
          </reporter-output>
        </test-method> <!-- tearDown -->
        <test-method signature="TC_CCP_14()[pri:15, instance:com.ComCate.TestCases.CCP@3fc2959f]" started-at="2022-04-11T21:05:08 IST" name="TC_CCP_14" finished-at="2022-04-11T21:05:10 IST" duration-ms="1104" status="PASS">
          <reporter-output>
          </reporter-output>
        </test-method> <!-- TC_CCP_14 -->
        <test-method is-config="true" signature="tearDown(org.testng.ITestResult)[pri:0, instance:com.ComCate.TestCases.CCP@3fc2959f]" started-at="2022-04-11T21:05:10 IST" name="tearDown" finished-at="2022-04-11T21:05:10 IST" duration-ms="1" status="PASS">
          <params>
            <param index="0">
              <value>
                <![CDATA[[TestResult name=TC_CCP_14 status=SUCCESS method=CCP.TC_CCP_14()[pri:15, instance:com.ComCate.TestCases.CCP@3fc2959f] output={null}]]]>
              </value>
            </param>
          </params>
          <reporter-output>
          </reporter-output>
        </test-method> <!-- tearDown -->
        <test-method signature="TC_CCP_15()[pri:16, instance:com.ComCate.TestCases.CCP@3fc2959f]" started-at="2022-04-11T21:05:10 IST" name="TC_CCP_15" finished-at="2022-04-11T21:05:12 IST" duration-ms="2250" status="PASS">
          <reporter-output>
          </reporter-output>
        </test-method> <!-- TC_CCP_15 -->
        <test-method is-config="true" signature="tearDown(org.testng.ITestResult)[pri:0, instance:com.ComCate.TestCases.CCP@3fc2959f]" started-at="2022-04-11T21:05:12 IST" name="tearDown" finished-at="2022-04-11T21:05:12 IST" duration-ms="2" status="PASS">
          <params>
            <param index="0">
              <value>
                <![CDATA[[TestResult name=TC_CCP_15 status=SUCCESS method=CCP.TC_CCP_15()[pri:16, instance:com.ComCate.TestCases.CCP@3fc2959f] output={null}]]]>
              </value>
            </param>
          </params>
          <reporter-output>
          </reporter-output>
        </test-method> <!-- tearDown -->
        <test-method signature="TC_CCP_16()[pri:17, instance:com.ComCate.TestCases.CCP@3fc2959f]" started-at="2022-04-11T21:05:12 IST" name="TC_CCP_16" finished-at="2022-04-11T21:05:12 IST" duration-ms="154" status="PASS">
          <reporter-output>
          </reporter-output>
        </test-method> <!-- TC_CCP_16 -->
        <test-method is-config="true" signature="tearDown(org.testng.ITestResult)[pri:0, instance:com.ComCate.TestCases.CCP@3fc2959f]" started-at="2022-04-11T21:05:12 IST" name="tearDown" finished-at="2022-04-11T21:05:12 IST" duration-ms="3" status="PASS">
          <params>
            <param index="0">
              <value>
                <![CDATA[[TestResult name=TC_CCP_16 status=SUCCESS method=CCP.TC_CCP_16()[pri:17, instance:com.ComCate.TestCases.CCP@3fc2959f] output={null}]]]>
              </value>
            </param>
          </params>
          <reporter-output>
          </reporter-output>
        </test-method> <!-- tearDown -->
        <test-method signature="TC_CCP_17()[pri:18, instance:com.ComCate.TestCases.CCP@3fc2959f]" started-at="2022-04-11T21:05:12 IST" name="TC_CCP_17" finished-at="2022-04-11T21:05:13 IST" duration-ms="1033" status="PASS">
          <reporter-output>
          </reporter-output>
        </test-method> <!-- TC_CCP_17 -->
        <test-method is-config="true" signature="tearDown(org.testng.ITestResult)[pri:0, instance:com.ComCate.TestCases.CCP@3fc2959f]" started-at="2022-04-11T21:05:13 IST" name="tearDown" finished-at="2022-04-11T21:05:13 IST" duration-ms="1" status="PASS">
          <params>
            <param index="0">
              <value>
                <![CDATA[[TestResult name=TC_CCP_17 status=SUCCESS method=CCP.TC_CCP_17()[pri:18, instance:com.ComCate.TestCases.CCP@3fc2959f] output={null}]]]>
              </value>
            </param>
          </params>
          <reporter-output>
          </reporter-output>
        </test-method> <!-- tearDown -->
        <test-method signature="TC_CCP_18()[pri:19, instance:com.ComCate.TestCases.CCP@3fc2959f]" started-at="2022-04-11T21:05:13 IST" name="TC_CCP_18" finished-at="2022-04-11T21:05:13 IST" duration-ms="105" status="PASS">
          <reporter-output>
          </reporter-output>
        </test-method> <!-- TC_CCP_18 -->
        <test-method is-config="true" signature="tearDown(org.testng.ITestResult)[pri:0, instance:com.ComCate.TestCases.CCP@3fc2959f]" started-at="2022-04-11T21:05:13 IST" name="tearDown" finished-at="2022-04-11T21:05:13 IST" duration-ms="1" status="PASS">
          <params>
            <param index="0">
              <value>
                <![CDATA[[TestResult name=TC_CCP_18 status=SUCCESS method=CCP.TC_CCP_18()[pri:19, instance:com.ComCate.TestCases.CCP@3fc2959f] output={null}]]]>
              </value>
            </param>
          </params>
          <reporter-output>
          </reporter-output>
        </test-method> <!-- tearDown -->
        <test-method signature="TC_CCP_19()[pri:20, instance:com.ComCate.TestCases.CCP@3fc2959f]" started-at="2022-04-11T21:05:13 IST" name="TC_CCP_19" finished-at="2022-04-11T21:05:13 IST" duration-ms="193" status="PASS">
          <reporter-output>
          </reporter-output>
        </test-method> <!-- TC_CCP_19 -->
        <test-method is-config="true" signature="tearDown(org.testng.ITestResult)[pri:0, instance:com.ComCate.TestCases.CCP@3fc2959f]" started-at="2022-04-11T21:05:13 IST" name="tearDown" finished-at="2022-04-11T21:05:13 IST" duration-ms="0" status="PASS">
          <params>
            <param index="0">
              <value>
                <![CDATA[[TestResult name=TC_CCP_19 status=SUCCESS method=CCP.TC_CCP_19()[pri:20, instance:com.ComCate.TestCases.CCP@3fc2959f] output={null}]]]>
              </value>
            </param>
          </params>
          <reporter-output>
          </reporter-output>
        </test-method> <!-- tearDown -->
        <test-method signature="TC_CCP_20()[pri:21, instance:com.ComCate.TestCases.CCP@3fc2959f]" started-at="2022-04-11T21:05:13 IST" name="TC_CCP_20" finished-at="2022-04-11T21:05:13 IST" duration-ms="121" status="PASS">
          <reporter-output>
          </reporter-output>
        </test-method> <!-- TC_CCP_20 -->
        <test-method is-config="true" signature="tearDown(org.testng.ITestResult)[pri:0, instance:com.ComCate.TestCases.CCP@3fc2959f]" started-at="2022-04-11T21:05:13 IST" name="tearDown" finished-at="2022-04-11T21:05:13 IST" duration-ms="0" status="PASS">
          <params>
            <param index="0">
              <value>
                <![CDATA[[TestResult name=TC_CCP_20 status=SUCCESS method=CCP.TC_CCP_20()[pri:21, instance:com.ComCate.TestCases.CCP@3fc2959f] output={null}]]]>
              </value>
            </param>
          </params>
          <reporter-output>
          </reporter-output>
        </test-method> <!-- tearDown -->
        <test-method signature="TC_CCP_21()[pri:22, instance:com.ComCate.TestCases.CCP@3fc2959f]" started-at="2022-04-11T21:05:13 IST" name="TC_CCP_21" finished-at="2022-04-11T21:05:14 IST" duration-ms="312" status="PASS">
          <reporter-output>
          </reporter-output>
        </test-method> <!-- TC_CCP_21 -->
        <test-method is-config="true" signature="tearDown(org.testng.ITestResult)[pri:0, instance:com.ComCate.TestCases.CCP@3fc2959f]" started-at="2022-04-11T21:05:14 IST" name="tearDown" finished-at="2022-04-11T21:05:14 IST" duration-ms="1" status="PASS">
          <params>
            <param index="0">
              <value>
                <![CDATA[[TestResult name=TC_CCP_21 status=SUCCESS method=CCP.TC_CCP_21()[pri:22, instance:com.ComCate.TestCases.CCP@3fc2959f] output={null}]]]>
              </value>
            </param>
          </params>
          <reporter-output>
          </reporter-output>
        </test-method> <!-- tearDown -->
        <test-method signature="TC_CCP_22()[pri:23, instance:com.ComCate.TestCases.CCP@3fc2959f]" started-at="2022-04-11T21:05:14 IST" name="TC_CCP_22" finished-at="2022-04-11T21:05:14 IST" duration-ms="306" status="PASS">
          <reporter-output>
          </reporter-output>
        </test-method> <!-- TC_CCP_22 -->
        <test-method signature="TC_CCP_23()[pri:24, instance:com.ComCate.TestCases.CCP@3fc2959f]" started-at="2022-04-11T21:05:14 IST" name="TC_CCP_23" finished-at="2022-04-11T21:05:14 IST" duration-ms="203" status="PASS">
          <reporter-output>
          </reporter-output>
        </test-method> <!-- TC_CCP_23 -->
        <test-method is-config="true" signature="tearDown(org.testng.ITestResult)[pri:0, instance:com.ComCate.TestCases.CCP@3fc2959f]" started-at="2022-04-11T21:05:14 IST" name="tearDown" finished-at="2022-04-11T21:05:14 IST" duration-ms="0" status="PASS">
          <params>
            <param index="0">
              <value>
                <![CDATA[[TestResult name=TC_CCP_22 status=SUCCESS method=CCP.TC_CCP_22()[pri:23, instance:com.ComCate.TestCases.CCP@3fc2959f] output={null}]]]>
              </value>
            </param>
          </params>
          <reporter-output>
          </reporter-output>
        </test-method> <!-- tearDown -->
        <test-method is-config="true" signature="tearDown(org.testng.ITestResult)[pri:0, instance:com.ComCate.TestCases.CCP@3fc2959f]" started-at="2022-04-11T21:05:14 IST" name="tearDown" finished-at="2022-04-11T21:05:14 IST" duration-ms="1" status="PASS">
          <params>
            <param index="0">
              <value>
                <![CDATA[[TestResult name=TC_CCP_23 status=SUCCESS method=CCP.TC_CCP_23()[pri:24, instance:com.ComCate.TestCases.CCP@3fc2959f] output={null}]]]>
              </value>
            </param>
          </params>
          <reporter-output>
          </reporter-output>
        </test-method> <!-- tearDown -->
        <test-method signature="TC_CCP_24()[pri:25, instance:com.ComCate.TestCases.CCP@3fc2959f]" started-at="2022-04-11T21:05:14 IST" name="TC_CCP_24" finished-at="2022-04-11T21:05:14 IST" duration-ms="222" status="PASS">
          <reporter-output>
          </reporter-output>
        </test-method> <!-- TC_CCP_24 -->
        <test-method is-config="true" signature="tearDown(org.testng.ITestResult)[pri:0, instance:com.ComCate.TestCases.CCP@3fc2959f]" started-at="2022-04-11T21:05:14 IST" name="tearDown" finished-at="2022-04-11T21:05:14 IST" duration-ms="0" status="PASS">
          <params>
            <param index="0">
              <value>
                <![CDATA[[TestResult name=TC_CCP_24 status=SUCCESS method=CCP.TC_CCP_24()[pri:25, instance:com.ComCate.TestCases.CCP@3fc2959f] output={null}]]]>
              </value>
            </param>
          </params>
          <reporter-output>
          </reporter-output>
        </test-method> <!-- tearDown -->
        <test-method signature="TC_CCP_25()[pri:26, instance:com.ComCate.TestCases.CCP@3fc2959f]" started-at="2022-04-11T21:05:14 IST" name="TC_CCP_25" finished-at="2022-04-11T21:05:15 IST" duration-ms="427" status="PASS">
          <reporter-output>
          </reporter-output>
        </test-method> <!-- TC_CCP_25 -->
        <test-method is-config="true" signature="tearDown(org.testng.ITestResult)[pri:0, instance:com.ComCate.TestCases.CCP@3fc2959f]" started-at="2022-04-11T21:05:15 IST" name="tearDown" finished-at="2022-04-11T21:05:15 IST" duration-ms="0" status="PASS">
          <params>
            <param index="0">
              <value>
                <![CDATA[[TestResult name=TC_CCP_25 status=SUCCESS method=CCP.TC_CCP_25()[pri:26, instance:com.ComCate.TestCases.CCP@3fc2959f] output={null}]]]>
              </value>
            </param>
          </params>
          <reporter-output>
          </reporter-output>
        </test-method> <!-- tearDown -->
        <test-method signature="TC_CCP_26()[pri:27, instance:com.ComCate.TestCases.CCP@3fc2959f]" started-at="2022-04-11T21:05:15 IST" name="TC_CCP_26" finished-at="2022-04-11T21:05:17 IST" duration-ms="2177" status="PASS">
          <reporter-output>
          </reporter-output>
        </test-method> <!-- TC_CCP_26 -->
        <test-method is-config="true" signature="tearDown(org.testng.ITestResult)[pri:0, instance:com.ComCate.TestCases.CCP@3fc2959f]" started-at="2022-04-11T21:05:17 IST" name="tearDown" finished-at="2022-04-11T21:05:17 IST" duration-ms="0" status="PASS">
          <params>
            <param index="0">
              <value>
                <![CDATA[[TestResult name=TC_CCP_26 status=SUCCESS method=CCP.TC_CCP_26()[pri:27, instance:com.ComCate.TestCases.CCP@3fc2959f] output={null}]]]>
              </value>
            </param>
          </params>
          <reporter-output>
          </reporter-output>
        </test-method> <!-- tearDown -->
        <test-method signature="TC_CCP_27()[pri:28, instance:com.ComCate.TestCases.CCP@3fc2959f]" started-at="2022-04-11T21:05:17 IST" name="TC_CCP_27" finished-at="2022-04-11T21:05:17 IST" duration-ms="33" status="PASS">
          <reporter-output>
          </reporter-output>
        </test-method> <!-- TC_CCP_27 -->
        <test-method is-config="true" signature="tearDown(org.testng.ITestResult)[pri:0, instance:com.ComCate.TestCases.CCP@3fc2959f]" started-at="2022-04-11T21:05:17 IST" name="tearDown" finished-at="2022-04-11T21:05:17 IST" duration-ms="1" status="PASS">
          <params>
            <param index="0">
              <value>
                <![CDATA[[TestResult name=TC_CCP_27 status=SUCCESS method=CCP.TC_CCP_27()[pri:28, instance:com.ComCate.TestCases.CCP@3fc2959f] output={null}]]]>
              </value>
            </param>
          </params>
          <reporter-output>
          </reporter-output>
        </test-method> <!-- tearDown -->
        <test-method signature="TC_CCP_28()[pri:29, instance:com.ComCate.TestCases.CCP@3fc2959f]" started-at="2022-04-11T21:05:17 IST" name="TC_CCP_28" finished-at="2022-04-11T21:05:17 IST" duration-ms="114" status="PASS">
          <reporter-output>
          </reporter-output>
        </test-method> <!-- TC_CCP_28 -->
        <test-method is-config="true" signature="tearDown(org.testng.ITestResult)[pri:0, instance:com.ComCate.TestCases.CCP@3fc2959f]" started-at="2022-04-11T21:05:17 IST" name="tearDown" finished-at="2022-04-11T21:05:17 IST" duration-ms="1" status="PASS">
          <params>
            <param index="0">
              <value>
                <![CDATA[[TestResult name=TC_CCP_28 status=SUCCESS method=CCP.TC_CCP_28()[pri:29, instance:com.ComCate.TestCases.CCP@3fc2959f] output={null}]]]>
              </value>
            </param>
          </params>
          <reporter-output>
          </reporter-output>
        </test-method> <!-- tearDown -->
        <test-method signature="TC_CCP_29()[pri:30, instance:com.ComCate.TestCases.CCP@3fc2959f]" started-at="2022-04-11T21:05:17 IST" name="TC_CCP_29" finished-at="2022-04-11T21:05:22 IST" duration-ms="5109" status="PASS">
          <reporter-output>
          </reporter-output>
        </test-method> <!-- TC_CCP_29 -->
        <test-method is-config="true" signature="tearDown(org.testng.ITestResult)[pri:0, instance:com.ComCate.TestCases.CCP@3fc2959f]" started-at="2022-04-11T21:05:22 IST" name="tearDown" finished-at="2022-04-11T21:05:22 IST" duration-ms="1" status="PASS">
          <params>
            <param index="0">
              <value>
                <![CDATA[[TestResult name=TC_CCP_29 status=SUCCESS method=CCP.TC_CCP_29()[pri:30, instance:com.ComCate.TestCases.CCP@3fc2959f] output={null}]]]>
              </value>
            </param>
          </params>
          <reporter-output>
          </reporter-output>
        </test-method> <!-- tearDown -->
        <test-method signature="TC_CCP_30()[pri:31, instance:com.ComCate.TestCases.CCP@3fc2959f]" started-at="2022-04-11T21:05:22 IST" name="TC_CCP_30" finished-at="2022-04-11T21:05:29 IST" duration-ms="7197" status="PASS">
          <reporter-output>
          </reporter-output>
        </test-method> <!-- TC_CCP_30 -->
        <test-method is-config="true" signature="tearDown(org.testng.ITestResult)[pri:0, instance:com.ComCate.TestCases.CCP@3fc2959f]" started-at="2022-04-11T21:05:29 IST" name="tearDown" finished-at="2022-04-11T21:05:29 IST" duration-ms="0" status="PASS">
          <params>
            <param index="0">
              <value>
                <![CDATA[[TestResult name=TC_CCP_30 status=SUCCESS method=CCP.TC_CCP_30()[pri:31, instance:com.ComCate.TestCases.CCP@3fc2959f] output={null}]]]>
              </value>
            </param>
          </params>
          <reporter-output>
          </reporter-output>
        </test-method> <!-- tearDown -->
        <test-method signature="TC_CCP_31()[pri:32, instance:com.ComCate.TestCases.CCP@3fc2959f]" started-at="2022-04-11T21:05:29 IST" name="TC_CCP_31" finished-at="2022-04-11T21:05:35 IST" duration-ms="5132" status="PASS">
          <reporter-output>
          </reporter-output>
        </test-method> <!-- TC_CCP_31 -->
        <test-method is-config="true" signature="tearDown(org.testng.ITestResult)[pri:0, instance:com.ComCate.TestCases.CCP@3fc2959f]" started-at="2022-04-11T21:05:35 IST" name="tearDown" finished-at="2022-04-11T21:05:35 IST" duration-ms="1" status="PASS">
          <params>
            <param index="0">
              <value>
                <![CDATA[[TestResult name=TC_CCP_31 status=SUCCESS method=CCP.TC_CCP_31()[pri:32, instance:com.ComCate.TestCases.CCP@3fc2959f] output={null}]]]>
              </value>
            </param>
          </params>
          <reporter-output>
          </reporter-output>
        </test-method> <!-- tearDown -->
        <test-method signature="TC_CCP_32()[pri:33, instance:com.ComCate.TestCases.CCP@3fc2959f]" started-at="2022-04-11T21:05:35 IST" name="TC_CCP_32" finished-at="2022-04-11T21:05:36 IST" duration-ms="1170" status="PASS">
          <reporter-output>
          </reporter-output>
        </test-method> <!-- TC_CCP_32 -->
        <test-method signature="TC_CCP_34()[pri:35, instance:com.ComCate.TestCases.CCP@3fc2959f]" started-at="2022-04-11T21:05:36 IST" name="TC_CCP_34" finished-at="2022-04-11T21:05:38 IST" duration-ms="2059" status="PASS">
          <reporter-output>
          </reporter-output>
        </test-method> <!-- TC_CCP_34 -->
        <test-method is-config="true" signature="tearDown(org.testng.ITestResult)[pri:0, instance:com.ComCate.TestCases.CCP@3fc2959f]" started-at="2022-04-11T21:05:36 IST" name="tearDown" finished-at="2022-04-11T21:05:36 IST" duration-ms="0" status="PASS">
          <params>
            <param index="0">
              <value>
                <![CDATA[[TestResult name=TC_CCP_32 status=SUCCESS method=CCP.TC_CCP_32()[pri:33, instance:com.ComCate.TestCases.CCP@3fc2959f] output={null}]]]>
              </value>
            </param>
          </params>
          <reporter-output>
          </reporter-output>
        </test-method> <!-- tearDown -->
        <test-method signature="TC_CCP_35()[pri:36, instance:com.ComCate.TestCases.CCP@3fc2959f]" started-at="2022-04-11T21:05:38 IST" name="TC_CCP_35" finished-at="2022-04-11T21:05:42 IST" duration-ms="4207" status="PASS">
          <reporter-output>
          </reporter-output>
        </test-method> <!-- TC_CCP_35 -->
        <test-method is-config="true" signature="tearDown(org.testng.ITestResult)[pri:0, instance:com.ComCate.TestCases.CCP@3fc2959f]" started-at="2022-04-11T21:05:38 IST" name="tearDown" finished-at="2022-04-11T21:05:38 IST" duration-ms="0" status="PASS">
          <params>
            <param index="0">
              <value>
                <![CDATA[[TestResult name=TC_CCP_34 status=SUCCESS method=CCP.TC_CCP_34()[pri:35, instance:com.ComCate.TestCases.CCP@3fc2959f] output={null}]]]>
              </value>
            </param>
          </params>
          <reporter-output>
          </reporter-output>
        </test-method> <!-- tearDown -->
        <test-method is-config="true" signature="tearDown(org.testng.ITestResult)[pri:0, instance:com.ComCate.TestCases.CCP@3fc2959f]" started-at="2022-04-11T21:05:42 IST" name="tearDown" finished-at="2022-04-11T21:05:42 IST" duration-ms="0" status="PASS">
          <params>
            <param index="0">
              <value>
                <![CDATA[[TestResult name=TC_CCP_35 status=SUCCESS method=CCP.TC_CCP_35()[pri:36, instance:com.ComCate.TestCases.CCP@3fc2959f] output={null}]]]>
              </value>
            </param>
          </params>
          <reporter-output>
          </reporter-output>
        </test-method> <!-- tearDown -->
        <test-method signature="TC_CCP_36()[pri:37, instance:com.ComCate.TestCases.CCP@3fc2959f]" started-at="2022-04-11T21:05:42 IST" name="TC_CCP_36" finished-at="2022-04-11T21:05:44 IST" duration-ms="2093" status="PASS">
          <reporter-output>
          </reporter-output>
        </test-method> <!-- TC_CCP_36 -->
        <test-method is-config="true" signature="tearDown(org.testng.ITestResult)[pri:0, instance:com.ComCate.TestCases.CCP@3fc2959f]" started-at="2022-04-11T21:05:44 IST" name="tearDown" finished-at="2022-04-11T21:05:44 IST" duration-ms="1" status="PASS">
          <params>
            <param index="0">
              <value>
                <![CDATA[[TestResult name=TC_CCP_36 status=SUCCESS method=CCP.TC_CCP_36()[pri:37, instance:com.ComCate.TestCases.CCP@3fc2959f] output={null}]]]>
              </value>
            </param>
          </params>
          <reporter-output>
          </reporter-output>
        </test-method> <!-- tearDown -->
        <test-method signature="TC_CCP_37()[pri:38, instance:com.ComCate.TestCases.CCP@3fc2959f]" started-at="2022-04-11T21:05:44 IST" name="TC_CCP_37" finished-at="2022-04-11T21:05:47 IST" duration-ms="2816" status="PASS">
          <reporter-output>
          </reporter-output>
        </test-method> <!-- TC_CCP_37 -->
        <test-method signature="TC_CCP_38()[pri:39, instance:com.ComCate.TestCases.CCP@3fc2959f]" started-at="2022-04-11T21:05:47 IST" name="TC_CCP_38" finished-at="2022-04-11T21:05:47 IST" duration-ms="108" status="PASS">
          <reporter-output>
          </reporter-output>
        </test-method> <!-- TC_CCP_38 -->
        <test-method is-config="true" signature="tearDown(org.testng.ITestResult)[pri:0, instance:com.ComCate.TestCases.CCP@3fc2959f]" started-at="2022-04-11T21:05:47 IST" name="tearDown" finished-at="2022-04-11T21:05:47 IST" duration-ms="0" status="PASS">
          <params>
            <param index="0">
              <value>
                <![CDATA[[TestResult name=TC_CCP_37 status=SUCCESS method=CCP.TC_CCP_37()[pri:38, instance:com.ComCate.TestCases.CCP@3fc2959f] output={null}]]]>
              </value>
            </param>
          </params>
          <reporter-output>
          </reporter-output>
        </test-method> <!-- tearDown -->
        <test-method is-config="true" signature="tearDown(org.testng.ITestResult)[pri:0, instance:com.ComCate.TestCases.CCP@3fc2959f]" started-at="2022-04-11T21:05:47 IST" name="tearDown" finished-at="2022-04-11T21:05:47 IST" duration-ms="1" status="PASS">
          <params>
            <param index="0">
              <value>
                <![CDATA[[TestResult name=TC_CCP_38 status=SUCCESS method=CCP.TC_CCP_38()[pri:39, instance:com.ComCate.TestCases.CCP@3fc2959f] output={null}]]]>
              </value>
            </param>
          </params>
          <reporter-output>
          </reporter-output>
        </test-method> <!-- tearDown -->
        <test-method signature="TC_CCP_39()[pri:40, instance:com.ComCate.TestCases.CCP@3fc2959f]" started-at="2022-04-11T21:05:47 IST" name="TC_CCP_39" finished-at="2022-04-11T21:05:49 IST" duration-ms="2097" status="PASS">
          <reporter-output>
          </reporter-output>
        </test-method> <!-- TC_CCP_39 -->
        <test-method is-config="true" signature="tearDown(org.testng.ITestResult)[pri:0, instance:com.ComCate.TestCases.CCP@3fc2959f]" started-at="2022-04-11T21:05:49 IST" name="tearDown" finished-at="2022-04-11T21:05:49 IST" duration-ms="0" status="PASS">
          <params>
            <param index="0">
              <value>
                <![CDATA[[TestResult name=TC_CCP_39 status=SUCCESS method=CCP.TC_CCP_39()[pri:40, instance:com.ComCate.TestCases.CCP@3fc2959f] output={null}]]]>
              </value>
            </param>
          </params>
          <reporter-output>
          </reporter-output>
        </test-method> <!-- tearDown -->
        <test-method signature="TC_CCP_40()[pri:41, instance:com.ComCate.TestCases.CCP@3fc2959f]" started-at="2022-04-11T21:05:49 IST" name="TC_CCP_40" finished-at="2022-04-11T21:05:58 IST" duration-ms="8810" status="PASS">
          <reporter-output>
          </reporter-output>
        </test-method> <!-- TC_CCP_40 -->
        <test-method signature="TC_CCP_42()[pri:43, instance:com.ComCate.TestCases.CCP@3fc2959f]" started-at="2022-04-11T21:05:58 IST" name="TC_CCP_42" finished-at="2022-04-11T21:05:59 IST" duration-ms="1364" status="PASS">
          <reporter-output>
          </reporter-output>
        </test-method> <!-- TC_CCP_42 -->
        <test-method is-config="true" signature="tearDown(org.testng.ITestResult)[pri:0, instance:com.ComCate.TestCases.CCP@3fc2959f]" started-at="2022-04-11T21:05:58 IST" name="tearDown" finished-at="2022-04-11T21:05:58 IST" duration-ms="0" status="PASS">
          <params>
            <param index="0">
              <value>
                <![CDATA[[TestResult name=TC_CCP_40 status=SUCCESS method=CCP.TC_CCP_40()[pri:41, instance:com.ComCate.TestCases.CCP@3fc2959f] output={null}]]]>
              </value>
            </param>
          </params>
          <reporter-output>
          </reporter-output>
        </test-method> <!-- tearDown -->
        <test-method is-config="true" signature="tearDown(org.testng.ITestResult)[pri:0, instance:com.ComCate.TestCases.CCP@3fc2959f]" started-at="2022-04-11T21:05:59 IST" name="tearDown" finished-at="2022-04-11T21:05:59 IST" duration-ms="0" status="PASS">
          <params>
            <param index="0">
              <value>
                <![CDATA[[TestResult name=TC_CCP_42 status=SUCCESS method=CCP.TC_CCP_42()[pri:43, instance:com.ComCate.TestCases.CCP@3fc2959f] output={null}]]]>
              </value>
            </param>
          </params>
          <reporter-output>
          </reporter-output>
        </test-method> <!-- tearDown -->
        <test-method signature="TC_CCP_43()[pri:44, instance:com.ComCate.TestCases.CCP@3fc2959f]" started-at="2022-04-11T21:05:59 IST" name="TC_CCP_43" finished-at="2022-04-11T21:06:01 IST" duration-ms="1236" status="PASS">
          <reporter-output>
          </reporter-output>
        </test-method> <!-- TC_CCP_43 -->
        <test-method is-config="true" signature="tearDown(org.testng.ITestResult)[pri:0, instance:com.ComCate.TestCases.CCP@3fc2959f]" started-at="2022-04-11T21:06:01 IST" name="tearDown" finished-at="2022-04-11T21:06:01 IST" duration-ms="0" status="PASS">
          <params>
            <param index="0">
              <value>
                <![CDATA[[TestResult name=TC_CCP_43 status=SUCCESS method=CCP.TC_CCP_43()[pri:44, instance:com.ComCate.TestCases.CCP@3fc2959f] output={null}]]]>
              </value>
            </param>
          </params>
          <reporter-output>
          </reporter-output>
        </test-method> <!-- tearDown -->
        <test-method signature="TC_CCP_44()[pri:45, instance:com.ComCate.TestCases.CCP@3fc2959f]" started-at="2022-04-11T21:06:01 IST" name="TC_CCP_44" finished-at="2022-04-11T21:06:02 IST" duration-ms="1052" status="PASS">
          <reporter-output>
          </reporter-output>
        </test-method> <!-- TC_CCP_44 -->
        <test-method is-config="true" signature="tearDown(org.testng.ITestResult)[pri:0, instance:com.ComCate.TestCases.CCP@3fc2959f]" started-at="2022-04-11T21:06:02 IST" name="tearDown" finished-at="2022-04-11T21:06:02 IST" duration-ms="1" status="PASS">
          <params>
            <param index="0">
              <value>
                <![CDATA[[TestResult name=TC_CCP_44 status=SUCCESS method=CCP.TC_CCP_44()[pri:45, instance:com.ComCate.TestCases.CCP@3fc2959f] output={null}]]]>
              </value>
            </param>
          </params>
          <reporter-output>
          </reporter-output>
        </test-method> <!-- tearDown -->
        <test-method signature="TC_CCP_45()[pri:46, instance:com.ComCate.TestCases.CCP@3fc2959f]" started-at="2022-04-11T21:06:02 IST" name="TC_CCP_45" finished-at="2022-04-11T21:06:02 IST" duration-ms="24" status="PASS">
          <reporter-output>
          </reporter-output>
        </test-method> <!-- TC_CCP_45 -->
        <test-method is-config="true" signature="tearDown(org.testng.ITestResult)[pri:0, instance:com.ComCate.TestCases.CCP@3fc2959f]" started-at="2022-04-11T21:06:02 IST" name="tearDown" finished-at="2022-04-11T21:06:02 IST" duration-ms="1" status="PASS">
          <params>
            <param index="0">
              <value>
                <![CDATA[[TestResult name=TC_CCP_45 status=SUCCESS method=CCP.TC_CCP_45()[pri:46, instance:com.ComCate.TestCases.CCP@3fc2959f] output={null}]]]>
              </value>
            </param>
          </params>
          <reporter-output>
          </reporter-output>
        </test-method> <!-- tearDown -->
        <test-method signature="TC_CCP_46()[pri:47, instance:com.ComCate.TestCases.CCP@3fc2959f]" started-at="2022-04-11T21:06:02 IST" name="TC_CCP_46" finished-at="2022-04-11T21:06:02 IST" duration-ms="133" status="PASS">
          <reporter-output>
          </reporter-output>
        </test-method> <!-- TC_CCP_46 -->
        <test-method is-config="true" signature="tearDown(org.testng.ITestResult)[pri:0, instance:com.ComCate.TestCases.CCP@3fc2959f]" started-at="2022-04-11T21:06:02 IST" name="tearDown" finished-at="2022-04-11T21:06:02 IST" duration-ms="0" status="PASS">
          <params>
            <param index="0">
              <value>
                <![CDATA[[TestResult name=TC_CCP_46 status=SUCCESS method=CCP.TC_CCP_46()[pri:47, instance:com.ComCate.TestCases.CCP@3fc2959f] output={null}]]]>
              </value>
            </param>
          </params>
          <reporter-output>
          </reporter-output>
        </test-method> <!-- tearDown -->
        <test-method signature="TC_CCP_47()[pri:48, instance:com.ComCate.TestCases.CCP@3fc2959f]" started-at="2022-04-11T21:06:02 IST" name="TC_CCP_47" finished-at="2022-04-11T21:06:05 IST" duration-ms="3176" status="PASS">
          <reporter-output>
          </reporter-output>
        </test-method> <!-- TC_CCP_47 -->
        <test-method signature="TC_CCP_48()[pri:49, instance:com.ComCate.TestCases.CCP@3fc2959f]" started-at="2022-04-11T21:06:05 IST" name="TC_CCP_48" finished-at="2022-04-11T21:06:07 IST" duration-ms="2139" status="PASS">
          <reporter-output>
          </reporter-output>
        </test-method> <!-- TC_CCP_48 -->
        <test-method is-config="true" signature="tearDown(org.testng.ITestResult)[pri:0, instance:com.ComCate.TestCases.CCP@3fc2959f]" started-at="2022-04-11T21:06:05 IST" name="tearDown" finished-at="2022-04-11T21:06:05 IST" duration-ms="0" status="PASS">
          <params>
            <param index="0">
              <value>
                <![CDATA[[TestResult name=TC_CCP_47 status=SUCCESS method=CCP.TC_CCP_47()[pri:48, instance:com.ComCate.TestCases.CCP@3fc2959f] output={null}]]]>
              </value>
            </param>
          </params>
          <reporter-output>
          </reporter-output>
        </test-method> <!-- tearDown -->
        <test-method is-config="true" signature="tearDown(org.testng.ITestResult)[pri:0, instance:com.ComCate.TestCases.CCP@3fc2959f]" started-at="2022-04-11T21:06:07 IST" name="tearDown" finished-at="2022-04-11T21:06:07 IST" duration-ms="1" status="PASS">
          <params>
            <param index="0">
              <value>
                <![CDATA[[TestResult name=TC_CCP_48 status=SUCCESS method=CCP.TC_CCP_48()[pri:49, instance:com.ComCate.TestCases.CCP@3fc2959f] output={null}]]]>
              </value>
            </param>
          </params>
          <reporter-output>
          </reporter-output>
        </test-method> <!-- tearDown -->
        <test-method signature="TC_CCP_49()[pri:50, instance:com.ComCate.TestCases.CCP@3fc2959f]" started-at="2022-04-11T21:06:07 IST" name="TC_CCP_49" finished-at="2022-04-11T21:06:12 IST" duration-ms="5090" status="PASS">
          <reporter-output>
          </reporter-output>
        </test-method> <!-- TC_CCP_49 -->
        <test-method is-config="true" signature="tearDown(org.testng.ITestResult)[pri:0, instance:com.ComCate.TestCases.CCP@3fc2959f]" started-at="2022-04-11T21:06:12 IST" name="tearDown" finished-at="2022-04-11T21:06:12 IST" duration-ms="0" status="PASS">
          <params>
            <param index="0">
              <value>
                <![CDATA[[TestResult name=TC_CCP_49 status=SUCCESS method=CCP.TC_CCP_49()[pri:50, instance:com.ComCate.TestCases.CCP@3fc2959f] output={null}]]]>
              </value>
            </param>
          </params>
          <reporter-output>
          </reporter-output>
        </test-method> <!-- tearDown -->
        <test-method signature="TC_CCP_50()[pri:51, instance:com.ComCate.TestCases.CCP@3fc2959f]" started-at="2022-04-11T21:06:12 IST" name="TC_CCP_50" finished-at="2022-04-11T21:06:16 IST" duration-ms="3934" status="PASS">
          <reporter-output>
          </reporter-output>
        </test-method> <!-- TC_CCP_50 -->
        <test-method is-config="true" signature="tearDown(org.testng.ITestResult)[pri:0, instance:com.ComCate.TestCases.CCP@3fc2959f]" started-at="2022-04-11T21:06:16 IST" name="tearDown" finished-at="2022-04-11T21:06:16 IST" duration-ms="0" status="PASS">
          <params>
            <param index="0">
              <value>
                <![CDATA[[TestResult name=TC_CCP_50 status=SUCCESS method=CCP.TC_CCP_50()[pri:51, instance:com.ComCate.TestCases.CCP@3fc2959f] output={null}]]]>
              </value>
            </param>
          </params>
          <reporter-output>
          </reporter-output>
        </test-method> <!-- tearDown -->
        <test-method signature="TC_CCP_51()[pri:52, instance:com.ComCate.TestCases.CCP@3fc2959f]" started-at="2022-04-11T21:06:16 IST" name="TC_CCP_51" finished-at="2022-04-11T21:06:17 IST" duration-ms="1194" status="PASS">
          <reporter-output>
          </reporter-output>
        </test-method> <!-- TC_CCP_51 -->
        <test-method is-config="true" signature="tearDown(org.testng.ITestResult)[pri:0, instance:com.ComCate.TestCases.CCP@3fc2959f]" started-at="2022-04-11T21:06:17 IST" name="tearDown" finished-at="2022-04-11T21:06:17 IST" duration-ms="1" status="PASS">
          <params>
            <param index="0">
              <value>
                <![CDATA[[TestResult name=TC_CCP_51 status=SUCCESS method=CCP.TC_CCP_51()[pri:52, instance:com.ComCate.TestCases.CCP@3fc2959f] output={null}]]]>
              </value>
            </param>
          </params>
          <reporter-output>
          </reporter-output>
        </test-method> <!-- tearDown -->
        <test-method signature="TC_CCP_52()[pri:53, instance:com.ComCate.TestCases.CCP@3fc2959f]" started-at="2022-04-11T21:06:17 IST" name="TC_CCP_52" finished-at="2022-04-11T21:06:24 IST" duration-ms="6557" status="PASS">
          <reporter-output>
          </reporter-output>
        </test-method> <!-- TC_CCP_52 -->
        <test-method is-config="true" signature="tearDown(org.testng.ITestResult)[pri:0, instance:com.ComCate.TestCases.CCP@3fc2959f]" started-at="2022-04-11T21:06:24 IST" name="tearDown" finished-at="2022-04-11T21:06:24 IST" duration-ms="1" status="PASS">
          <params>
            <param index="0">
              <value>
                <![CDATA[[TestResult name=TC_CCP_52 status=SUCCESS method=CCP.TC_CCP_52()[pri:53, instance:com.ComCate.TestCases.CCP@3fc2959f] output={null}]]]>
              </value>
            </param>
          </params>
          <reporter-output>
          </reporter-output>
        </test-method> <!-- tearDown -->
        <test-method signature="TC_CCP_53()[pri:54, instance:com.ComCate.TestCases.CCP@3fc2959f]" started-at="2022-04-11T21:06:24 IST" name="TC_CCP_53" finished-at="2022-04-11T21:06:25 IST" duration-ms="1206" status="PASS">
          <reporter-output>
          </reporter-output>
        </test-method> <!-- TC_CCP_53 -->
        <test-method is-config="true" signature="tearDown(org.testng.ITestResult)[pri:0, instance:com.ComCate.TestCases.CCP@3fc2959f]" started-at="2022-04-11T21:06:25 IST" name="tearDown" finished-at="2022-04-11T21:06:25 IST" duration-ms="0" status="PASS">
          <params>
            <param index="0">
              <value>
                <![CDATA[[TestResult name=TC_CCP_53 status=SUCCESS method=CCP.TC_CCP_53()[pri:54, instance:com.ComCate.TestCases.CCP@3fc2959f] output={null}]]]>
              </value>
            </param>
          </params>
          <reporter-output>
          </reporter-output>
        </test-method> <!-- tearDown -->
        <test-method signature="TC_CCP_54()[pri:55, instance:com.ComCate.TestCases.CCP@3fc2959f]" started-at="2022-04-11T21:06:25 IST" name="TC_CCP_54" finished-at="2022-04-11T21:06:26 IST" duration-ms="516" status="PASS">
          <reporter-output>
          </reporter-output>
        </test-method> <!-- TC_CCP_54 -->
        <test-method is-config="true" signature="tearDown(org.testng.ITestResult)[pri:0, instance:com.ComCate.TestCases.CCP@3fc2959f]" started-at="2022-04-11T21:06:26 IST" name="tearDown" finished-at="2022-04-11T21:06:26 IST" duration-ms="0" status="PASS">
          <params>
            <param index="0">
              <value>
                <![CDATA[[TestResult name=TC_CCP_54 status=SUCCESS method=CCP.TC_CCP_54()[pri:55, instance:com.ComCate.TestCases.CCP@3fc2959f] output={null}]]]>
              </value>
            </param>
          </params>
          <reporter-output>
          </reporter-output>
        </test-method> <!-- tearDown -->
        <test-method signature="TC_CCP_55()[pri:56, instance:com.ComCate.TestCases.CCP@3fc2959f]" started-at="2022-04-11T21:06:26 IST" name="TC_CCP_55" finished-at="2022-04-11T21:06:38 IST" duration-ms="12503" status="FAIL">
          <exception class="org.openqa.selenium.TimeoutException">
            <message>
              <![CDATA[Expected condition failed: waiting for visibility of element located by By.xpath: //div[@class='flex-row--middle']/button[2] (tried for 10 second(s) with 500 MILLISECONDS interval)]]>
            </message>
            <full-stacktrace>
              <![CDATA[org.openqa.selenium.TimeoutException: Expected condition failed: waiting for visibility of element located by By.xpath: //div[@class='flex-row--middle']/button[2] (tried for 10 second(s) with 500 MILLISECONDS interval)
at org.openqa.selenium.support.ui.WebDriverWait.timeoutException(WebDriverWait.java:80)
at org.openqa.selenium.support.ui.FluentWait.until(FluentWait.java:232)
at com.ComCate.CommonMethods.WebDriverWaits.WaitUntilVisible(WebDriverWaits.java:20)
at com.ComCate.TestCases.CCP.TC_CCP_55(CCP.java:1187)
at java.base/jdk.internal.reflect.NativeMethodAccessorImpl.invoke0(Native Method)
at java.base/jdk.internal.reflect.NativeMethodAccessorImpl.invoke(NativeMethodAccessorImpl.java:62)
at java.base/jdk.internal.reflect.DelegatingMethodAccessorImpl.invoke(DelegatingMethodAccessorImpl.java:43)
at java.base/java.lang.reflect.Method.invoke(Method.java:566)
at org.testng.internal.invokers.MethodInvocationHelper.invokeMethod(MethodInvocationHelper.java:135)
at org.testng.internal.invokers.TestInvoker.invokeMethod(TestInvoker.java:673)
at org.testng.internal.invokers.TestInvoker.invokeTestMethod(TestInvoker.java:220)
at org.testng.internal.invokers.MethodRunner.runInSequence(MethodRunner.java:50)
at org.testng.internal.invokers.TestInvoker$MethodInvocationAgent.invoke(TestInvoker.java:945)
at org.testng.internal.invokers.TestInvoker.invokeTestMethods(TestInvoker.java:193)
at org.testng.internal.invokers.TestMethodWorker.invokeTestMethods(TestMethodWorker.java:146)
at org.testng.internal.invokers.TestMethodWorker.run(TestMethodWorker.java:128)
at java.base/java.util.ArrayList.forEach(ArrayList.java:1541)
at org.testng.TestRunner.privateRun(TestRunner.java:808)
at org.testng.TestRunner.run(TestRunner.java:603)
at org.testng.SuiteRunner.runTest(SuiteRunner.java:429)
at org.testng.SuiteRunner.runSequentially(SuiteRunner.java:423)
at org.testng.SuiteRunner.privateRun(SuiteRunner.java:383)
at org.testng.SuiteRunner.run(SuiteRunner.java:326)
at org.testng.SuiteRunnerWorker.runSuite(SuiteRunnerWorker.java:52)
at org.testng.SuiteRunnerWorker.run(SuiteRunnerWorker.java:95)
at org.testng.TestNG.runSuitesSequentially(TestNG.java:1249)
at org.testng.TestNG.runSuitesLocally(TestNG.java:1169)
at org.testng.TestNG.runSuites(TestNG.java:1092)
at org.testng.TestNG.run(TestNG.java:1060)
at org.apache.maven.surefire.testng.TestNGExecutor.run(TestNGExecutor.java:324)
at org.apache.maven.surefire.testng.TestNGXmlTestSuite.execute(TestNGXmlTestSuite.java:74)
at org.apache.maven.surefire.testng.TestNGProvider.invoke(TestNGProvider.java:123)
at org.apache.maven.surefire.booter.ForkedBooter.runSuitesInProcess(ForkedBooter.java:456)
at org.apache.maven.surefire.booter.ForkedBooter.execute(ForkedBooter.java:169)
at org.apache.maven.surefire.booter.ForkedBooter.run(ForkedBooter.java:595)
at org.apache.maven.surefire.booter.ForkedBooter.main(ForkedBooter.java:581)
Caused by: org.openqa.selenium.NoSuchElementException: Cannot locate an element using By.xpath: //div[@class='flex-row--middle']/button[2]
For documentation on this error, please visit: http://seleniumhq.org/exceptions/no_such_element.html
Build info: version: '3.5.3', revision: 'a88d25fe6b', time: '2017-08-29T12:42:44.417Z'
System info: host: 'sqe-IdeaPad-5-15ITL05', ip: '127.0.1.1', os.name: 'Linux', os.arch: 'amd64', os.version: '5.13.0-37-generic', java.version: '11.0.14'
Driver info: driver.version: unknown
at org.openqa.selenium.support.ui.ExpectedConditions.lambda$findElement$0(ExpectedConditions.java:883)
at java.base/java.util.Optional.orElseThrow(Optional.java:408)
at org.openqa.selenium.support.ui.ExpectedConditions.findElement(ExpectedConditions.java:882)
at org.openqa.selenium.support.ui.ExpectedConditions.access$000(ExpectedConditions.java:44)
at org.openqa.selenium.support.ui.ExpectedConditions$7.apply(ExpectedConditions.java:206)
at org.openqa.selenium.support.ui.ExpectedConditions$7.apply(ExpectedConditions.java:202)
at org.openqa.selenium.support.ui.FluentWait.until(FluentWait.java:209)
... 34 more
]]>
            </full-stacktrace>
          </exception> <!-- org.openqa.selenium.TimeoutException -->
          <reporter-output>
          </reporter-output>
        </test-method> <!-- TC_CCP_55 -->
        <test-method is-config="true" signature="tearDown(org.testng.ITestResult)[pri:0, instance:com.ComCate.TestCases.CCP@3fc2959f]" started-at="2022-04-11T21:06:38 IST" name="tearDown" finished-at="2022-04-11T21:06:38 IST" duration-ms="266" status="PASS">
          <params>
            <param index="0">
              <value>
                <![CDATA[[TestResult name=TC_CCP_55 status=FAILURE method=CCP.TC_CCP_55()[pri:56, instance:com.ComCate.TestCases.CCP@3fc2959f] output={null}]]]>
              </value>
            </param>
          </params>
          <reporter-output>
          </reporter-output>
        </test-method> <!-- tearDown -->
        <test-method signature="TC_CCP_56()[pri:57, instance:com.ComCate.TestCases.CCP@3fc2959f]" started-at="2022-04-11T21:06:38 IST" name="TC_CCP_56" finished-at="2022-04-11T21:06:40 IST" duration-ms="2059" status="PASS">
          <reporter-output>
          </reporter-output>
        </test-method> <!-- TC_CCP_56 -->
        <test-method signature="TC_CCP_57()[pri:58, instance:com.ComCate.TestCases.CCP@3fc2959f]" started-at="2022-04-11T21:06:40 IST" name="TC_CCP_57" finished-at="2022-04-11T21:06:42 IST" duration-ms="1126" status="FAIL">
          <exception class="org.openqa.selenium.WebDriverException">
            <message>
              <![CDATA[element click intercepted: Element <button type="button" class="square-btn space-left btn btn-primary">...</button> is not clickable at point (1648, 18). Other element would receive the click: <div role="dialog" tabindex="-1" class="attachments-edit modal-base fade in modal" style="display: block; padding-left: 5px;">...</div>
  (Session info: chrome=99.0.4844.84)
Build info: version: '3.5.3', revision: 'a88d25fe6b', time: '2017-08-29T12:42:44.417Z'
System info: host: 'sqe-IdeaPad-5-15ITL05', ip: '127.0.1.1', os.name: 'Linux', os.arch: 'amd64', os.version: '5.13.0-37-generic', java.version: '11.0.14'
Driver info: org.openqa.selenium.chrome.ChromeDriver
Capabilities [{networkConnectionEnabled=false, chrome={chromedriverVersion=99.0.4844.51 (d537ec02474b5afe23684e7963d538896c63ac77-refs/branch-heads/4844@{#875}), userDataDir=/tmp/.com.google.Chrome.444hCR}, timeouts={implicit=0, pageLoad=300000, script=30000}, pageLoadStrategy=normal, unhandledPromptBehavior=dismiss and notify, strictFileInteractability=false, platform=LINUX, proxy=Proxy(), goog:chromeOptions={debuggerAddress=localhost:45625}, webauthn:extension:credBlob=true, acceptInsecureCerts=false, browserVersion=99.0.4844.84, browserName=chrome, javascriptEnabled=true, platformName=LINUX, setWindowRect=true, webauthn:extension:largeBlob=true, webauthn:virtualAuthenticators=true}]
Session ID: 08b2fc48ca69d538c0df46cedbcbf7dc]]>
            </message>
            <full-stacktrace>
              <![CDATA[org.openqa.selenium.WebDriverException: element click intercepted: Element <button type="button" class="square-btn space-left btn btn-primary">...</button> is not clickable at point (1648, 18). Other element would receive the click: <div role="dialog" tabindex="-1" class="attachments-edit modal-base fade in modal" style="display: block; padding-left: 5px;">...</div>
  (Session info: chrome=99.0.4844.84)
Build info: version: '3.5.3', revision: 'a88d25fe6b', time: '2017-08-29T12:42:44.417Z'
System info: host: 'sqe-IdeaPad-5-15ITL05', ip: '127.0.1.1', os.name: 'Linux', os.arch: 'amd64', os.version: '5.13.0-37-generic', java.version: '11.0.14'
Driver info: org.openqa.selenium.chrome.ChromeDriver
Capabilities [{networkConnectionEnabled=false, chrome={chromedriverVersion=99.0.4844.51 (d537ec02474b5afe23684e7963d538896c63ac77-refs/branch-heads/4844@{#875}), userDataDir=/tmp/.com.google.Chrome.444hCR}, timeouts={implicit=0, pageLoad=300000, script=30000}, pageLoadStrategy=normal, unhandledPromptBehavior=dismiss and notify, strictFileInteractability=false, platform=LINUX, proxy=Proxy(), goog:chromeOptions={debuggerAddress=localhost:45625}, webauthn:extension:credBlob=true, acceptInsecureCerts=false, browserVersion=99.0.4844.84, browserName=chrome, javascriptEnabled=true, platformName=LINUX, setWindowRect=true, webauthn:extension:largeBlob=true, webauthn:virtualAuthenticators=true}]
Session ID: 08b2fc48ca69d538c0df46cedbcbf7dc
at java.base/jdk.internal.reflect.NativeConstructorAccessorImpl.newInstance0(Native Method)
at java.base/jdk.internal.reflect.NativeConstructorAccessorImpl.newInstance(NativeConstructorAccessorImpl.java:62)
at java.base/jdk.internal.reflect.DelegatingConstructorAccessorImpl.newInstance(DelegatingConstructorAccessorImpl.java:45)
at java.base/java.lang.reflect.Constructor.newInstance(Constructor.java:490)
at org.openqa.selenium.remote.http.W3CHttpResponseCodec.createException(W3CHttpResponseCodec.java:185)
at org.openqa.selenium.remote.http.W3CHttpResponseCodec.decode(W3CHttpResponseCodec.java:120)
at org.openqa.selenium.remote.http.W3CHttpResponseCodec.decode(W3CHttpResponseCodec.java:49)
at org.openqa.selenium.remote.HttpCommandExecutor.execute(HttpCommandExecutor.java:164)
at org.openqa.selenium.remote.service.DriverCommandExecutor.execute(DriverCommandExecutor.java:82)
at org.openqa.selenium.remote.RemoteWebDriver.execute(RemoteWebDriver.java:646)
at org.openqa.selenium.remote.RemoteWebElement.execute(RemoteWebElement.java:275)
at org.openqa.selenium.remote.RemoteWebElement.click(RemoteWebElement.java:82)
at com.ComCate.CommonMethods.WebDriverWaits.ClickOn(WebDriverWaits.java:37)
at com.ComCate.TestCases.CCP.TC_CCP_57(CCP.java:1231)
at java.base/jdk.internal.reflect.NativeMethodAccessorImpl.invoke0(Native Method)
at java.base/jdk.internal.reflect.NativeMethodAccessorImpl.invoke(NativeMethodAccessorImpl.java:62)
at java.base/jdk.internal.reflect.DelegatingMethodAccessorImpl.invoke(DelegatingMethodAccessorImpl.java:43)
at java.base/java.lang.reflect.Method.invoke(Method.java:566)
at org.testng.internal.invokers.MethodInvocationHelper.invokeMethod(MethodInvocationHelper.java:135)
at org.testng.internal.invokers.TestInvoker.invokeMethod(TestInvoker.java:673)
at org.testng.internal.invokers.TestInvoker.invokeTestMethod(TestInvoker.java:220)
at org.testng.internal.invokers.MethodRunner.runInSequence(MethodRunner.java:50)
at org.testng.internal.invokers.TestInvoker$MethodInvocationAgent.invoke(TestInvoker.java:945)
at org.testng.internal.invokers.TestInvoker.invokeTestMethods(TestInvoker.java:193)
at org.testng.internal.invokers.TestMethodWorker.invokeTestMethods(TestMethodWorker.java:146)
at org.testng.internal.invokers.TestMethodWorker.run(TestMethodWorker.java:128)
at java.base/java.util.ArrayList.forEach(ArrayList.java:1541)
at org.testng.TestRunner.privateRun(TestRunner.java:808)
at org.testng.TestRunner.run(TestRunner.java:603)
at org.testng.SuiteRunner.runTest(SuiteRunner.java:429)
at org.testng.SuiteRunner.runSequentially(SuiteRunner.java:423)
at org.testng.SuiteRunner.privateRun(SuiteRunner.java:383)
at org.testng.SuiteRunner.run(SuiteRunner.java:326)
at org.testng.SuiteRunnerWorker.runSuite(SuiteRunnerWorker.java:52)
at org.testng.SuiteRunnerWorker.run(SuiteRunnerWorker.java:95)
at org.testng.TestNG.runSuitesSequentially(TestNG.java:1249)
at org.testng.TestNG.runSuitesLocally(TestNG.java:1169)
at org.testng.TestNG.runSuites(TestNG.java:1092)
at org.testng.TestNG.run(TestNG.java:1060)
at org.apache.maven.surefire.testng.TestNGExecutor.run(TestNGExecutor.java:324)
at org.apache.maven.surefire.testng.TestNGXmlTestSuite.execute(TestNGXmlTestSuite.java:74)
at org.apache.maven.surefire.testng.TestNGProvider.invoke(TestNGProvider.java:123)
at org.apache.maven.surefire.booter.ForkedBooter.runSuitesInProcess(ForkedBooter.java:456)
at org.apache.maven.surefire.booter.ForkedBooter.execute(ForkedBooter.java:169)
at org.apache.maven.surefire.booter.ForkedBooter.run(ForkedBooter.java:595)
at org.apache.maven.surefire.booter.ForkedBooter.main(ForkedBooter.java:581)
]]>
            </full-stacktrace>
          </exception> <!-- org.openqa.selenium.WebDriverException -->
          <reporter-output>
          </reporter-output>
        </test-method> <!-- TC_CCP_57 -->
        <test-method is-config="true" signature="tearDown(org.testng.ITestResult)[pri:0, instance:com.ComCate.TestCases.CCP@3fc2959f]" started-at="2022-04-11T21:06:40 IST" name="tearDown" finished-at="2022-04-11T21:06:40 IST" duration-ms="0" status="PASS">
          <params>
            <param index="0">
              <value>
                <![CDATA[[TestResult name=TC_CCP_56 status=SUCCESS method=CCP.TC_CCP_56()[pri:57, instance:com.ComCate.TestCases.CCP@3fc2959f] output={null}]]]>
              </value>
            </param>
          </params>
          <reporter-output>
          </reporter-output>
        </test-method> <!-- tearDown -->
        <test-method is-config="true" signature="tearDown(org.testng.ITestResult)[pri:0, instance:com.ComCate.TestCases.CCP@3fc2959f]" started-at="2022-04-11T21:06:42 IST" name="tearDown" finished-at="2022-04-11T21:06:42 IST" duration-ms="254" status="PASS">
          <params>
            <param index="0">
              <value>
                <![CDATA[[TestResult name=TC_CCP_57 status=FAILURE method=CCP.TC_CCP_57()[pri:58, instance:com.ComCate.TestCases.CCP@3fc2959f] output={null}]]]>
              </value>
            </param>
          </params>
          <reporter-output>
          </reporter-output>
        </test-method> <!-- tearDown -->
        <test-method signature="TC_CCP_58()[pri:59, instance:com.ComCate.TestCases.CCP@3fc2959f]" started-at="2022-04-11T21:06:42 IST" name="TC_CCP_58" finished-at="2022-04-11T21:06:52 IST" duration-ms="10202" status="FAIL">
          <exception class="org.openqa.selenium.TimeoutException">
            <message>
              <![CDATA[Expected condition failed: waiting for visibility of element located by By.xpath: //label[@for='PERFORM_INSPECTION'] (tried for 10 second(s) with 500 MILLISECONDS interval)]]>
            </message>
            <full-stacktrace>
              <![CDATA[org.openqa.selenium.TimeoutException: Expected condition failed: waiting for visibility of element located by By.xpath: //label[@for='PERFORM_INSPECTION'] (tried for 10 second(s) with 500 MILLISECONDS interval)
at org.openqa.selenium.support.ui.WebDriverWait.timeoutException(WebDriverWait.java:80)
at org.openqa.selenium.support.ui.FluentWait.until(FluentWait.java:232)
at com.ComCate.CommonMethods.WebDriverWaits.WaitUntilVisibleWE(WebDriverWaits.java:26)
at com.ComCate.TestCases.CCP.TC_CCP_58(CCP.java:1245)
at java.base/jdk.internal.reflect.NativeMethodAccessorImpl.invoke0(Native Method)
at java.base/jdk.internal.reflect.NativeMethodAccessorImpl.invoke(NativeMethodAccessorImpl.java:62)
at java.base/jdk.internal.reflect.DelegatingMethodAccessorImpl.invoke(DelegatingMethodAccessorImpl.java:43)
at java.base/java.lang.reflect.Method.invoke(Method.java:566)
at org.testng.internal.invokers.MethodInvocationHelper.invokeMethod(MethodInvocationHelper.java:135)
at org.testng.internal.invokers.TestInvoker.invokeMethod(TestInvoker.java:673)
at org.testng.internal.invokers.TestInvoker.invokeTestMethod(TestInvoker.java:220)
at org.testng.internal.invokers.MethodRunner.runInSequence(MethodRunner.java:50)
at org.testng.internal.invokers.TestInvoker$MethodInvocationAgent.invoke(TestInvoker.java:945)
at org.testng.internal.invokers.TestInvoker.invokeTestMethods(TestInvoker.java:193)
at org.testng.internal.invokers.TestMethodWorker.invokeTestMethods(TestMethodWorker.java:146)
at org.testng.internal.invokers.TestMethodWorker.run(TestMethodWorker.java:128)
at java.base/java.util.ArrayList.forEach(ArrayList.java:1541)
at org.testng.TestRunner.privateRun(TestRunner.java:808)
at org.testng.TestRunner.run(TestRunner.java:603)
at org.testng.SuiteRunner.runTest(SuiteRunner.java:429)
at org.testng.SuiteRunner.runSequentially(SuiteRunner.java:423)
at org.testng.SuiteRunner.privateRun(SuiteRunner.java:383)
at org.testng.SuiteRunner.run(SuiteRunner.java:326)
at org.testng.SuiteRunnerWorker.runSuite(SuiteRunnerWorker.java:52)
at org.testng.SuiteRunnerWorker.run(SuiteRunnerWorker.java:95)
at org.testng.TestNG.runSuitesSequentially(TestNG.java:1249)
at org.testng.TestNG.runSuitesLocally(TestNG.java:1169)
at org.testng.TestNG.runSuites(TestNG.java:1092)
at org.testng.TestNG.run(TestNG.java:1060)
at org.apache.maven.surefire.testng.TestNGExecutor.run(TestNGExecutor.java:324)
at org.apache.maven.surefire.testng.TestNGXmlTestSuite.execute(TestNGXmlTestSuite.java:74)
at org.apache.maven.surefire.testng.TestNGProvider.invoke(TestNGProvider.java:123)
at org.apache.maven.surefire.booter.ForkedBooter.runSuitesInProcess(ForkedBooter.java:456)
at org.apache.maven.surefire.booter.ForkedBooter.execute(ForkedBooter.java:169)
at org.apache.maven.surefire.booter.ForkedBooter.run(ForkedBooter.java:595)
at org.apache.maven.surefire.booter.ForkedBooter.main(ForkedBooter.java:581)
Caused by: org.openqa.selenium.NoSuchElementException: Cannot locate an element using By.xpath: //label[@for='PERFORM_INSPECTION']
For documentation on this error, please visit: http://seleniumhq.org/exceptions/no_such_element.html
Build info: version: '3.5.3', revision: 'a88d25fe6b', time: '2017-08-29T12:42:44.417Z'
System info: host: 'sqe-IdeaPad-5-15ITL05', ip: '127.0.1.1', os.name: 'Linux', os.arch: 'amd64', os.version: '5.13.0-37-generic', java.version: '11.0.14'
Driver info: driver.version: unknown
at org.openqa.selenium.support.ui.ExpectedConditions.lambda$findElement$0(ExpectedConditions.java:883)
at java.base/java.util.Optional.orElseThrow(Optional.java:408)
at org.openqa.selenium.support.ui.ExpectedConditions.findElement(ExpectedConditions.java:882)
at org.openqa.selenium.support.ui.ExpectedConditions.access$000(ExpectedConditions.java:44)
at org.openqa.selenium.support.ui.ExpectedConditions$7.apply(ExpectedConditions.java:206)
at org.openqa.selenium.support.ui.ExpectedConditions$7.apply(ExpectedConditions.java:202)
at org.openqa.selenium.support.ui.FluentWait.until(FluentWait.java:209)
... 34 more
]]>
            </full-stacktrace>
          </exception> <!-- org.openqa.selenium.TimeoutException -->
          <reporter-output>
          </reporter-output>
        </test-method> <!-- TC_CCP_58 -->
        <test-method is-config="true" signature="tearDown(org.testng.ITestResult)[pri:0, instance:com.ComCate.TestCases.CCP@3fc2959f]" started-at="2022-04-11T21:06:52 IST" name="tearDown" finished-at="2022-04-11T21:06:52 IST" duration-ms="235" status="PASS">
          <params>
            <param index="0">
              <value>
                <![CDATA[[TestResult name=TC_CCP_58 status=FAILURE method=CCP.TC_CCP_58()[pri:59, instance:com.ComCate.TestCases.CCP@3fc2959f] output={null}]]]>
              </value>
            </param>
          </params>
          <reporter-output>
          </reporter-output>
        </test-method> <!-- tearDown -->
        <test-method signature="TC_CCP_59()[pri:60, instance:com.ComCate.TestCases.CCP@3fc2959f]" started-at="2022-04-11T21:06:52 IST" name="TC_CCP_59" finished-at="2022-04-11T21:07:05 IST" duration-ms="12233" status="FAIL">
          <exception class="org.openqa.selenium.TimeoutException">
            <message>
              <![CDATA[Expected condition failed: waiting for element to be clickable: By.xpath: //label[@for='SCHEDULE_INSPECTION'] (tried for 10 second(s) with 500 MILLISECONDS interval)]]>
            </message>
            <full-stacktrace>
              <![CDATA[org.openqa.selenium.TimeoutException: Expected condition failed: waiting for element to be clickable: By.xpath: //label[@for='SCHEDULE_INSPECTION'] (tried for 10 second(s) with 500 MILLISECONDS interval)
at org.openqa.selenium.support.ui.WebDriverWait.timeoutException(WebDriverWait.java:80)
at org.openqa.selenium.support.ui.FluentWait.until(FluentWait.java:232)
at com.ComCate.CommonMethods.WebDriverWaits.ClickOn(WebDriverWaits.java:35)
at com.ComCate.TestCases.CCP.TC_CCP_59(CCP.java:1261)
at java.base/jdk.internal.reflect.NativeMethodAccessorImpl.invoke0(Native Method)
at java.base/jdk.internal.reflect.NativeMethodAccessorImpl.invoke(NativeMethodAccessorImpl.java:62)
at java.base/jdk.internal.reflect.DelegatingMethodAccessorImpl.invoke(DelegatingMethodAccessorImpl.java:43)
at java.base/java.lang.reflect.Method.invoke(Method.java:566)
at org.testng.internal.invokers.MethodInvocationHelper.invokeMethod(MethodInvocationHelper.java:135)
at org.testng.internal.invokers.TestInvoker.invokeMethod(TestInvoker.java:673)
at org.testng.internal.invokers.TestInvoker.invokeTestMethod(TestInvoker.java:220)
at org.testng.internal.invokers.MethodRunner.runInSequence(MethodRunner.java:50)
at org.testng.internal.invokers.TestInvoker$MethodInvocationAgent.invoke(TestInvoker.java:945)
at org.testng.internal.invokers.TestInvoker.invokeTestMethods(TestInvoker.java:193)
at org.testng.internal.invokers.TestMethodWorker.invokeTestMethods(TestMethodWorker.java:146)
at org.testng.internal.invokers.TestMethodWorker.run(TestMethodWorker.java:128)
at java.base/java.util.ArrayList.forEach(ArrayList.java:1541)
at org.testng.TestRunner.privateRun(TestRunner.java:808)
at org.testng.TestRunner.run(TestRunner.java:603)
at org.testng.SuiteRunner.runTest(SuiteRunner.java:429)
at org.testng.SuiteRunner.runSequentially(SuiteRunner.java:423)
at org.testng.SuiteRunner.privateRun(SuiteRunner.java:383)
at org.testng.SuiteRunner.run(SuiteRunner.java:326)
at org.testng.SuiteRunnerWorker.runSuite(SuiteRunnerWorker.java:52)
at org.testng.SuiteRunnerWorker.run(SuiteRunnerWorker.java:95)
at org.testng.TestNG.runSuitesSequentially(TestNG.java:1249)
at org.testng.TestNG.runSuitesLocally(TestNG.java:1169)
at org.testng.TestNG.runSuites(TestNG.java:1092)
at org.testng.TestNG.run(TestNG.java:1060)
at org.apache.maven.surefire.testng.TestNGExecutor.run(TestNGExecutor.java:324)
at org.apache.maven.surefire.testng.TestNGXmlTestSuite.execute(TestNGXmlTestSuite.java:74)
at org.apache.maven.surefire.testng.TestNGProvider.invoke(TestNGProvider.java:123)
at org.apache.maven.surefire.booter.ForkedBooter.runSuitesInProcess(ForkedBooter.java:456)
at org.apache.maven.surefire.booter.ForkedBooter.execute(ForkedBooter.java:169)
at org.apache.maven.surefire.booter.ForkedBooter.run(ForkedBooter.java:595)
at org.apache.maven.surefire.booter.ForkedBooter.main(ForkedBooter.java:581)
Caused by: org.openqa.selenium.NoSuchElementException: Cannot locate an element using By.xpath: //label[@for='SCHEDULE_INSPECTION']
For documentation on this error, please visit: http://seleniumhq.org/exceptions/no_such_element.html
Build info: version: '3.5.3', revision: 'a88d25fe6b', time: '2017-08-29T12:42:44.417Z'
System info: host: 'sqe-IdeaPad-5-15ITL05', ip: '127.0.1.1', os.name: 'Linux', os.arch: 'amd64', os.version: '5.13.0-37-generic', java.version: '11.0.14'
Driver info: driver.version: unknown
at org.openqa.selenium.support.ui.ExpectedConditions.lambda$findElement$0(ExpectedConditions.java:883)
at java.base/java.util.Optional.orElseThrow(Optional.java:408)
at org.openqa.selenium.support.ui.ExpectedConditions.findElement(ExpectedConditions.java:882)
at org.openqa.selenium.support.ui.ExpectedConditions.access$000(ExpectedConditions.java:44)
at org.openqa.selenium.support.ui.ExpectedConditions$7.apply(ExpectedConditions.java:206)
at org.openqa.selenium.support.ui.ExpectedConditions$7.apply(ExpectedConditions.java:202)
at org.openqa.selenium.support.ui.ExpectedConditions$22.apply(ExpectedConditions.java:644)
at org.openqa.selenium.support.ui.ExpectedConditions$22.apply(ExpectedConditions.java:641)
at org.openqa.selenium.support.ui.FluentWait.until(FluentWait.java:209)
... 34 more
]]>
            </full-stacktrace>
          </exception> <!-- org.openqa.selenium.TimeoutException -->
          <reporter-output>
          </reporter-output>
        </test-method> <!-- TC_CCP_59 -->
        <test-method is-config="true" signature="tearDown(org.testng.ITestResult)[pri:0, instance:com.ComCate.TestCases.CCP@3fc2959f]" started-at="2022-04-11T21:07:05 IST" name="tearDown" finished-at="2022-04-11T21:07:05 IST" duration-ms="246" status="PASS">
          <params>
            <param index="0">
              <value>
                <![CDATA[[TestResult name=TC_CCP_59 status=FAILURE method=CCP.TC_CCP_59()[pri:60, instance:com.ComCate.TestCases.CCP@3fc2959f] output={null}]]]>
              </value>
            </param>
          </params>
          <reporter-output>
          </reporter-output>
        </test-method> <!-- tearDown -->
        <test-method signature="TC_CCP_60()[pri:61, instance:com.ComCate.TestCases.CCP@3fc2959f]" started-at="2022-04-11T21:07:05 IST" name="TC_CCP_60" finished-at="2022-04-11T21:07:15 IST" duration-ms="10234" status="FAIL">
          <exception class="org.openqa.selenium.TimeoutException">
            <message>
              <![CDATA[Expected condition failed: waiting for visibility of element located by By.xpath: //div[@class='inspection-details'] (tried for 10 second(s) with 500 MILLISECONDS interval)]]>
            </message>
            <full-stacktrace>
              <![CDATA[org.openqa.selenium.TimeoutException: Expected condition failed: waiting for visibility of element located by By.xpath: //div[@class='inspection-details'] (tried for 10 second(s) with 500 MILLISECONDS interval)
at org.openqa.selenium.support.ui.WebDriverWait.timeoutException(WebDriverWait.java:80)
at org.openqa.selenium.support.ui.FluentWait.until(FluentWait.java:232)
at com.ComCate.CommonMethods.WebDriverWaits.WaitUntilVisibleWE(WebDriverWaits.java:26)
at com.ComCate.TestCases.CCP.TC_CCP_60(CCP.java:1275)
at java.base/jdk.internal.reflect.NativeMethodAccessorImpl.invoke0(Native Method)
at java.base/jdk.internal.reflect.NativeMethodAccessorImpl.invoke(NativeMethodAccessorImpl.java:62)
at java.base/jdk.internal.reflect.DelegatingMethodAccessorImpl.invoke(DelegatingMethodAccessorImpl.java:43)
at java.base/java.lang.reflect.Method.invoke(Method.java:566)
at org.testng.internal.invokers.MethodInvocationHelper.invokeMethod(MethodInvocationHelper.java:135)
at org.testng.internal.invokers.TestInvoker.invokeMethod(TestInvoker.java:673)
at org.testng.internal.invokers.TestInvoker.invokeTestMethod(TestInvoker.java:220)
at org.testng.internal.invokers.MethodRunner.runInSequence(MethodRunner.java:50)
at org.testng.internal.invokers.TestInvoker$MethodInvocationAgent.invoke(TestInvoker.java:945)
at org.testng.internal.invokers.TestInvoker.invokeTestMethods(TestInvoker.java:193)
at org.testng.internal.invokers.TestMethodWorker.invokeTestMethods(TestMethodWorker.java:146)
at org.testng.internal.invokers.TestMethodWorker.run(TestMethodWorker.java:128)
at java.base/java.util.ArrayList.forEach(ArrayList.java:1541)
at org.testng.TestRunner.privateRun(TestRunner.java:808)
at org.testng.TestRunner.run(TestRunner.java:603)
at org.testng.SuiteRunner.runTest(SuiteRunner.java:429)
at org.testng.SuiteRunner.runSequentially(SuiteRunner.java:423)
at org.testng.SuiteRunner.privateRun(SuiteRunner.java:383)
at org.testng.SuiteRunner.run(SuiteRunner.java:326)
at org.testng.SuiteRunnerWorker.runSuite(SuiteRunnerWorker.java:52)
at org.testng.SuiteRunnerWorker.run(SuiteRunnerWorker.java:95)
at org.testng.TestNG.runSuitesSequentially(TestNG.java:1249)
at org.testng.TestNG.runSuitesLocally(TestNG.java:1169)
at org.testng.TestNG.runSuites(TestNG.java:1092)
at org.testng.TestNG.run(TestNG.java:1060)
at org.apache.maven.surefire.testng.TestNGExecutor.run(TestNGExecutor.java:324)
at org.apache.maven.surefire.testng.TestNGXmlTestSuite.execute(TestNGXmlTestSuite.java:74)
at org.apache.maven.surefire.testng.TestNGProvider.invoke(TestNGProvider.java:123)
at org.apache.maven.surefire.booter.ForkedBooter.runSuitesInProcess(ForkedBooter.java:456)
at org.apache.maven.surefire.booter.ForkedBooter.execute(ForkedBooter.java:169)
at org.apache.maven.surefire.booter.ForkedBooter.run(ForkedBooter.java:595)
at org.apache.maven.surefire.booter.ForkedBooter.main(ForkedBooter.java:581)
Caused by: org.openqa.selenium.NoSuchElementException: Cannot locate an element using By.xpath: //div[@class='inspection-details']
For documentation on this error, please visit: http://seleniumhq.org/exceptions/no_such_element.html
Build info: version: '3.5.3', revision: 'a88d25fe6b', time: '2017-08-29T12:42:44.417Z'
System info: host: 'sqe-IdeaPad-5-15ITL05', ip: '127.0.1.1', os.name: 'Linux', os.arch: 'amd64', os.version: '5.13.0-37-generic', java.version: '11.0.14'
Driver info: driver.version: unknown
at org.openqa.selenium.support.ui.ExpectedConditions.lambda$findElement$0(ExpectedConditions.java:883)
at java.base/java.util.Optional.orElseThrow(Optional.java:408)
at org.openqa.selenium.support.ui.ExpectedConditions.findElement(ExpectedConditions.java:882)
at org.openqa.selenium.support.ui.ExpectedConditions.access$000(ExpectedConditions.java:44)
at org.openqa.selenium.support.ui.ExpectedConditions$7.apply(ExpectedConditions.java:206)
at org.openqa.selenium.support.ui.ExpectedConditions$7.apply(ExpectedConditions.java:202)
at org.openqa.selenium.support.ui.FluentWait.until(FluentWait.java:209)
... 34 more
]]>
            </full-stacktrace>
          </exception> <!-- org.openqa.selenium.TimeoutException -->
          <reporter-output>
          </reporter-output>
        </test-method> <!-- TC_CCP_60 -->
        <test-method is-config="true" signature="tearDown(org.testng.ITestResult)[pri:0, instance:com.ComCate.TestCases.CCP@3fc2959f]" started-at="2022-04-11T21:07:15 IST" name="tearDown" finished-at="2022-04-11T21:07:15 IST" duration-ms="232" status="PASS">
          <params>
            <param index="0">
              <value>
                <![CDATA[[TestResult name=TC_CCP_60 status=FAILURE method=CCP.TC_CCP_60()[pri:61, instance:com.ComCate.TestCases.CCP@3fc2959f] output={null}]]]>
              </value>
            </param>
          </params>
          <reporter-output>
          </reporter-output>
        </test-method> <!-- tearDown -->
        <test-method signature="TC_CCP_61()[pri:62, instance:com.ComCate.TestCases.CCP@3fc2959f]" started-at="2022-04-11T21:07:15 IST" name="TC_CCP_61" finished-at="2022-04-11T21:07:26 IST" duration-ms="10323" status="FAIL">
          <exception class="org.openqa.selenium.TimeoutException">
            <message>
              <![CDATA[Expected condition failed: waiting for visibility of element located by By.xpath: //h2[@class='case-details__case-status'] (tried for 10 second(s) with 500 MILLISECONDS interval)]]>
            </message>
            <full-stacktrace>
              <![CDATA[org.openqa.selenium.TimeoutException: Expected condition failed: waiting for visibility of element located by By.xpath: //h2[@class='case-details__case-status'] (tried for 10 second(s) with 500 MILLISECONDS interval)
at org.openqa.selenium.support.ui.WebDriverWait.timeoutException(WebDriverWait.java:80)
at org.openqa.selenium.support.ui.FluentWait.until(FluentWait.java:232)
at com.ComCate.CommonMethods.WebDriverWaits.WaitUntilVisibleWE(WebDriverWaits.java:26)
at com.ComCate.TestCases.CCP.TC_CCP_61(CCP.java:1291)
at java.base/jdk.internal.reflect.NativeMethodAccessorImpl.invoke0(Native Method)
at java.base/jdk.internal.reflect.NativeMethodAccessorImpl.invoke(NativeMethodAccessorImpl.java:62)
at java.base/jdk.internal.reflect.DelegatingMethodAccessorImpl.invoke(DelegatingMethodAccessorImpl.java:43)
at java.base/java.lang.reflect.Method.invoke(Method.java:566)
at org.testng.internal.invokers.MethodInvocationHelper.invokeMethod(MethodInvocationHelper.java:135)
at org.testng.internal.invokers.TestInvoker.invokeMethod(TestInvoker.java:673)
at org.testng.internal.invokers.TestInvoker.invokeTestMethod(TestInvoker.java:220)
at org.testng.internal.invokers.MethodRunner.runInSequence(MethodRunner.java:50)
at org.testng.internal.invokers.TestInvoker$MethodInvocationAgent.invoke(TestInvoker.java:945)
at org.testng.internal.invokers.TestInvoker.invokeTestMethods(TestInvoker.java:193)
at org.testng.internal.invokers.TestMethodWorker.invokeTestMethods(TestMethodWorker.java:146)
at org.testng.internal.invokers.TestMethodWorker.run(TestMethodWorker.java:128)
at java.base/java.util.ArrayList.forEach(ArrayList.java:1541)
at org.testng.TestRunner.privateRun(TestRunner.java:808)
at org.testng.TestRunner.run(TestRunner.java:603)
at org.testng.SuiteRunner.runTest(SuiteRunner.java:429)
at org.testng.SuiteRunner.runSequentially(SuiteRunner.java:423)
at org.testng.SuiteRunner.privateRun(SuiteRunner.java:383)
at org.testng.SuiteRunner.run(SuiteRunner.java:326)
at org.testng.SuiteRunnerWorker.runSuite(SuiteRunnerWorker.java:52)
at org.testng.SuiteRunnerWorker.run(SuiteRunnerWorker.java:95)
at org.testng.TestNG.runSuitesSequentially(TestNG.java:1249)
at org.testng.TestNG.runSuitesLocally(TestNG.java:1169)
at org.testng.TestNG.runSuites(TestNG.java:1092)
at org.testng.TestNG.run(TestNG.java:1060)
at org.apache.maven.surefire.testng.TestNGExecutor.run(TestNGExecutor.java:324)
at org.apache.maven.surefire.testng.TestNGXmlTestSuite.execute(TestNGXmlTestSuite.java:74)
at org.apache.maven.surefire.testng.TestNGProvider.invoke(TestNGProvider.java:123)
at org.apache.maven.surefire.booter.ForkedBooter.runSuitesInProcess(ForkedBooter.java:456)
at org.apache.maven.surefire.booter.ForkedBooter.execute(ForkedBooter.java:169)
at org.apache.maven.surefire.booter.ForkedBooter.run(ForkedBooter.java:595)
at org.apache.maven.surefire.booter.ForkedBooter.main(ForkedBooter.java:581)
Caused by: org.openqa.selenium.NoSuchElementException: Cannot locate an element using By.xpath: //h2[@class='case-details__case-status']
For documentation on this error, please visit: http://seleniumhq.org/exceptions/no_such_element.html
Build info: version: '3.5.3', revision: 'a88d25fe6b', time: '2017-08-29T12:42:44.417Z'
System info: host: 'sqe-IdeaPad-5-15ITL05', ip: '127.0.1.1', os.name: 'Linux', os.arch: 'amd64', os.version: '5.13.0-37-generic', java.version: '11.0.14'
Driver info: driver.version: unknown
at org.openqa.selenium.support.ui.ExpectedConditions.lambda$findElement$0(ExpectedConditions.java:883)
at java.base/java.util.Optional.orElseThrow(Optional.java:408)
at org.openqa.selenium.support.ui.ExpectedConditions.findElement(ExpectedConditions.java:882)
at org.openqa.selenium.support.ui.ExpectedConditions.access$000(ExpectedConditions.java:44)
at org.openqa.selenium.support.ui.ExpectedConditions$7.apply(ExpectedConditions.java:206)
at org.openqa.selenium.support.ui.ExpectedConditions$7.apply(ExpectedConditions.java:202)
at org.openqa.selenium.support.ui.FluentWait.until(FluentWait.java:209)
... 34 more
]]>
            </full-stacktrace>
          </exception> <!-- org.openqa.selenium.TimeoutException -->
          <reporter-output>
          </reporter-output>
        </test-method> <!-- TC_CCP_61 -->
        <test-method is-config="true" signature="tearDown(org.testng.ITestResult)[pri:0, instance:com.ComCate.TestCases.CCP@3fc2959f]" started-at="2022-04-11T21:07:26 IST" name="tearDown" finished-at="2022-04-11T21:07:26 IST" duration-ms="168" status="PASS">
          <params>
            <param index="0">
              <value>
                <![CDATA[[TestResult name=TC_CCP_61 status=FAILURE method=CCP.TC_CCP_61()[pri:62, instance:com.ComCate.TestCases.CCP@3fc2959f] output={null}]]]>
              </value>
            </param>
          </params>
          <reporter-output>
          </reporter-output>
        </test-method> <!-- tearDown -->
      </class> <!-- com.ComCate.TestCases.CCP -->
      <class name="com.ComCate.TestCases.Login">
        <test-method is-config="true" signature="setExtent()[pri:0, instance:com.ComCate.TestCases.Login@1573f9fc]" started-at="2022-04-11T21:04:12 IST" name="setExtent" finished-at="2022-04-11T21:04:12 IST" duration-ms="108" status="PASS">
          <reporter-output>
          </reporter-output>
        </test-method> <!-- setExtent -->
        <test-method is-config="true" signature="validateSetUp()[pri:0, instance:com.ComCate.TestCases.Login@1573f9fc]" started-at="2022-04-11T21:04:12 IST" name="validateSetUp" finished-at="2022-04-11T21:04:24 IST" depends-on-methods="com.ComCate.ExtentReport.ExtentReportClass.setExtent" duration-ms="11952" status="PASS">
          <reporter-output>
          </reporter-output>
        </test-method> <!-- validateSetUp -->
        <test-method signature="LoginAgency()[pri:0, instance:com.ComCate.TestCases.Login@1573f9fc]" started-at="2022-04-11T21:04:24 IST" name="LoginAgency" finished-at="2022-04-11T21:04:34 IST" duration-ms="10339" status="PASS">
          <reporter-output>
          </reporter-output>
        </test-method> <!-- LoginAgency -->
        <test-method is-config="true" signature="tearDown(org.testng.ITestResult)[pri:0, instance:com.ComCate.TestCases.Login@1573f9fc]" started-at="2022-04-11T21:04:34 IST" name="tearDown" finished-at="2022-04-11T21:04:34 IST" duration-ms="2" status="PASS">
          <params>
            <param index="0">
              <value>
                <![CDATA[[TestResult name=LoginAgency status=SUCCESS method=Login.LoginAgency()[pri:0, instance:com.ComCate.TestCases.Login@1573f9fc] output={null}]]]>
              </value>
            </param>
          </params>
          <reporter-output>
          </reporter-output>
        </test-method> <!-- tearDown -->
        <test-method is-config="true" signature="endReport()[pri:0, instance:com.ComCate.TestCases.Login@1573f9fc]" started-at="2022-04-11T21:07:26 IST" name="endReport" finished-at="2022-04-11T21:07:26 IST" duration-ms="177" status="PASS">
          <reporter-output>
          </reporter-output>
        </test-method> <!-- endReport -->
      </class> <!-- com.ComCate.TestCases.Login -->
    </test> <!-- Test -->
  </suite> <!-- Suite -->
</testng-results>
